number,value,datetime_start,datetime_complete,duration,params_mult_Prosody,params_mult_Scene,params_mult_Timbre,params_mult_Vocal_Tract,params_mult_Voice_Quality,params_tau,user_attrs_effective_rank,user_attrs_effective_rank_avg,user_attrs_group_breakdown,user_attrs_max_group_uniformity,user_attrs_min_group_alignment,user_attrs_min_group_rank,user_attrs_uniformity,user_attrs_uniformity_avg,user_attrs_weight_entropy_ratio,system_attrs_constraints,state
32,0.9136103281974792,2026-07-30 10:37:04.035664,2026-07-30 11:11:44.730026,0 days 00:34:40.694362,1.4046090811298384,0.8765077812349841,0.7620705834852598,1.1683281118044242,0.8933621043480591,0.4175211396407398,2.7561177110671995,3.5652686948776244,"{""Prosody"": {""alignment"": 0.9658759510517121, ""uniformity"": -0.14535880848765373, ""effective_rank"": 2.9097360706329347, ""weight_entropy_ratio"": 0.9814771536385173}, ""Vocal_Tract"": {""alignment"": 0.9680318641662597, ""uniformity"": -0.12127807389944792, ""effective_rank"": 2.856113862991333, ""weight_entropy_ratio"": 0.9630961508104801}, ""Timbre"": {""alignment"": 0.8253546810150146, ""uniformity"": -0.7213131749629974, ""effective_rank"": 4.689940366744995, ""weight_entropy_ratio"": 0.9411491653805468}, ""Voice_Quality"": {""alignment"": 0.9758219039440155, ""uniformity"": -0.09048901297152043, ""effective_rank"": 2.7561177110671995, ""weight_entropy_ratio"": 0.8992754601250728}, ""Scene"": {""alignment"": 0.8329672408103943, ""uniformity"": -0.6915603470802307, ""effective_rank"": 4.61443546295166, ""weight_entropy_ratio"": 0.9355449549354717}}",-0.09048901297152043,0.8253546810150146,2.7561177110671995,-0.09048901297152043,-0.35399988348037004,0.9441085769780178,"[0.20951098702847956, -0.2561177110671995]",COMPLETE
