number,value,datetime_start,datetime_complete,duration,params_sigma_scale_Prosody,params_sigma_scale_Scene,params_sigma_scale_Timbre,params_sigma_scale_Vocal_Tract,params_sigma_scale_Voice_Quality,params_tau,user_attrs_effective_rank,user_attrs_effective_rank_avg,user_attrs_group_breakdown,user_attrs_max_group_uniformity,user_attrs_min_group_alignment,user_attrs_min_group_rank,user_attrs_uniformity,user_attrs_uniformity_avg,user_attrs_weight_entropy_ratio,system_attrs_constraints,state
16,0.91959508228302,2026-07-27 18:38:08.358799,2026-07-27 18:56:22.606696,0 days 00:18:14.247897,0.08826794681525281,0.5170367037813973,0.29985949948953655,0.0757610472911941,0.15885844062240262,0.2691946864313854,2.9173276615142822,3.985265935897827,"{""Prosody"": {""alignment"": 0.9540052938461304, ""uniformity"": -0.3716698026657104, ""effective_rank"": 3.0276256561279298, ""weight_entropy_ratio"": 0.16318884758417326}, ""Vocal_Tract"": {""alignment"": 0.9201623845100403, ""uniformity"": -0.3211419105529785, ""effective_rank"": 2.9657307052612305, ""weight_entropy_ratio"": 0.07941957843158001}, ""Timbre"": {""alignment"": 0.8843208312988281, ""uniformity"": -0.8673954129219055, ""effective_rank"": 5.756002140045166, ""weight_entropy_ratio"": 0.5913429689487435}, ""Voice_Quality"": {""alignment"": 0.915563952922821, ""uniformity"": -0.2745011991262436, ""effective_rank"": 2.9173276615142822, ""weight_entropy_ratio"": 0.5146718921469868}, ""Scene"": {""alignment"": 0.9239229488372803, ""uniformity"": -0.7219594824314117, ""effective_rank"": 5.259643516540527, ""weight_entropy_ratio"": 0.800494920598821}}",-0.2745011991262436,0.8843208312988281,2.9173276615142822,-0.2745011991262436,-0.5113335615396499,0.4298236415420609,"[0.1754988008737564, -0.41732766151428224]",COMPLETE
17,0.8807875075340271,2026-07-27 18:56:26.268656,2026-07-27 19:14:35.453381,0 days 00:18:09.184725,0.15778728064276215,0.2006026444308019,0.11200536253227766,0.07922663233577056,0.11825799819317998,0.30356699404567594,2.962923917770386,3.7349280376434333,"{""Prosody"": {""alignment"": 0.9574292159080505, ""uniformity"": -0.436454119682312, ""effective_rank"": 2.9735229873657225, ""weight_entropy_ratio"": 0.34022069897630225}, ""Vocal_Tract"": {""alignment"": 0.8952861952781678, ""uniformity"": -0.39264142274856567, ""effective_rank"": 2.9838594436645507, ""weight_entropy_ratio"": 0.08127913727124268}, ""Timbre"": {""alignment"": 0.8185205984115601, ""uniformity"": -1.091874647140503, ""effective_rank"": 5.007155590057373, ""weight_entropy_ratio"": 0.12201837859374302}, ""Voice_Quality"": {""alignment"": 0.868952956199646, ""uniformity"": -0.37831140697002413, ""effective_rank"": 2.962923917770386, ""weight_entropy_ratio"": 0.4341661012161034}, ""Scene"": {""alignment"": 0.8637485718727111, ""uniformity"": -0.937803795337677, ""effective_rank"": 4.747178249359131, ""weight_entropy_ratio"": 0.42277032728146274}}",-0.37831140697002413,0.8185205984115601,2.962923917770386,-0.37831140697002413,-0.6474170783758164,0.2800909286677708,"[0.07168859302997588, -0.4629239177703859]",COMPLETE
18,0.9460919137001036,2026-07-27 19:14:39.081509,2026-07-27 19:32:50.651969,0 days 00:18:11.570460,0.08583990125879856,0.16690632586911408,0.03684224906922249,0.09275452518072685,0.07798036296639048,0.2025475153343878,1.3426457309722901,2.3000442514419555,"{""Prosody"": {""alignment"": 0.9988682317733765, ""uniformity"": -0.004872323535382747, ""effective_rank"": 1.359463267326355, ""weight_entropy_ratio"": 0.15127917891222814}, ""Vocal_Tract"": {""alignment"": 0.9985506582260132, ""uniformity"": -0.005565163251012564, ""effective_rank"": 1.3766010665893555, ""weight_entropy_ratio"": 0.11237068802296582}, ""Timbre"": {""alignment"": 0.8025255680084229, ""uniformity"": -0.5848839759826661, ""effective_rank"": 3.6628800582885743, ""weight_entropy_ratio"": 0.0038394791609821332}, ""Voice_Quality"": {""alignment"": 0.9989125370979309, ""uniformity"": -0.0043192060058936475, ""effective_rank"": 1.3426457309722901, ""weight_entropy_ratio"": 0.3421423351210098}, ""Scene"": {""alignment"": 0.9316025733947754, ""uniformity"": -0.590164006948471, ""effective_rank"": 3.758631134033203, ""weight_entropy_ratio"": 0.3338477502871596}}",-0.0043192060058936475,0.8025255680084229,1.3426457309722901,-0.0043192060058936475,-0.2379609351446852,0.1886958863008691,"[0.4456807939941064, 1.1573542690277099]",COMPLETE
19,0.9128356146812439,2026-07-27 19:32:54.187262,2026-07-27 19:51:08.991771,0 days 00:18:14.804509,0.1176665352379522,0.19371889254133842,0.10874814710726367,0.03884724486286967,0.11762850726750856,0.3538789449170431,2.3216746711730956,3.5191430053710935,"{""Prosody"": {""alignment"": 0.9719104409217835, ""uniformity"": -0.10720683589577674, ""effective_rank"": 2.4208230495452883, ""weight_entropy_ratio"": 0.24849873290500754}, ""Vocal_Tract"": {""alignment"": 0.9686121606826782, ""uniformity"": -0.11061428233981133, ""effective_rank"": 2.430719175338745, ""weight_entropy_ratio"": 0.01782252406497005}, ""Timbre"": {""alignment"": 0.7765477776527405, ""uniformity"": -1.2147477459907532, ""effective_rank"": 5.541201705932617, ""weight_entropy_ratio"": 0.10789739627915418}, ""Voice_Quality"": {""alignment"": 0.9761294245719909, ""uniformity"": -0.08957706168293952, ""effective_rank"": 2.3216746711730956, ""weight_entropy_ratio"": 0.4401653727290269}, ""Scene"": {""alignment"": 0.8709782695770264, ""uniformity"": -0.9857053184509277, ""effective_rank"": 4.881296424865723, ""weight_entropy_ratio"": 0.4048643000476013}}",-0.08957706168293952,0.7765477776527405,2.3216746711730956,-0.08957706168293952,-0.5015702488720417,0.243849665205152,"[0.3604229383170605, 0.17832532882690444]",COMPLETE
20,0.9144641904830932,2026-07-27 19:51:12.640628,2026-07-27 20:09:27.831249,0 days 00:18:15.190621,0.052290452912613236,0.21346320421322895,0.06229021464479977,0.09730178628979529,0.07057574796844987,0.22594434828856658,2.9750040340423585,3.893827842712402,"{""Prosody"": {""alignment"": 0.9474942374229431, ""uniformity"": -0.36275037825107576, ""effective_rank"": 3.1219674491882325, ""weight_entropy_ratio"": 0.06471691527763142}, ""Vocal_Tract"": {""alignment"": 0.9352605891227722, ""uniformity"": -0.2427147427201271, ""effective_rank"": 3.01309889793396, ""weight_entropy_ratio"": 0.13009764386670641}, ""Timbre"": {""alignment"": 0.836149275302887, ""uniformity"": -0.9254670023918152, ""effective_rank"": 5.3468732833862305, ""weight_entropy_ratio"": 0.0252007279674515}, ""Voice_Quality"": {""alignment"": 0.9413253474235534, ""uniformity"": -0.2068823155760765, ""effective_rank"": 2.9750040340423585, ""weight_entropy_ratio"": 0.31648542863887913}, ""Scene"": {""alignment"": 0.9120915031433106, ""uniformity"": -0.7884505224227906, ""effective_rank"": 5.01219554901123, ""weight_entropy_ratio"": 0.43796234850938953}}",-0.2068823155760765,0.836149275302887,2.9750040340423585,-0.2068823155760765,-0.5052529922723771,0.1948926128520116,"[0.2431176844239235, -0.47500403404235847]",COMPLETE
21,0.9734726538658143,2026-07-27 20:09:31.471198,2026-07-27 20:27:43.081274,0 days 00:18:11.610076,0.05446472474412588,0.21274121448073247,0.059975957729253196,0.09058354872488107,0.07848073548048334,0.22774439733238916,1.75078688621521,2.272755964279175,"{""Prosody"": {""alignment"": 0.9913040375709534, ""uniformity"": -0.03615380637347698, ""effective_rank"": 1.75078688621521, ""weight_entropy_ratio"": 0.06764364928482013}, ""Vocal_Tract"": {""alignment"": 0.9884982943534851, ""uniformity"": -0.04700153410434723, ""effective_rank"": 1.8389145851135253, ""weight_entropy_ratio"": 0.11242012705099422}, ""Timbre"": {""alignment"": 0.9411751127243042, ""uniformity"": -0.45012529730796813, ""effective_rank"": 3.0463470649719238, ""weight_entropy_ratio"": 0.025659731208759858}, ""Voice_Quality"": {""alignment"": 0.9908475804328919, ""uniformity"": -0.036524037942290304, ""effective_rank"": 1.7655641555786132, ""weight_entropy_ratio"": 0.347755964606402}, ""Scene"": {""alignment"": 0.9555382442474365, ""uniformity"": -0.4416490215063095, ""effective_rank"": 2.9621671295166014, ""weight_entropy_ratio"": 0.44607075537697055}}",-0.03615380637347698,0.9411751127243042,1.75078688621521,-0.03615380637347698,-0.2022907394468784,0.19991004550558933,"[0.41384619362652303, 0.7492131137847899]",COMPLETE
22,0.9602839517593383,2026-07-27 20:27:46.574062,2026-07-27 20:45:57.775933,0 days 00:18:11.201871,0.056046326557393875,0.4203373270029471,0.012079624192899721,0.11894563723435926,0.16168818929828208,0.3289535191262354,1.6469868850708007,2.1344379987716677,"{""Prosody"": {""alignment"": 0.9936862325668335, ""uniformity"": -0.025604249835014345, ""effective_rank"": 1.6477496004104615, ""weight_entropy_ratio"": 0.0727705938265514}, ""Vocal_Tract"": {""alignment"": 0.9930843997001648, ""uniformity"": -0.026431124359369278, ""effective_rank"": 1.6531902027130128, ""weight_entropy_ratio"": 0.18060706486069947}, ""Timbre"": {""alignment"": 0.8438846707344055, ""uniformity"": -0.19803920775651931, ""effective_rank"": 2.6798985958099366, ""weight_entropy_ratio"": 9.67995903987618e-05}, ""Voice_Quality"": {""alignment"": 0.9934436702728271, ""uniformity"": -0.025706222727894783, ""effective_rank"": 1.6469868850708007, ""weight_entropy_ratio"": 0.5102605276584424}, ""Scene"": {""alignment"": 0.9773207855224609, ""uniformity"": -0.35643976509571074, ""effective_rank"": 3.044364709854126, ""weight_entropy_ratio"": 0.738760507061847}}",-0.025604249835014345,0.8438846707344055,1.6469868850708007,-0.025604249835014345,-0.1264441139549017,0.3004990985995878,"[0.42439575016498565, 0.8530131149291993]",COMPLETE
23,0.9376285476684572,2026-07-27 20:46:01.394385,2026-07-27 21:04:23.494835,0 days 00:18:22.100450,0.11983956467317745,0.12051724488063077,0.15836720956845787,0.06590208875320973,0.0527409072600548,0.15470965918206553,2.400649600028992,3.6991451597213745,"{""Prosody"": {""alignment"": 0.9677864837646485, ""uniformity"": -0.2551002100110054, ""effective_rank"": 2.5990438747406004, ""weight_entropy_ratio"": 0.25395583356967444}, ""Vocal_Tract"": {""alignment"": 0.9572289204597473, ""uniformity"": -0.17834293514490127, ""effective_rank"": 2.4970555400848387, ""weight_entropy_ratio"": 0.06429698637235473}, ""Timbre"": {""alignment"": 0.8960668373107911, ""uniformity"": -0.7929677057266236, ""effective_rank"": 5.531452560424805, ""weight_entropy_ratio"": 0.2290972598089716}, ""Voice_Quality"": {""alignment"": 0.961172149181366, ""uniformity"": -0.13908037811517715, ""effective_rank"": 2.400649600028992, ""weight_entropy_ratio"": 0.2608415306906284}, ""Scene"": {""alignment"": 0.9058883476257324, ""uniformity"": -0.8179522228240966, ""effective_rank"": 5.467524223327636, ""weight_entropy_ratio"": 0.20008332978652665}}",-0.13908037811517715,0.8960668373107911,2.400649600028992,-0.13908037811517715,-0.43668869036436087,0.20165498804563114,"[0.31091962188482286, 0.09935039997100814]",COMPLETE
24,0.8974044244289398,2026-07-27 21:04:27.122985,2026-07-27 21:22:39.561257,0 days 00:18:12.438272,0.03440573201920608,0.05974243415682108,0.03674423179909983,0.04089419510235125,0.16720162749074874,0.4289624795578265,1.4181569910049439,2.431744691848755,"{""Prosody"": {""alignment"": 0.9965878915786743, ""uniformity"": -0.013909424664452672, ""effective_rank"": 1.4786168813705445, ""weight_entropy_ratio"": 0.030703091370574306}, ""Vocal_Tract"": {""alignment"": 0.9972734475135803, ""uniformity"": -0.009832873186096549, ""effective_rank"": 1.4181569910049439, ""weight_entropy_ratio"": 0.021361891569549426}, ""Timbre"": {""alignment"": 0.6109470093250274, ""uniformity"": -0.7896202182769776, ""effective_rank"": 3.9526220893859865, ""weight_entropy_ratio"": 0.004072422845694866}, ""Voice_Quality"": {""alignment"": 0.9973890829086304, ""uniformity"": -0.01068762901239097, ""effective_rank"": 1.4257131290435792, ""weight_entropy_ratio"": 0.5182762575683573}, ""Scene"": {""alignment"": 0.8848246908187867, ""uniformity"": -0.739012610912323, ""effective_rank"": 3.8836143684387205, ""weight_entropy_ratio"": 0.0540165722861808}}",-0.009832873186096549,0.6109470093250274,1.4181569910049439,-0.009832873186096549,-0.3126125512104482,0.1256860471280713,"[0.44016712681390346, 1.0818430089950561]",COMPLETE
25,0.9295602469444276,2026-07-27 21:22:43.133800,2026-07-27 21:40:56.528193,0 days 00:18:13.394393,0.22031311430082862,0.26007274925384055,0.23993696563120026,0.21422354133252472,0.05877186999331626,0.3048312917580118,2.359960708618164,3.9131046924591066,"{""Prosody"": {""alignment"": 0.9884800720214844, ""uniformity"": -0.04621080137789249, ""effective_rank"": 2.369943552017212, ""weight_entropy_ratio"": 0.4829735252759667}, ""Vocal_Tract"": {""alignment"": 0.9866140508651733, ""uniformity"": -0.047340281307697296, ""effective_rank"": 2.397538909912109, ""weight_entropy_ratio"": 0.42694951196582537}, ""Timbre"": {""alignment"": 0.8257352948188782, ""uniformity"": -1.2458091735839845, ""effective_rank"": 6.459537086486816, ""weight_entropy_ratio"": 0.45149608807238584}, ""Voice_Quality"": {""alignment"": 0.9885686564445496, ""uniformity"": -0.04447286710143089, ""effective_rank"": 2.359960708618164, ""weight_entropy_ratio"": 0.2864759783320028}, ""Scene"": {""alignment"": 0.858403160572052, ""uniformity"": -1.1065258979797363, ""effective_rank"": 5.97854320526123, ""weight_entropy_ratio"": 0.5421842011043221}}",-0.04447286710143089,0.8257352948188782,2.359960708618164,-0.04447286710143089,-0.49807180427014835,0.4380158609501006,"[0.4055271328985691, 0.1400392913818358]",COMPLETE
26,0.9512476882934571,2026-07-27 21:41:00.060908,2026-07-27 21:59:21.884564,0 days 00:18:21.823656,0.06630327382515137,0.13684525489341848,0.07025083703685991,0.08182655821615774,0.20994042482999484,0.1818314424590689,2.117067131996155,3.465468143463135,"{""Prosody"": {""alignment"": 0.9903334045410156, ""uniformity"": -0.04077877774834633, ""effective_rank"": 2.202549443244934, ""weight_entropy_ratio"": 0.10662512838540383}, ""Vocal_Tract"": {""alignment"": 0.9907241916656494, ""uniformity"": -0.034931813292205335, ""effective_rank"": 2.117067131996155, ""weight_entropy_ratio"": 0.09037068164806542}, ""Timbre"": {""alignment"": 0.8811328387260438, ""uniformity"": -0.8509559774398804, ""effective_rank"": 5.7149756813049315, ""weight_entropy_ratio"": 0.0400178072419574}, ""Voice_Quality"": {""alignment"": 0.9904020190238952, ""uniformity"": -0.037468278966844085, ""effective_rank"": 2.15974347114563, ""weight_entropy_ratio"": 0.5720984240389009}, ""Scene"": {""alignment"": 0.9036459875106811, ""uniformity"": -0.7728990197181702, ""effective_rank"": 5.133004989624023, ""weight_entropy_ratio"": 0.2547986915126016}}",-0.034931813292205335,0.8811328387260438,2.117067131996155,-0.034931813292205335,-0.3474067734330893,0.21278214656538583,"[0.41506818670779466, 0.3829328680038451]",COMPLETE
27,0.9859597120285034,2026-07-27 21:59:25.465801,2026-07-27 22:17:37.476730,0 days 00:18:12.010929,0.12640732592010534,0.5190504897491457,0.11958869262412346,0.11086643650618769,0.09444858068509719,0.08621158859788314,1.5820673131942748,2.379311957359314,"{""Prosody"": {""alignment"": 0.995992317199707, ""uniformity"": -0.01671999793499708, ""effective_rank"": 1.5820673131942748, ""weight_entropy_ratio"": 0.26408885647815794}, ""Vocal_Tract"": {""alignment"": 0.9957038426399231, ""uniformity"": -0.017731955721974373, ""effective_rank"": 1.5969570541381837, ""weight_entropy_ratio"": 0.1599900357814592}, ""Timbre"": {""alignment"": 0.9682760953903198, ""uniformity"": -0.3834688210487366, ""effective_rank"": 3.6794887733459474, ""weight_entropy_ratio"": 0.13598826437869851}, ""Voice_Quality"": {""alignment"": 0.9955458545684814, ""uniformity"": -0.017094565890729427, ""effective_rank"": 1.591967258453369, ""weight_entropy_ratio"": 0.3885922875596714}, ""Scene"": {""alignment"": 0.9742804503440857, ""uniformity"": -0.27570144534111024, ""effective_rank"": 3.446079387664795, ""weight_entropy_ratio"": 0.8002227467023834}}",-0.01671999793499708,0.9682760953903198,1.5820673131942748,-0.01671999793499708,-0.14214335718750953,0.34977643818007415,"[0.43328000206500294, 0.9179326868057252]",COMPLETE
28,0.9087991695404054,2026-07-27 22:17:40.985087,2026-07-27 22:35:51.812605,0 days 00:18:10.827518,0.03846584597715292,0.2180471074186813,0.08739597225854477,0.33749133191884284,0.21111490992000173,0.3877072861137728,1.9613017082214355,3.6154343051910405,"{""Prosody"": {""alignment"": 0.9895367074012756, ""uniformity"": -0.042329885587096217, ""effective_rank"": 2.068328022956848, ""weight_entropy_ratio"": 0.04019971799683291}, ""Vocal_Tract"": {""alignment"": 0.9908318257331848, ""uniformity"": -0.036660906970500944, ""effective_rank"": 1.9954070901870729, ""weight_entropy_ratio"": 0.6265879221500975}, ""Timbre"": {""alignment"": 0.7655586361885071, ""uniformity"": -1.367168550491333, ""effective_rank"": 6.217762928009034, ""weight_entropy_ratio"": 0.06645618756892546}, ""Voice_Quality"": {""alignment"": 0.9910703587532044, ""uniformity"": -0.03508175268769264, ""effective_rank"": 1.9613017082214355, ""weight_entropy_ratio"": 0.5797786869557012}, ""Scene"": {""alignment"": 0.8069983196258544, ""uniformity"": -1.1889080095291138, ""effective_rank"": 5.83437177658081, ""weight_entropy_ratio"": 0.42808500351678824}}",-0.03508175268769264,0.7655586361885071,1.9613017082214355,-0.03508175268769264,-0.5340298210531473,0.34822150363766907,"[0.41491824731230736, 0.5386982917785645]",COMPLETE
29,0.856475076675415,2026-07-27 22:35:55.433281,2026-07-27 22:50:16.431305,0 days 00:14:20.998024,0.7911791666908145,0.03316138528387594,0.16905305104660948,0.2775117699253121,0.45603647825706656,0.5221979811266355,2.0270256423950195,3.8456637248992918,"{""Prosody"": {""alignment"": 0.986774914264679, ""uniformity"": -0.048377609699964526, ""effective_rank"": 2.027958002090454, ""weight_entropy_ratio"": 0.9086254804217357}, ""Vocal_Tract"": {""alignment"": 0.9861387395858765, ""uniformity"": -0.0517791910469532, ""effective_rank"": 2.0576704216003416, ""weight_entropy_ratio"": 0.5436897605804736}, ""Timbre"": {""alignment"": 0.6997157156467437, ""uniformity"": -1.6777714109420776, ""effective_rank"": 6.777838611602784, ""weight_entropy_ratio"": 0.26480115183668856}, ""Voice_Quality"": {""alignment"": 0.9865746212005615, ""uniformity"": -0.04858339212834835, ""effective_rank"": 2.0270256423950195, ""weight_entropy_ratio"": 0.7587881259398764}, ""Scene"": {""alignment"": 0.6231713926792145, ""uniformity"": -1.460012722015381, ""effective_rank"": 6.337825946807861, ""weight_entropy_ratio"": 0.014614214348697524}}",-0.048377609699964526,0.6231713926792145,2.0270256423950195,-0.048377609699964526,-0.657304865166545,0.49810374662549434,"[0.4016223903000355, 0.4729743576049805]",COMPLETE
30,0.9476539478302003,2026-07-27 22:50:21.579119,2026-07-27 23:08:42.219273,0 days 00:18:20.640154,0.3572704892216106,0.07157541622416802,0.0458162983233061,0.15974642758121782,0.02956911981848334,0.40829110000497865,1.718345799446106,2.2174851179122923,"{""Prosody"": {""alignment"": 0.9922176671028137, ""uniformity"": -0.0318088711053133, ""effective_rank"": 1.718345799446106, ""weight_entropy_ratio"": 0.6738653609893503}, ""Vocal_Tract"": {""alignment"": 0.991614236831665, ""uniformity"": -0.033616839796304705, ""effective_rank"": 1.747987322807312, ""weight_entropy_ratio"": 0.2957947508703407}, ""Timbre"": {""alignment"": 0.8575071525573731, ""uniformity"": -0.5842705714702606, ""effective_rank"": 2.951255855560303, ""weight_entropy_ratio"": 0.008848196366242088}, ""Voice_Quality"": {""alignment"": 0.9909549117088318, ""uniformity"": -0.03391294986009598, ""effective_rank"": 1.7543624353408813, ""weight_entropy_ratio"": 0.15332525394158047}, ""Scene"": {""alignment"": 0.9059757709503173, ""uniformity"": -0.6559627962112426, ""effective_rank"": 2.9154741764068604, ""weight_entropy_ratio"": 0.07933748250086105}}",-0.0318088711053133,0.8575071525573731,1.718345799446106,-0.0318088711053133,-0.2679144056886435,0.24223420893367492,"[0.4181911288946867, 0.781654200553894]",COMPLETE
31,0.9467737588882446,2026-07-27 23:08:47.432486,2026-07-27 23:27:00.709084,0 days 00:18:13.276598,0.1792635108810958,0.5909693221977269,0.46389188246714835,0.051544977547019935,0.0975784105598378,0.2686702974891555,2.1099397420883177,3.439462682723999,"{""Prosody"": {""alignment"": 0.903250789642334, ""uniformity"": -0.7223408710956574, ""effective_rank"": 4.095073671340942, ""weight_entropy_ratio"": 0.3943306732929009}, ""Vocal_Tract"": {""alignment"": 0.9704134845733643, ""uniformity"": -0.11431164577603341, ""effective_rank"": 2.395105299949646, ""weight_entropy_ratio"": 0.03323867488334175}, ""Timbre"": {""alignment"": 0.9158197855949402, ""uniformity"": -0.7130159413814545, ""effective_rank"": 4.782146759033203, ""weight_entropy_ratio"": 0.7953493946291914}, ""Voice_Quality"": {""alignment"": 0.981261694431305, ""uniformity"": -0.0705416090041399, ""effective_rank"": 2.1099397420883177, ""weight_entropy_ratio"": 0.3934970122648289}, ""Scene"": {""alignment"": 0.9631230401992797, ""uniformity"": -0.5160501873493195, ""effective_rank"": 3.8150479412078857, ""weight_entropy_ratio"": 0.8398424666328677}}",-0.0705416090041399,0.903250789642334,2.1099397420883177,-0.0705416090041399,-0.427252050921321,0.49125164434062607,"[0.3794583909958601, 0.3900602579116823]",COMPLETE
