number,value,datetime_start,datetime_complete,duration,params_sigma_scale_Prosody,params_sigma_scale_Scene,params_sigma_scale_Timbre,params_sigma_scale_Vocal_Tract,params_sigma_scale_Voice_Quality,params_tau,user_attrs_effective_rank,user_attrs_effective_rank_avg,user_attrs_group_breakdown,user_attrs_max_group_uniformity,user_attrs_min_group_alignment,user_attrs_min_group_rank,user_attrs_uniformity,user_attrs_uniformity_avg,user_attrs_weight_entropy_ratio,system_attrs_constraints,state
48,0.9199514775276185,2026-07-28 04:19:58.197632,2026-07-28 04:38:10.190528,0 days 00:18:11.992896,0.28870894837122046,0.5385323715230697,0.47825847736580657,0.08413223658823897,0.2564187157243436,0.8698647479117296,1.9629776239395142,3.0612420558929445,"{""Prosody"": {""alignment"": 0.9906946182250976, ""uniformity"": -0.03229737853631377, ""effective_rank"": 2.014019556045532, ""weight_entropy_ratio"": 0.5871342715015688}, ""Vocal_Tract"": {""alignment"": 0.988838927745819, ""uniformity"": -0.035711662881076335, ""effective_rank"": 2.046337523460388, ""weight_entropy_ratio"": 0.10067482719276571}, ""Timbre"": {""alignment"": 0.8065774393081665, ""uniformity"": -1.1596863508224486, ""effective_rank"": 4.8868171501159665, ""weight_entropy_ratio"": 0.8147651464793445}, ""Voice_Quality"": {""alignment"": 0.992974693775177, ""uniformity"": -0.028193929474800827, ""effective_rank"": 1.9629776239395142, ""weight_entropy_ratio"": 0.6276246449813708}, ""Scene"": {""alignment"": 0.8206717085838318, ""uniformity"": -1.018737668991089, ""effective_rank"": 4.396058425903321, ""weight_entropy_ratio"": 0.8281875712622289}}",-0.028193929474800827,0.8065774393081665,1.9629776239395142,-0.028193929474800827,-0.45492539814114574,0.5916772922834557,"[0.4218060705251992, 0.5370223760604858]",COMPLETE
49,0.9621519932746888,2026-07-28 04:38:13.892316,2026-07-28 04:56:30.769342,0 days 00:18:16.877026,0.01652012778140503,0.1783799110195794,0.35701360250181546,0.06222051695225471,0.0756102636691133,0.20510033928531557,1.8009536457061768,2.8396888303756715,"{""Prosody"": {""alignment"": 0.9901739358901978, ""uniformity"": -0.0345385105162859, ""effective_rank"": 1.9215350914001466, ""weight_entropy_ratio"": 0.0069189607089828395}, ""Vocal_Tract"": {""alignment"": 0.9892319202423095, ""uniformity"": -0.030125934379175306, ""effective_rank"": 1.878964581489563, ""weight_entropy_ratio"": 0.04973939963010948}, ""Timbre"": {""alignment"": 0.9259272336959838, ""uniformity"": -0.6741583013534546, ""effective_rank"": 4.304000568389893, ""weight_entropy_ratio"": 0.667434062358243}, ""Voice_Quality"": {""alignment"": 0.9909706211090088, ""uniformity"": -0.02793514870572835, ""effective_rank"": 1.8009536457061768, ""weight_entropy_ratio"": 0.34022569622374327}, ""Scene"": {""alignment"": 0.9144562554359436, ""uniformity"": -0.7517810893058777, ""effective_rank"": 4.292990264892578, ""weight_entropy_ratio"": 0.3745497644468154}}",-0.02793514870572835,0.9144562554359436,1.8009536457061768,-0.02793514870572835,-0.30370779685210436,0.2877735766735788,"[0.4220648512942717, 0.6990463542938232]",COMPLETE
50,0.924022204875946,2026-07-28 04:56:34.408733,2026-07-28 05:14:42.616789,0 days 00:18:08.208056,0.06625544057451219,0.08378060614615769,0.05285703841456963,0.14139824693160188,0.4780676949068516,0.49169476278744806,1.7041617965698241,2.5595948486328126,"{""Prosody"": {""alignment"": 0.993749852180481, ""uniformity"": -0.027648042850196362, ""effective_rank"": 1.7041617965698241, ""weight_entropy_ratio"": 0.10084497788622249}, ""Vocal_Tract"": {""alignment"": 0.9918071937561035, ""uniformity"": -0.02977493353188038, ""effective_rank"": 1.7307256841659546, ""weight_entropy_ratio"": 0.23234644546565464}, ""Timbre"": {""alignment"": 0.7936329817771912, ""uniformity"": -0.846988844871521, ""effective_rank"": 3.847420778274536, ""weight_entropy_ratio"": 0.015504095345594436}, ""Voice_Quality"": {""alignment"": 0.9927234983444214, ""uniformity"": -0.028715099915862085, ""effective_rank"": 1.7218846368789673, ""weight_entropy_ratio"": 0.778329593896081}, ""Scene"": {""alignment"": 0.8481974983215332, ""uniformity"": -0.857967131137848, ""effective_rank"": 3.79378134727478, ""weight_entropy_ratio"": 0.1104899523114537}}",-0.027648042850196362,0.7936329817771912,1.7041617965698241,-0.027648042850196362,-0.35821881046146153,0.24750301298100122,"[0.42235195714980367, 0.7958382034301759]",COMPLETE
51,0.9152154593467712,2026-07-28 05:14:46.244578,2026-07-28 05:32:56.187028,0 days 00:18:09.942450,0.10672912301841263,0.39913938857909204,0.25136532144233803,0.073500431636557,0.45106284576219935,0.2540926261839251,2.3371393489837646,3.605038810729981,"{""Prosody"": {""alignment"": 0.8736138892173767, ""uniformity"": -0.7534342384338379, ""effective_rank"": 3.547082710266113, ""weight_entropy_ratio"": 0.21077899476395612}, ""Vocal_Tract"": {""alignment"": 0.9448050117492676, ""uniformity"": -0.22694862842559815, ""effective_rank"": 2.5575765705108644, ""weight_entropy_ratio"": 0.07432508621844151}, ""Timbre"": {""alignment"": 0.8665791702270508, ""uniformity"": -1.0055694150924683, ""effective_rank"": 5.1451910209655765, ""weight_entropy_ratio"": 0.46584840139567346}, ""Voice_Quality"": {""alignment"": 0.9651408791542053, ""uniformity"": -0.12926331505179406, ""effective_rank"": 2.3371393489837646, ""weight_entropy_ratio"": 0.7597172065420706}, ""Scene"": {""alignment"": 0.9259383463859558, ""uniformity"": -0.7434781885147095, ""effective_rank"": 4.438204402923584, ""weight_entropy_ratio"": 0.7154755322232232}}",-0.12926331505179406,0.8665791702270508,2.3371393489837646,-0.12926331505179406,-0.5717387571036816,0.445229044228673,"[0.32073668494820595, 0.16286065101623537]",COMPLETE
52,0.9190905570983887,2026-07-28 05:32:59.769312,2026-07-28 05:51:08.360693,0 days 00:18:08.591381,0.14012711580409032,0.4806353779797521,0.22612023251044905,0.09989970839127882,0.69438481889248,0.29345793789292834,2.906716089248657,4.557633081436158,"{""Prosody"": {""alignment"": 0.9680728483200073, ""uniformity"": -0.14181618452072142, ""effective_rank"": 3.0265657615661623, ""weight_entropy_ratio"": 0.30240858311395835}, ""Vocal_Tract"": {""alignment"": 0.9674583220481873, ""uniformity"": -0.1336450582742691, ""effective_rank"": 3.0020160484313965, ""weight_entropy_ratio"": 0.14183513653285384}, ""Timbre"": {""alignment"": 0.786998770236969, ""uniformity"": -1.3788023042678832, ""effective_rank"": 7.735170516967774, ""weight_entropy_ratio"": 0.4069816690061725}, ""Voice_Quality"": {""alignment"": 0.9665508794784546, ""uniformity"": -0.12153835609555244, ""effective_rank"": 2.906716089248657, ""weight_entropy_ratio"": 0.8478748755178895}, ""Scene"": {""alignment"": 0.9063719654083252, ""uniformity"": -0.8552882623672485, ""effective_rank"": 6.117696990966797, ""weight_entropy_ratio"": 0.783452861283143}}",-0.12153835609555244,0.786998770236969,2.906716089248657,-0.12153835609555244,-0.526218033105135,0.49651062509080346,"[0.32846164390444754, -0.4067160892486572]",COMPLETE
53,0.9783086748123169,2026-07-28 05:51:11.942248,2026-07-28 06:09:24.475260,0 days 00:18:12.533012,0.08950105921129776,0.7137436818610855,0.15204255056194105,0.07583004481800555,0.24148236726800434,0.1563899638149883,1.529440269470215,2.381866979598999,"{""Prosody"": {""alignment"": 0.9974306464195252, ""uniformity"": -0.013074858244508505, ""effective_rank"": 1.5362907123565674, ""weight_entropy_ratio"": 0.16677303526668236}, ""Vocal_Tract"": {""alignment"": 0.9963841915130616, ""uniformity"": -0.014301096759736539, ""effective_rank"": 1.5443881702423097, ""weight_entropy_ratio"": 0.07451003156103284}, ""Timbre"": {""alignment"": 0.9240067100524902, ""uniformity"": -0.573986908197403, ""effective_rank"": 4.116368436813355, ""weight_entropy_ratio"": 0.214867498742538}, ""Voice_Quality"": {""alignment"": 0.9969797277450562, ""uniformity"": -0.012335583139210939, ""effective_rank"": 1.529440269470215, ""weight_entropy_ratio"": 0.6093627232682526}, ""Scene"": {""alignment"": 0.9767420983314514, ""uniformity"": -0.2745758497714996, ""effective_rank"": 3.1828473091125487, ""weight_entropy_ratio"": 0.8968737797823825}}",-0.012335583139210939,0.9240067100524902,1.529440269470215,-0.012335583139210939,-0.17765485922247173,0.39247741372417766,"[0.43766441686078905, 0.9705597305297851]",COMPLETE
54,0.909336968421936,2026-07-28 06:09:28.041116,2026-07-28 06:27:36.002275,0 days 00:18:07.961159,0.11009094458071933,0.2843318679095703,0.10455829782645264,0.04276276582059228,0.32472053871877204,0.22432720943942183,2.453546085357666,4.163330532073974,"{""Prosody"": {""alignment"": 0.9477781963348388, ""uniformity"": -0.37520272672176364, ""effective_rank"": 2.7541621208190916, ""weight_entropy_ratio"": 0.22052424013301827}, ""Vocal_Tract"": {""alignment"": 0.9487906980514527, ""uniformity"": -0.22282483369112016, ""effective_rank"": 2.5417714309692383, ""weight_entropy_ratio"": 0.019890512907673928}, ""Timbre"": {""alignment"": 0.842743513584137, ""uniformity"": -1.1116933846473693, ""effective_rank"": 6.817335643768311, ""weight_entropy_ratio"": 0.09532920329867083}, ""Voice_Quality"": {""alignment"": 0.9336844968795777, ""uniformity"": -0.21687890738248825, ""effective_rank"": 2.453546085357666, ""weight_entropy_ratio"": 0.6794977284262826}, ""Scene"": {""alignment"": 0.8736879372596741, ""uniformity"": -0.9706288933753967, ""effective_rank"": 6.249837379455567, ""weight_entropy_ratio"": 0.5779688547274858}}",-0.21687890738248825,0.842743513584137,2.453546085357666,-0.21687890738248825,-0.5794457491636276,0.31864210789862635,"[0.23312109261751177, 0.04645391464233395]",COMPLETE
55,0.9495144791603087,2026-07-28 06:27:39.584938,2026-07-28 06:45:41.879112,0 days 00:18:02.294174,0.18559730100277302,0.2872144583090736,0.08810923919105257,0.04435615711759519,0.3171455000462006,0.23490063619823115,1.8934642314910888,3.003882425308228,"{""Prosody"": {""alignment"": 0.9919107627868652, ""uniformity"": -0.034386313296854494, ""effective_rank"": 1.9462459802627563, ""weight_entropy_ratio"": 0.4133508945042808}, ""Vocal_Tract"": {""alignment"": 0.9886141252517701, ""uniformity"": -0.040310941971838474, ""effective_rank"": 2.011864800453186, ""weight_entropy_ratio"": 0.025527793144089813}, ""Timbre"": {""alignment"": 0.862535617351532, ""uniformity"": -0.9058642196655273, ""effective_rank"": 4.843463287353516, ""weight_entropy_ratio"": 0.06810346323371261}, ""Voice_Quality"": {""alignment"": 0.9923642897605895, ""uniformity"": -0.029522328898310662, ""effective_rank"": 1.8934642314910888, ""weight_entropy_ratio"": 0.6757855492903728}, ""Scene"": {""alignment"": 0.9121476006507874, ""uniformity"": -0.7620583271980286, ""effective_rank"": 4.324373826980591, ""weight_entropy_ratio"": 0.5633321080237114}}",-0.029522328898310662,0.862535617351532,1.8934642314910888,-0.029522328898310662,-0.3544284262061119,0.3492199616392335,"[0.4204776711016893, 0.6065357685089112]",COMPLETE
56,0.9590802240371704,2026-07-28 06:45:45.593914,2026-07-28 07:03:55.876237,0 days 00:18:10.282323,0.05185718974640421,0.36417807357786985,0.10755535245156858,0.03376007995819077,0.1462814244642027,0.11434539604829135,2.4530488872528076,3.456344429016113,"{""Prosody"": {""alignment"": 0.9763982391357422, ""uniformity"": -0.23785517394542693, ""effective_rank"": 2.907657823562622, ""weight_entropy_ratio"": 0.060743757569979046}, ""Vocal_Tract"": {""alignment"": 0.9608154106140137, ""uniformity"": -0.16779497012495995, ""effective_rank"": 2.6431704330444337, ""weight_entropy_ratio"": 0.011005777226621903}, ""Timbre"": {""alignment"": 0.9233197021484375, ""uniformity"": -0.6784818291664123, ""effective_rank"": 5.243077487945556, ""weight_entropy_ratio"": 0.11181945203894941}, ""Voice_Quality"": {""alignment"": 0.9672320675849915, ""uniformity"": -0.1198631078004837, ""effective_rank"": 2.4530488872528076, ""weight_entropy_ratio"": 0.4812545653799021}, ""Scene"": {""alignment"": 0.9676357007026672, ""uniformity"": -0.43650229334831236, ""effective_rank"": 4.034767513275146, ""weight_entropy_ratio"": 0.6733385392407015}}",-0.1198631078004837,0.9233197021484375,2.4530488872528076,-0.1198631078004837,-0.3280994748771191,0.2676324182912308,"[0.3301368921995163, 0.046951112747192436]",COMPLETE
57,0.9454809989929198,2026-07-28 07:03:59.459719,2026-07-28 07:22:01.528154,0 days 00:18:02.068435,0.07769885089354812,0.14845463991353905,0.07704696547798329,0.05975540686948614,0.19452460684905148,0.18283137824836565,2.487301287651062,3.6351967706680295,"{""Prosody"": {""alignment"": 0.9858095145225525, ""uniformity"": -0.0647461100667715, ""effective_rank"": 2.5036139249801637, ""weight_entropy_ratio"": 0.13595102642608095}, ""Vocal_Tract"": {""alignment"": 0.9830061030387879, ""uniformity"": -0.0635899344086647, ""effective_rank"": 2.5100061178207396, ""weight_entropy_ratio"": 0.04655848647845266}, ""Timbre"": {""alignment"": 0.872606987953186, ""uniformity"": -0.8136598443984986, ""effective_rank"": 5.6866233444213865, ""weight_entropy_ratio"": 0.046789870141244076}, ""Voice_Quality"": {""alignment"": 0.9826291418075561, ""uniformity"": -0.061075645461678506, ""effective_rank"": 2.487301287651062, ""weight_entropy_ratio"": 0.5632487522790863}, ""Scene"": {""alignment"": 0.9033532476425171, ""uniformity"": -0.7308980059623719, ""effective_rank"": 4.9884391784667965, ""weight_entropy_ratio"": 0.29099787152972373}}",-0.061075645461678506,0.872606987953186,2.487301287651062,-0.061075645461678506,-0.346793908059597,0.21670920137091756,"[0.3889243545383215, 0.012698712348937935]",COMPLETE
58,0.9163391036987305,2026-07-28 07:22:05.169447,2026-07-28 07:40:18.717950,0 days 00:18:13.548503,0.12649833148108325,0.10891141559592325,0.056127485970776075,0.05134691492687293,0.17734966775597621,0.35003673767786436,2.146690526008606,3.547042471885681,"{""Prosody"": {""alignment"": 0.9906444239616394, ""uniformity"": -0.0390224315226078, ""effective_rank"": 2.146690526008606, ""weight_entropy_ratio"": 0.26820454032674595}, ""Vocal_Tract"": {""alignment"": 0.9892516040802002, ""uniformity"": -0.0413943138718605, ""effective_rank"": 2.1762373495101928, ""weight_entropy_ratio"": 0.03298059120771945}, ""Timbre"": {""alignment"": 0.8002321338653564, ""uniformity"": -1.0590148496627807, ""effective_rank"": 5.655155048370362, ""weight_entropy_ratio"": 0.021427335751355418}, ""Voice_Quality"": {""alignment"": 0.9892087483406067, ""uniformity"": -0.04102992504835129, ""effective_rank"": 2.1718988943099977, ""weight_entropy_ratio"": 0.5450553372810022}, ""Scene"": {""alignment"": 0.8123586082458496, ""uniformity"": -1.0818728756904603, ""effective_rank"": 5.585230541229248, ""weight_entropy_ratio"": 0.17591756304006193}}",-0.0390224315226078,0.8002321338653564,2.146690526008606,-0.0390224315226078,-0.45246687915921213,0.208717073521377,"[0.4109775684773922, 0.353309473991394]",COMPLETE
59,0.9021593928337097,2026-07-28 07:40:22.361278,2026-07-28 07:58:29.589257,0 days 00:18:07.227979,0.2517313389164721,0.2269563587805968,0.10825174719466289,0.09329776488063585,0.2967964652370218,0.4141459448770195,2.1316310596466064,3.6152977533340453,"{""Prosody"": {""alignment"": 0.9884432148933411, ""uniformity"": -0.053255774676799775, ""effective_rank"": 2.194948420524597, ""weight_entropy_ratio"": 0.5345106456859292}, ""Vocal_Tract"": {""alignment"": 0.985469400882721, ""uniformity"": -0.05685465559363365, ""effective_rank"": 2.2244007110595705, ""weight_entropy_ratio"": 0.12037042144688748}, ""Timbre"": {""alignment"": 0.7593634605407715, ""uniformity"": -1.4099704694747925, ""effective_rank"": 5.966665229797363, ""weight_entropy_ratio"": 0.11316000970136293}, ""Voice_Quality"": {""alignment"": 0.9877690625190735, ""uniformity"": -0.04830628700554371, ""effective_rank"": 2.1316310596466064, ""weight_entropy_ratio"": 0.6626624920848418}, ""Scene"": {""alignment"": 0.7897518253326417, ""uniformity"": -1.242032401561737, ""effective_rank"": 5.55884334564209, ""weight_entropy_ratio"": 0.4712536783485952}}",-0.04830628700554371,0.7593634605407715,2.1316310596466064,-0.04830628700554371,-0.5620839176625013,0.3803914494535233,"[0.40169371299445633, 0.3683689403533936]",COMPLETE
60,0.9004024717807769,2026-07-28 07:58:33.268333,2026-07-28 08:16:39.205162,0 days 00:18:05.936829,0.025958421831952884,0.18630807581388587,0.03805716634516014,0.04264792099555245,0.04676717618805053,0.5913659233514257,1.6844275188446045,2.4998438816070556,"{""Prosody"": {""alignment"": 0.9953443336486817, ""uniformity"": -0.01961008697748184, ""effective_rank"": 1.7401786470413207, ""weight_entropy_ratio"": 0.01623891395982673}, ""Vocal_Tract"": {""alignment"": 0.9957180881500244, ""uniformity"": -0.017692324556410313, ""effective_rank"": 1.6881777906417847, ""weight_entropy_ratio"": 0.022601387865321256}, ""Timbre"": {""alignment"": 0.6778057992458344, ""uniformity"": -0.7171847200393677, ""effective_rank"": 3.6500745105743406, ""weight_entropy_ratio"": 0.0046248543747834815}, ""Voice_Quality"": {""alignment"": 0.995516083240509, ""uniformity"": -0.01782658737152815, ""effective_rank"": 1.6844275188446045, ""weight_entropy_ratio"": 0.23163153581703588}, ""Scene"": {""alignment"": 0.8376280546188355, ""uniformity"": -0.9093549847602844, ""effective_rank"": 3.7363609409332277, ""weight_entropy_ratio"": 0.3672622181959662}}",-0.017692324556410313,0.6778057992458344,1.6844275188446045,-0.017692324556410313,-0.33633374074101446,0.1284717820425867,"[0.4323076754435897, 0.8155724811553955]",COMPLETE
61,0.9289634842872619,2026-07-28 08:16:42.775550,2026-07-28 08:35:02.799817,0 days 00:18:20.024267,0.11234113923557175,0.3984209566655461,0.1854997024518581,0.07622102028923342,0.6084820342968442,0.26221972156318485,2.4978960514068604,4.161400470733643,"{""Prosody"": {""alignment"": 0.9816445064544678, ""uniformity"": -0.07644316479563713, ""effective_rank"": 2.635051603317261, ""weight_entropy_ratio"": 0.23242982998300793}, ""Vocal_Tract"": {""alignment"": 0.9839467835426331, ""uniformity"": -0.06523954510688781, ""effective_rank"": 2.517811851501465, ""weight_entropy_ratio"": 0.0770758506794775}, ""Timbre"": {""alignment"": 0.8139100122451782, ""uniformity"": -1.2990481901168822, ""effective_rank"": 6.967037448883056, ""weight_entropy_ratio"": 0.30451953230140427}, ""Voice_Quality"": {""alignment"": 0.984057011604309, ""uniformity"": -0.06345709964632988, ""effective_rank"": 2.4978960514068604, ""weight_entropy_ratio"": 0.8198212030750522}, ""Scene"": {""alignment"": 0.8812591075897217, ""uniformity"": -0.9931683325767517, ""effective_rank"": 6.1892053985595705, ""weight_entropy_ratio"": 0.7118475075628744}}",-0.06345709964632988,0.8139100122451782,2.4978960514068604,-0.06345709964632988,-0.49947126644849776,0.4291387847203633,"[0.3865429003536701, 0.0021039485931395596]",COMPLETE
62,0.9536483335494994,2026-07-28 08:35:06.387917,2026-07-28 08:53:12.170028,0 days 00:18:05.782111,0.14138433693608488,0.4981746260107534,0.33819272374962717,0.10965539095649593,0.3762645153400447,0.3141618285373665,1.9163296508789063,3.1419838886260987,"{""Prosody"": {""alignment"": 0.9904614353179931, ""uniformity"": -0.03733030151575804, ""effective_rank"": 1.9393018627166747, ""weight_entropy_ratio"": 0.3053011296531777}, ""Vocal_Tract"": {""alignment"": 0.9905799865722656, ""uniformity"": -0.0377605414763093, ""effective_rank"": 1.9634736442565919, ""weight_entropy_ratio"": 0.16094829221781762}, ""Timbre"": {""alignment"": 0.8925409722328186, ""uniformity"": -0.9007332110404969, ""effective_rank"": 5.073059062957764, ""weight_entropy_ratio"": 0.6390108237865975}, ""Voice_Quality"": {""alignment"": 0.9911017727851867, ""uniformity"": -0.03404260788112879, ""effective_rank"": 1.9163296508789063, ""weight_entropy_ratio"": 0.7203336899940854}, ""Scene"": {""alignment"": 0.9035575008392334, ""uniformity"": -0.8063779211044312, ""effective_rank"": 4.817755222320557, ""weight_entropy_ratio"": 0.800538254629371}}",-0.03404260788112879,0.8925409722328186,1.9163296508789063,-0.03404260788112879,-0.3632489166036248,0.5252264380562098,"[0.4159573921188712, 0.5836703491210937]",COMPLETE
63,0.8897783832550048,2026-07-28 08:53:15.869876,2026-07-28 09:11:21.966476,0 days 00:18:06.096600,0.0875618968103108,0.28638822251870055,0.2615324232518026,0.057099511343600716,0.5194064226661649,0.7073238237274221,2.109626779556274,3.5684112462997435,"{""Prosody"": {""alignment"": 0.9850248956680298, ""uniformity"": -0.06008930802345276, ""effective_rank"": 2.109626779556274, ""weight_entropy_ratio"": 0.1542076404340205}, ""Vocal_Tract"": {""alignment"": 0.981101906299591, ""uniformity"": -0.06393696062266827, ""effective_rank"": 2.137234716415405, ""weight_entropy_ratio"": 0.043731957813274554}, ""Timbre"": {""alignment"": 0.739410400390625, ""uniformity"": -1.6105205535888671, ""effective_rank"": 5.983376636505127, ""weight_entropy_ratio"": 0.502940768611963}, ""Voice_Quality"": {""alignment"": 0.9832630276679992, ""uniformity"": -0.06048034898936749, ""effective_rank"": 2.1125048208236694, ""weight_entropy_ratio"": 0.7794794626038916}, ""Scene"": {""alignment"": 0.7600916862487793, ""uniformity"": -1.3917287588119507, ""effective_rank"": 5.499313278198242, ""weight_entropy_ratio"": 0.5802915067438787}}",-0.06008930802345276,0.739410400390625,2.109626779556274,-0.06008930802345276,-0.6373511860072613,0.41213026724140567,"[0.38991069197654726, 0.3903732204437258]",COMPLETE
