number,value,datetime_start,datetime_complete,duration,params_sigma_scale_Prosody,params_sigma_scale_Scene,params_sigma_scale_Timbre,params_sigma_scale_Vocal_Tract,params_sigma_scale_Voice_Quality,params_tau,user_attrs_effective_rank,user_attrs_effective_rank_avg,user_attrs_group_breakdown,user_attrs_max_group_uniformity,user_attrs_min_group_alignment,user_attrs_min_group_rank,user_attrs_uniformity,user_attrs_uniformity_avg,user_attrs_weight_entropy_ratio,system_attrs_constraints,state
32,0.9000323295593262,2026-07-27 23:27:05.863108,2026-07-27 23:45:20.601550,0 days 00:18:14.738442,0.10685287069529387,0.43609492512572695,0.24820504576035238,0.07702597286837347,0.43123132934984965,0.2694829570831719,2.7753210163116453,4.647819139480592,"{""Prosody"": {""alignment"": 0.8651383113861084, ""uniformity"": -0.7764418554306031, ""effective_rank"": 4.59274206161499, ""weight_entropy_ratio"": 0.2100993967337992}, ""Vocal_Tract"": {""alignment"": 0.9439850163459778, ""uniformity"": -0.2289636218547821, ""effective_rank"": 3.0410726356506346, ""weight_entropy_ratio"": 0.0762626813007319}, ""Timbre"": {""alignment"": 0.8237737131118774, ""uniformity"": -1.2062575650215148, ""effective_rank"": 6.923209476470947, ""weight_entropy_ratio"": 0.47113516923551374}, ""Voice_Quality"": {""alignment"": 0.957098376750946, ""uniformity"": -0.15253631815314292, ""effective_rank"": 2.7753210163116453, ""weight_entropy_ratio"": 0.7447863519156652}, ""Scene"": {""alignment"": 0.9101662302017212, ""uniformity"": -0.8193286299705506, ""effective_rank"": 5.906750507354737, ""weight_entropy_ratio"": 0.7432918825998872}}",-0.15253631815314292,0.8237737131118774,2.7753210163116453,-0.15253631815314292,-0.6367055980861187,0.44911509635711944,"[0.2974636818468571, -0.2753210163116453]",COMPLETE
33,0.9857486038208008,2026-07-27 23:45:25.645054,2026-07-28 00:03:41.019338,0 days 00:18:15.374284,0.1709041534018786,0.7702986344242666,0.31040280872802256,0.039079485980974056,0.06279611278150321,0.13730873422506282,1.7079187726974487,2.1486011323928835,"{""Prosody"": {""alignment"": 0.9910731101036072, ""uniformity"": -0.036572380531579254, ""effective_rank"": 1.708000316619873, ""weight_entropy_ratio"": 0.37125504882496285}, ""Vocal_Tract"": {""alignment"": 0.9908648586273193, ""uniformity"": -0.03690603023394942, ""effective_rank"": 1.7091498470306397, ""weight_entropy_ratio"": 0.01961646061963891}, ""Timbre"": {""alignment"": 0.973231942653656, ""uniformity"": -0.2902593797445297, ""effective_rank"": 2.8574192333221435, ""weight_entropy_ratio"": 0.5985845973780465}, ""Voice_Quality"": {""alignment"": 0.9904877662658691, ""uniformity"": -0.0369168121367693, ""effective_rank"": 1.7079187726974487, ""weight_entropy_ratio"": 0.2986817235566451}, ""Scene"": {""alignment"": 0.9830853414535522, ""uniformity"": -0.20515510320663452, ""effective_rank"": 2.7605174922943116, ""weight_entropy_ratio"": 0.9147013944263308}}",-0.036572380531579254,0.973231942653656,1.7079187726974487,-0.036572380531579254,-0.12116194117069246,0.44056784496112483,"[0.41342761946842077, 0.7920812273025513]",COMPLETE
34,0.9918386650085449,2026-07-28 00:03:46.235118,2026-07-28 00:22:04.315796,0 days 00:18:18.080678,0.279877171401727,0.5815467807112444,0.1372546742930691,0.05463615127436015,0.19378955637061798,0.054456531482231035,1.4130472135543823,2.1405631256103517,"{""Prosody"": {""alignment"": 0.9988006615638733, ""uniformity"": -0.005899328198283911, ""effective_rank"": 1.4130472135543823, ""weight_entropy_ratio"": 0.5835558349119807}, ""Vocal_Tract"": {""alignment"": 0.9983648061752319, ""uniformity"": -0.006626400901004672, ""effective_rank"": 1.4281164741516112, ""weight_entropy_ratio"": 0.0420579171812225}, ""Timbre"": {""alignment"": 0.9725149369239807, ""uniformity"": -0.3351353180408478, ""effective_rank"": 3.598187274932861, ""weight_entropy_ratio"": 0.17875373056920096}, ""Voice_Quality"": {""alignment"": 0.9984924340248108, ""uniformity"": -0.0060454901587218045, ""effective_rank"": 1.414832320213318, ""weight_entropy_ratio"": 0.5608065208041215}, ""Scene"": {""alignment"": 0.9910204863548279, ""uniformity"": -0.13583438590168953, ""effective_rank"": 2.8486323451995847, ""weight_entropy_ratio"": 0.8533716543502563}}",-0.005899328198283911,0.9725149369239807,1.4130472135543823,-0.005899328198283911,-0.09790818464010954,0.44370913156335634,"[0.4441006718017161, 1.0869527864456177]",COMPLETE
35,0.9516959691047668,2026-07-28 00:22:09.428311,2026-07-28 00:40:21.432410,0 days 00:18:12.004099,0.0429143029625736,0.27132113562330246,0.208665837419308,0.11475731811766686,0.13459495518845396,0.22969654199538078,2.5921767473220827,3.8370374135971073,"{""Prosody"": {""alignment"": 0.9823890686035156, ""uniformity"": -0.07229345090687275, ""effective_rank"": 2.6721704149246217, ""weight_entropy_ratio"": 0.040454148830741304}, ""Vocal_Tract"": {""alignment"": 0.9826699113845825, ""uniformity"": -0.06843954723328352, ""effective_rank"": 2.638338017463684, ""weight_entropy_ratio"": 0.1658869675913911}, ""Timbre"": {""alignment"": 0.8932067251205444, ""uniformity"": -0.8215757536888123, ""effective_rank"": 5.871099281311035, ""weight_entropy_ratio"": 0.37685877934093087}, ""Voice_Quality"": {""alignment"": 0.9840193438529968, ""uniformity"": -0.06175839185714722, ""effective_rank"": 2.5921767473220827, ""weight_entropy_ratio"": 0.45963163452815353}, ""Scene"": {""alignment"": 0.9161947965621948, ""uniformity"": -0.7414735245704651, ""effective_rank"": 5.411402606964112, ""weight_entropy_ratio"": 0.5576584459672067}}",-0.06175839185714722,0.8932067251205444,2.5921767473220827,-0.06175839185714722,-0.35310813365131616,0.3200979952516847,"[0.3882416081428528, -0.0921767473220827]",COMPLETE
36,0.9613198542594908,2026-07-28 00:40:26.047167,2026-07-28 00:58:33.583365,0 days 00:18:07.536198,0.07779524026230783,0.1351422570142086,0.5085466862132452,0.15903236488059083,0.2531152375004432,0.30366563412595216,1.8731327867507934,2.9129686794281002,"{""Prosody"": {""alignment"": 0.995981616973877, ""uniformity"": -0.017264356054365635, ""effective_rank"": 1.8731327867507934, ""weight_entropy_ratio"": 0.11934225159681124}, ""Vocal_Tract"": {""alignment"": 0.9954862928390503, ""uniformity"": -0.0177823612652719, ""effective_rank"": 1.8849218082427979, ""weight_entropy_ratio"": 0.28045146335368387}, ""Timbre"": {""alignment"": 0.9325158071517944, ""uniformity"": -0.6035176312923431, ""effective_rank"": 4.3674716377258305, ""weight_entropy_ratio"": 0.8312646396094798}, ""Voice_Quality"": {""alignment"": 0.9954035973548889, ""uniformity"": -0.017628917247056963, ""effective_rank"": 1.8895026445388794, ""weight_entropy_ratio"": 0.6180208239016163}, ""Scene"": {""alignment"": 0.8872119569778443, ""uniformity"": -0.8650346732139588, ""effective_rank"": 4.549814519882202, ""weight_entropy_ratio"": 0.24282367824845605}}",-0.017264356054365635,0.8872119569778443,1.8731327867507934,-0.017264356054365635,-0.3042455878145993,0.41838057134200946,"[0.43273564394563435, 0.6268672132492066]",COMPLETE
37,0.7914201431274414,2026-07-28 00:58:38.439374,2026-07-28 01:17:00.937801,0 days 00:18:22.498427,0.15296310745109726,0.021768337082613227,0.08897455534493406,0.024074319389117724,0.11742054452952322,0.4840428135774716,1.8522242307662964,3.543473294258118,"{""Prosody"": {""alignment"": 0.9894925093650818, ""uniformity"": -0.04241413906216621, ""effective_rank"": 1.9420158433914185, ""weight_entropy_ratio"": 0.3229057464459805}, ""Vocal_Tract"": {""alignment"": 0.9826733946800232, ""uniformity"": -0.05917542174458504, ""effective_rank"": 2.108095574378967, ""weight_entropy_ratio"": 0.005179227153765234}, ""Timbre"": {""alignment"": 0.6954107642173767, ""uniformity"": -1.6323356819152832, ""effective_rank"": 6.07289529800415, ""weight_entropy_ratio"": 0.06937059203047172}, ""Voice_Quality"": {""alignment"": 0.9914187026023865, ""uniformity"": -0.033904372453689574, ""effective_rank"": 1.8522242307662964, ""weight_entropy_ratio"": 0.4350058977407457}, ""Scene"": {""alignment"": 0.29810534477233885, ""uniformity"": -1.4849969339370728, ""effective_rank"": 5.742135524749756, ""weight_entropy_ratio"": 0.0029857008544299946}}",-0.033904372453689574,0.29810534477233885,1.8522242307662964,-0.033904372453689574,-0.6505653098225593,0.16708943284507863,"[0.41609562754631046, 0.6477757692337036]",COMPLETE
38,0.9478691668510436,2026-07-28 01:17:04.889241,2026-07-28 01:35:13.666193,0 days 00:18:08.776952,0.09603802407039937,0.6531620822457097,0.2995859078513463,0.032536018209438335,0.024581083104415206,0.3815174792680274,2.019964504241943,3.6548380632400512,"{""Prosody"": {""alignment"": 0.9925724911689758, ""uniformity"": -0.030928780287504197, ""effective_rank"": 2.019964504241943, ""weight_entropy_ratio"": 0.1816840384369646}, ""Vocal_Tract"": {""alignment"": 0.9905404233932495, ""uniformity"": -0.04015449851751327, ""effective_rank"": 2.13366162776947, ""weight_entropy_ratio"": 0.010992865383900187}, ""Timbre"": {""alignment"": 0.8398263740539551, ""uniformity"": -1.0343107843399049, ""effective_rank"": 6.6930241203308105, ""weight_entropy_ratio"": 0.5836983980258722}, ""Voice_Quality"": {""alignment"": 0.9902144622802734, ""uniformity"": -0.03732490934431553, ""effective_rank"": 2.0868323802948, ""weight_entropy_ratio"": 0.12758585633530842}, ""Scene"": {""alignment"": 0.9261920833587647, ""uniformity"": -0.6602879202365876, ""effective_rank"": 5.340707683563233, ""weight_entropy_ratio"": 0.8761900230058953}}",-0.030928780287504197,0.8398263740539551,2.019964504241943,-0.030928780287504197,-0.360601378545165,0.35603023623758817,"[0.41907121971249583, 0.4800354957580568]",COMPLETE
39,0.9124095640182495,2026-07-28 01:35:17.520113,2026-07-28 01:53:27.840829,0 days 00:18:10.320716,0.030498639182116247,0.43707075966066894,0.02843869440960786,0.07168707614764457,0.3965410540423335,0.4465895387865816,1.7131536674499512,2.5997753896713256,"{""Prosody"": {""alignment"": 0.9924926543235779, ""uniformity"": -0.030916530936956406, ""effective_rank"": 1.8208866596221924, ""weight_entropy_ratio"": 0.02430181100314804}, ""Vocal_Tract"": {""alignment"": 0.9922031545639038, ""uniformity"": -0.02881962038576603, ""effective_rank"": 1.8003485536575317, ""weight_entropy_ratio"": 0.07254414281642607}, ""Timbre"": {""alignment"": 0.6514127874374389, ""uniformity"": -0.5931577229499817, ""effective_rank"": 3.7807308769226076, ""weight_entropy_ratio"": 0.0015592084167104947}, ""Voice_Quality"": {""alignment"": 0.9944588589668274, ""uniformity"": -0.021627927236258983, ""effective_rank"": 1.7131536674499512, ""weight_entropy_ratio"": 0.726321780424814}, ""Scene"": {""alignment"": 0.9314803647994995, ""uniformity"": -0.5728783214092255, ""effective_rank"": 3.8837571907043458, ""weight_entropy_ratio"": 0.736477768574071}}",-0.021627927236258983,0.6514127874374389,1.7131536674499512,-0.021627927236258983,-0.24948002458363774,0.3122409422470339,"[0.428372072763741, 0.7868463325500488]",COMPLETE
40,0.9619286465644836,2026-07-28 01:53:31.656736,2026-07-28 02:11:55.368762,0 days 00:18:23.712026,0.40078674574890377,0.32511698199738814,0.1321896885601787,0.017480604552860744,0.04356403641834957,0.1187705159485326,2.3833932638168336,3.747212592124939,"{""Prosody"": {""alignment"": 0.9885734820365906, ""uniformity"": -0.06265737801790237, ""effective_rank"": 2.449535789489746, ""weight_entropy_ratio"": 0.7180065103011767}, ""Vocal_Tract"": {""alignment"": 0.9742771816253663, ""uniformity"": -0.09325497686862945, ""effective_rank"": 2.812365093231201, ""weight_entropy_ratio"": 0.002926931592660566}, ""Timbre"": {""alignment"": 0.9080367541313171, ""uniformity"": -0.8412107717990875, ""effective_rank"": 6.218801574707031, ""weight_entropy_ratio"": 0.16097815284291403}, ""Voice_Quality"": {""alignment"": 0.9857897400856018, ""uniformity"": -0.054242360293865206, ""effective_rank"": 2.3833932638168336, ""weight_entropy_ratio"": 0.2271194172905532}, ""Scene"": {""alignment"": 0.9529660749435425, ""uniformity"": -0.5735530495643616, ""effective_rank"": 4.871967239379883, ""weight_entropy_ratio"": 0.6239728908765866}}",-0.054242360293865206,0.9080367541313171,2.3833932638168336,-0.054242360293865206,-0.3249837073087692,0.3466007805807782,"[0.3957576397061348, 0.11660673618316642]",COMPLETE
41,0.9141430335044862,2026-07-28 02:11:59.137747,2026-07-28 02:30:12.064527,0 days 00:18:12.926780,0.11063109498520338,0.4576543743313267,0.2665397172265939,0.08135732604013797,0.4685928887278875,0.26012654816203495,2.7902903079986574,4.376942657470703,"{""Prosody"": {""alignment"": 0.9120741724967957, ""uniformity"": -0.4918956881761551, ""effective_rank"": 4.076072731018066, ""weight_entropy_ratio"": 0.2310312526895498}, ""Vocal_Tract"": {""alignment"": 0.9337124562263489, ""uniformity"": -0.2566150903701782, ""effective_rank"": 3.1110214138031007, ""weight_entropy_ratio"": 0.08565588370793968}, ""Timbre"": {""alignment"": 0.8674083757400513, ""uniformity"": -0.978756308555603, ""effective_rank"": 6.467369728088379, ""weight_entropy_ratio"": 0.5060805879776906}, ""Voice_Quality"": {""alignment"": 0.9477308106422424, ""uniformity"": -0.18296416223049164, ""effective_rank"": 2.7902903079986574, ""weight_entropy_ratio"": 0.7596853700937258}, ""Scene"": {""alignment"": 0.9097893524169922, ""uniformity"": -0.7603003430366516, ""effective_rank"": 5.439959106445312, ""weight_entropy_ratio"": 0.7645010455067939}}",-0.18296416223049164,0.8674083757400513,2.7902903079986574,-0.18296416223049164,-0.534106318473816,0.46939082799514,"[0.26703583776950834, -0.2902903079986574]",COMPLETE
42,0.9644971203804016,2026-07-28 02:30:15.896405,2026-07-28 02:48:26.996800,0 days 00:18:11.100395,0.23809484965366262,0.45684493165042567,0.19674361061416326,0.10059945342697124,0.5343211895208227,0.22773600961618673,1.5964882373809814,2.6764442749023436,"{""Prosody"": {""alignment"": 0.9965211772918701, ""uniformity"": -0.01854392159730196, ""effective_rank"": 1.6537556982040404, ""weight_entropy_ratio"": 0.5155568710622415}, ""Vocal_Tract"": {""alignment"": 0.9962225818634033, ""uniformity"": -0.015465925708413123, ""effective_rank"": 1.609869179725647, ""weight_entropy_ratio"": 0.1350620630634195}, ""Timbre"": {""alignment"": 0.8699555349349976, ""uniformity"": -0.8136268591880799, ""effective_rank"": 4.850231895446777, ""weight_entropy_ratio"": 0.344500344216775}, ""Voice_Quality"": {""alignment"": 0.9961375284194947, ""uniformity"": -0.014619062319397927, ""effective_rank"": 1.5964882373809814, ""weight_entropy_ratio"": 0.7909729314600039}, ""Scene"": {""alignment"": 0.9636487793922425, ""uniformity"": -0.4165839159488678, ""effective_rank"": 3.6718763637542726, ""weight_entropy_ratio"": 0.7614083823408361}}",-0.014619062319397927,0.8699555349349976,1.5964882373809814,-0.014619062319397927,-0.2557679369524121,0.5095001184286551,"[0.4353809376806021, 0.9035117626190186]",COMPLETE
43,0.9673973698616029,2026-07-28 02:48:30.785300,2026-07-28 03:06:44.441554,0 days 00:18:13.656254,0.1383816985297971,0.35667739525445674,0.3839174657322706,0.1291306321107671,0.3816477278582255,0.27512688493233,1.759247007369995,2.75971995639801,"{""Prosody"": {""alignment"": 0.9919741821289062, ""uniformity"": -0.03596747554838657, ""effective_rank"": 1.7872742080688477, ""weight_entropy_ratio"": 0.29984025803474745}, ""Vocal_Tract"": {""alignment"": 0.9929813528060913, ""uniformity"": -0.030908829532563686, ""effective_rank"": 1.768438925743103, ""weight_entropy_ratio"": 0.20115353946983675}, ""Timbre"": {""alignment"": 0.9227175307273865, ""uniformity"": -0.6171927666664123, ""effective_rank"": 4.310674228668213, ""weight_entropy_ratio"": 0.7067333024342993}, ""Voice_Quality"": {""alignment"": 0.9919907379150391, ""uniformity"": -0.029734300971031188, ""effective_rank"": 1.759247007369995, ""weight_entropy_ratio"": 0.7135530167839406}, ""Scene"": {""alignment"": 0.9373230457305908, ""uniformity"": -0.6234596931934356, ""effective_rank"": 4.1729654121398925, ""weight_entropy_ratio"": 0.671956108626878}}",-0.029734300971031188,0.9227175307273865,1.759247007369995,-0.029734300971031188,-0.2674526131823659,0.5186472450699405,"[0.4202656990289688, 0.7407529926300049]",COMPLETE
44,0.9747818493843079,2026-07-28 03:06:48.243965,2026-07-28 03:25:14.461300,0 days 00:18:26.217335,0.06943580771422912,0.6514636129560101,0.5841338721090547,0.04749962626960417,0.15132924850176036,0.3370104739319617,2.0427781391143798,2.817887659072876,"{""Prosody"": {""alignment"": 0.9873192930221557, ""uniformity"": -0.051529637798666955, ""effective_rank"": 2.138979892730713, ""weight_entropy_ratio"": 0.11659911895807769}, ""Vocal_Tract"": {""alignment"": 0.9884648656845093, ""uniformity"": -0.04586988732218742, ""effective_rank"": 2.083778533935547, ""weight_entropy_ratio"": 0.02822249646176078}, ""Timbre"": {""alignment"": 0.9501480960845947, ""uniformity"": -0.4426302206516266, ""effective_rank"": 3.957677097320557, ""weight_entropy_ratio"": 0.8805056445148522}, ""Voice_Quality"": {""alignment"": 0.9890957355499268, ""uniformity"": -0.0421497917175293, ""effective_rank"": 2.0427781391143798, ""weight_entropy_ratio"": 0.504820131864338}, ""Scene"": {""alignment"": 0.9588812565803528, ""uniformity"": -0.4442624413967133, ""effective_rank"": 3.8662246322631835, ""weight_entropy_ratio"": 0.8745854646282284}}",-0.0421497917175293,0.9501480960845947,2.0427781391143798,-0.0421497917175293,-0.20528839577734467,0.4809465712854514,"[0.4078502082824707, 0.4572218608856202]",COMPLETE
45,0.9920332579612732,2026-07-28 03:25:18.159325,2026-07-28 03:43:29.784847,0 days 00:18:11.625522,0.09949953879414908,0.24176801156386213,0.7656845947180954,0.06503881394514267,0.5883550949627484,0.1919382816525812,1.570002760887146,2.042688980102539,"{""Prosody"": {""alignment"": 0.9957014274597168, ""uniformity"": -0.017267565075308085, ""effective_rank"": 1.5795801019668578, ""weight_entropy_ratio"": 0.19937656857454594}, ""Vocal_Tract"": {""alignment"": 0.9958570671081542, ""uniformity"": -0.017001357171684505, ""effective_rank"": 1.5703269910812379, ""weight_entropy_ratio"": 0.053558233227338}, ""Timbre"": {""alignment"": 0.9915552616119385, ""uniformity"": -0.15736549213528633, ""effective_rank"": 2.471134915351868, ""weight_entropy_ratio"": 0.944504784811723}, ""Voice_Quality"": {""alignment"": 0.9955704665184021, ""uniformity"": -0.017079819198697804, ""effective_rank"": 1.570002760887146, ""weight_entropy_ratio"": 0.818753182420907}, ""Scene"": {""alignment"": 0.9814820671081543, ""uniformity"": -0.346832817196846, ""effective_rank"": 3.022400131225586, ""weight_entropy_ratio"": 0.4954719783422835}}",-0.017001357171684505,0.9814820671081543,1.570002760887146,-0.017001357171684505,-0.11110941015556457,0.5023329494753594,"[0.4329986428283155, 0.9299972391128539]",COMPLETE
46,0.9133611192703248,2026-07-28 03:43:33.615296,2026-07-28 04:01:44.178409,0 days 00:18:10.563113,0.04438681863388799,0.3198720792246979,0.2810479933394893,0.028172724359460756,0.3508441006002116,0.362394597081814,2.687090263366699,4.026442218780518,"{""Prosody"": {""alignment"": 0.9638983464241028, ""uniformity"": -0.1321220675110817, ""effective_rank"": 3.1302782821655275, ""weight_entropy_ratio"": 0.048038955703986544}, ""Vocal_Tract"": {""alignment"": 0.9586965131759644, ""uniformity"": -0.14010414540767668, ""effective_rank"": 3.131209621429443, ""weight_entropy_ratio"": 0.009062491258344437}, ""Timbre"": {""alignment"": 0.7957032012939453, ""uniformity"": -1.445480103492737, ""effective_rank"": 5.839862079620361, ""weight_entropy_ratio"": 0.5407972992085298}, ""Voice_Quality"": {""alignment"": 0.98054851770401, ""uniformity"": -0.07237187474966049, ""effective_rank"": 2.687090263366699, ""weight_entropy_ratio"": 0.6957859998074875}, ""Scene"": {""alignment"": 0.8679590177536011, ""uniformity"": -1.1018281316757201, ""effective_rank"": 5.343770847320557, ""weight_entropy_ratio"": 0.6308361395149664}}",-0.07237187474966049,0.7957032012939453,2.687090263366699,-0.07237187474966049,-0.5783812645673752,0.38490417709866287,"[0.3776281252503395, -0.1870902633666991]",COMPLETE
47,0.8276590249538421,2026-07-28 04:01:47.865228,2026-07-28 04:19:54.635239,0 days 00:18:06.770011,0.20071472917639405,0.011299357880844178,0.06933335440892867,0.18849926617499216,0.10594049162839485,0.30898362902139037,2.3111260652542116,3.7864651041030886,"{""Prosody"": {""alignment"": 0.9875556755065918, ""uniformity"": -0.050942739099264146, ""effective_rank"": 2.3793113136291506, ""weight_entropy_ratio"": 0.44550558648703054}, ""Vocal_Tract"": {""alignment"": 0.9883709692955017, ""uniformity"": -0.04531017363071441, ""effective_rank"": 2.3111260652542116, ""weight_entropy_ratio"": 0.35866113244997705}, ""Timbre"": {""alignment"": 0.8002155661582947, ""uniformity"": -1.0245870232582093, ""effective_rank"": 5.9896062469482425, ""weight_entropy_ratio"": 0.03491612371698583}, ""Voice_Quality"": {""alignment"": 0.9869288635253907, ""uniformity"": -0.049672327041625976, ""effective_rank"": 2.3610591888427734, ""weight_entropy_ratio"": 0.4083526262068824}, ""Scene"": {""alignment"": 0.37522405028343203, ""uniformity"": -1.0781741988658906, ""effective_rank"": 5.891222705841065, ""weight_entropy_ratio"": 0.00023885148993982132}}",-0.04531017363071441,0.37522405028343203,2.3111260652542116,-0.04531017363071441,-0.44973729237914095,0.24953486407016315,"[0.4046898263692856, 0.1888739347457884]",COMPLETE
