number,value,datetime_start,datetime_complete,duration,params_sigma_scale_Prosody,params_sigma_scale_Scene,params_sigma_scale_Timbre,params_sigma_scale_Vocal_Tract,params_sigma_scale_Voice_Quality,params_tau,user_attrs_effective_rank,user_attrs_effective_rank_avg,user_attrs_group_breakdown,user_attrs_max_group_uniformity,user_attrs_min_group_alignment,user_attrs_min_group_rank,user_attrs_uniformity,user_attrs_uniformity_avg,user_attrs_weight_entropy_ratio,system_attrs_constraints,state
16,0.846264173746109,2026-07-27 22:16:10.087655,2026-07-27 22:34:23.145881,0 days 00:18:13.058226,0.12439810396174561,0.1735183282376557,0.01108659633535742,0.06261714499718653,0.0432784461646345,0.7045318873467884,2.1743102264404297,2.990141702651977,"{""Prosody"": {""alignment"": 0.8726933860778808, ""uniformity"": -0.5458960020542145, ""effective_rank"": 2.968295021057129, ""weight_entropy_ratio"": 0.26217086583811855}, ""Vocal_Tract"": {""alignment"": 0.9426124238967896, ""uniformity"": -0.17530931338667868, ""effective_rank"": 2.2396756649017333, ""weight_entropy_ratio"": 0.05574263458634822}, ""Timbre"": {""alignment"": 0.6455894386768342, ""uniformity"": -0.572734699845314, ""effective_rank"": 3.3934582328796385, ""weight_entropy_ratio"": 7.3632840648082305e-06}, ""Voice_Quality"": {""alignment"": 0.9399497199058533, ""uniformity"": -0.1646478121727705, ""effective_rank"": 2.1743102264404297, ""weight_entropy_ratio"": 0.22904328562351775}, ""Scene"": {""alignment"": 0.8304759001731873, ""uniformity"": -0.8369811344146728, ""effective_rank"": 4.174969367980957, ""weight_entropy_ratio"": 0.34141534955834807}}",-0.1646478121727705,0.6455894386768342,2.1743102264404297,-0.1646478121727705,-0.45911379237473016,0.17767589977807952,"[0.1353521878272295, 0.3256897735595703]",COMPLETE
