number,value,datetime_start,datetime_complete,duration,params_alpha_mult_Prosody,params_alpha_mult_Scene,params_alpha_mult_Timbre,params_alpha_mult_Vocal_Tract,params_alpha_mult_Voice_Quality,params_tau,user_attrs_effective_rank,user_attrs_effective_rank_avg,user_attrs_group_breakdown,user_attrs_max_group_uniformity,user_attrs_min_group_alignment,user_attrs_min_group_rank,user_attrs_uniformity,user_attrs_uniformity_avg,user_attrs_weight_entropy_ratio,system_attrs_constraints,state
48,0.9177829937934875,2026-07-31 10:12:24.500345,2026-07-31 10:31:21.040694,0 days 00:18:56.540349,1.191243818546204,1.1714413398667975,1.419807935964073,1.7918738294014374,4.460066133856332,0.727723766391769,2.1309393453598022,2.525187415122986,"{""Prosody"": {""alignment"": 0.9745182847976684, ""uniformity"": -0.09448853850364686, ""effective_rank"": 2.287093720436096, ""weight_entropy_ratio"": 0.6751992002197196}, ""Vocal_Tract"": {""alignment"": 0.9785898447036743, ""uniformity"": -0.08164530336856841, ""effective_rank"": 2.1992247819900514, ""weight_entropy_ratio"": 0.8362195266890536}, ""Timbre"": {""alignment"": 0.8216106653213501, ""uniformity"": -0.5903714036941529, ""effective_rank"": 3.0566058444976805, ""weight_entropy_ratio"": 0.8188749831340992}, ""Voice_Quality"": {""alignment"": 0.9815795660018921, ""uniformity"": -0.06966695114970207, ""effective_rank"": 2.1309393453598022, ""weight_entropy_ratio"": 0.9345473906364262}, ""Scene"": {""alignment"": 0.8326166081428528, ""uniformity"": -0.5415269994735717, ""effective_rank"": 2.9520733833312987, ""weight_entropy_ratio"": 0.7110721907222216}}",-0.06966695114970207,0.8216106653213501,2.1309393453598022,-0.06966695114970207,-0.2755398392379284,0.7951826582803041,"[0.2555114614963531, 0.36906065464019777]",COMPLETE
49,0.8290774288177489,2026-07-31 10:31:25.917574,2026-07-31 10:50:24.970203,0 days 00:18:59.052629,1.6606872051337982,1.471356063437168,1.4914419383818132,2.7761556015467495,2.9878454508497843,0.8501600450393212,2.639724235534668,2.7784361209869384,"{""Prosody"": {""alignment"": 0.9216693425178528, ""uniformity"": -0.4397738116979599, ""effective_rank"": 2.653855743408203, ""weight_entropy_ratio"": 0.7896120044323588}, ""Vocal_Tract"": {""alignment"": 0.8476577568054199, ""uniformity"": -0.4163016706705093, ""effective_rank"": 2.647083492279053, ""weight_entropy_ratio"": 0.9303275477852399}, ""Timbre"": {""alignment"": 0.7721436595916749, ""uniformity"": -0.7186951422691346, ""effective_rank"": 2.964942464828491, ""weight_entropy_ratio"": 0.8364605823044435}, ""Voice_Quality"": {""alignment"": 0.84134437084198, ""uniformity"": -0.426085359454155, ""effective_rank"": 2.639724235534668, ""weight_entropy_ratio"": 0.8692337993243845}, ""Scene"": {""alignment"": 0.7625720143318176, ""uniformity"": -0.7592045545578003, ""effective_rank"": 2.9865746688842774, ""weight_entropy_ratio"": 0.7913737631862284}}",-0.4163016706705093,0.7625720143318176,2.639724235534668,-0.4163016706705093,-0.5520121077299117,0.8434015394065311,"[-0.08977381169795995, -0.13972423553466795]",COMPLETE
50,0.7922849707603454,2026-07-31 10:50:30.503281,2026-07-31 11:09:14.782058,0 days 00:18:44.278777,1.808038650001551,1.4712806052207712,1.310314872297121,3.1976895853507865,2.971256864445793,0.8397316844364016,2.817888088226318,4.530044101715088,"{""Prosody"": {""alignment"": 0.6653144073486328, ""uniformity"": -1.2289200568199157, ""effective_rank"": 6.015438423156739, ""weight_entropy_ratio"": 0.822351278840248}, ""Vocal_Tract"": {""alignment"": 0.9760380959510804, ""uniformity"": -0.08466494783759117, ""effective_rank"": 2.8550960350036623, ""weight_entropy_ratio"": 0.9467767070554983}, ""Timbre"": {""alignment"": 0.659221932888031, ""uniformity"": -1.4159631395339967, ""effective_rank"": 5.756692848205566, ""weight_entropy_ratio"": 0.7873591642619532}, ""Voice_Quality"": {""alignment"": 0.9773165225982666, ""uniformity"": -0.07935239605605603, ""effective_rank"": 2.817888088226318, ""weight_entropy_ratio"": 0.865785314186445}, ""Scene"": {""alignment"": 0.6835338950157166, ""uniformity"": -1.1768367552757264, ""effective_rank"": 5.205105113983154, ""weight_entropy_ratio"": 0.7960457637071857}}",-0.07935239605605603,0.659221932888031,2.817888088226318,-0.07935239605605603,-0.7971474591046572,0.843663645610266,"[0.22064760394394395, -0.3178880882263182]",COMPLETE
51,0.7785596458911895,2026-07-31 11:09:19.957349,2026-07-31 11:27:46.850293,0 days 00:18:26.892944,1.6834434310812219,1.407855803173066,1.4877846386402092,2.7463477149126136,3.189065067063746,0.8886818104747143,2.709201374053955,4.4750981025695795,"{""Prosody"": {""alignment"": 0.6590299081802368, ""uniformity"": -1.2513019990921022, ""effective_rank"": 5.361714057922363, ""weight_entropy_ratio"": 0.8012977879022196}, ""Vocal_Tract"": {""alignment"": 0.9791453218460083, ""uniformity"": -0.0698312096297741, ""effective_rank"": 2.7468023109436035, ""weight_entropy_ratio"": 0.9218927120139396}, ""Timbre"": {""alignment"": 0.6100102031230926, ""uniformity"": -1.4316553735733033, ""effective_rank"": 6.0260264015197755, ""weight_entropy_ratio"": 0.831522217676335}, ""Voice_Quality"": {""alignment"": 0.9807952713966369, ""uniformity"": -0.06667925707995892, ""effective_rank"": 2.709201374053955, ""weight_entropy_ratio"": 0.8730881893959923}, ""Scene"": {""alignment"": 0.6638175249099731, ""uniformity"": -1.260562126636505, ""effective_rank"": 5.5317463684082036, ""weight_entropy_ratio"": 0.7758434437287282}}",-0.06667925707995892,0.6100102031230926,2.709201374053955,-0.06667925707995892,-0.8160059932023286,0.8407288701434429,"[0.23332074292004107, -0.2092013740539551]",COMPLETE
52,0.8294492120742798,2026-07-31 11:27:51.764557,2026-07-31 11:46:36.477844,0 days 00:18:44.713287,1.6334823073784541,1.4648798427197127,1.3683575494817748,3.0164965874559337,2.767562707566042,0.7918442307890232,1.9229613304138184,3.226661915779113,"{""Prosody"": {""alignment"": 0.760823757648468, ""uniformity"": -0.8922070717811584, ""effective_rank"": 3.020477285385132, ""weight_entropy_ratio"": 0.7891037077170613}, ""Vocal_Tract"": {""alignment"": 0.985101580619812, ""uniformity"": -0.05709615401923657, ""effective_rank"": 1.9834172773361205, ""weight_entropy_ratio"": 0.9432223682012671}, ""Timbre"": {""alignment"": 0.6924751019477844, ""uniformity"": -1.1148432755470277, ""effective_rank"": 4.708843116760254, ""weight_entropy_ratio"": 0.7951729326377946}, ""Voice_Quality"": {""alignment"": 0.9886344480514526, ""uniformity"": -0.04314878731966019, ""effective_rank"": 1.9229613304138184, ""weight_entropy_ratio"": 0.8505340188365222}, ""Scene"": {""alignment"": 0.7202111721038819, ""uniformity"": -0.9925564455986023, ""effective_rank"": 4.497610569000244, ""weight_entropy_ratio"": 0.7952302801379076}}",-0.04314878731966019,0.6924751019477844,1.9229613304138184,-0.04314878731966019,-0.619970346853137,0.8346526615061107,"[0.2568512126803398, 0.5770386695861816]",COMPLETE
53,0.9028751592636108,2026-07-31 11:46:41.431785,2026-07-31 12:05:40.649923,0 days 00:18:59.218138,1.5447972056817807,1.726414564329997,1.783400834347591,2.8242882067613824,3.0601245824093493,0.5917371264761896,2.1939146280288697,2.9551890048980716,"{""Prosody"": {""alignment"": 0.9912942767143249, ""uniformity"": -0.037050621006637814, ""effective_rank"": 2.1939146280288697, ""weight_entropy_ratio"": 0.7839111648076664}, ""Vocal_Tract"": {""alignment"": 0.9904123950004577, ""uniformity"": -0.036756395250558856, ""effective_rank"": 2.1951186943054197, ""weight_entropy_ratio"": 0.9285432035906099}, ""Timbre"": {""alignment"": 0.7697873759269714, ""uniformity"": -0.7944246387481689, ""effective_rank"": 4.035041837692261, ""weight_entropy_ratio"": 0.8943313202349517}, ""Voice_Quality"": {""alignment"": 0.9854845905303955, ""uniformity"": -0.05378413740545511, ""effective_rank"": 2.3142590379714965, ""weight_entropy_ratio"": 0.8695556694770413}, ""Scene"": {""alignment"": 0.7773971581459045, ""uniformity"": -0.805413281917572, ""effective_rank"": 4.037610826492309, ""weight_entropy_ratio"": 0.8463822706749017}}",-0.036756395250558856,0.7697873759269714,2.1939146280288697,-0.036756395250558856,-0.34548581486567853,0.8645447257570342,"[0.31294937899336217, 0.3060853719711303]",COMPLETE
54,0.7961145005226136,2026-07-31 12:05:47.839109,2026-07-31 12:24:24.936958,0 days 00:18:37.097849,1.398710782065936,1.3516677462378017,1.6523047791213135,2.6099675941599,4.0466502088389,0.8921549680210508,2.5573106670379637,4.1495795879364,"{""Prosody"": {""alignment"": 0.7248676538467407, ""uniformity"": -1.0773377466201781, ""effective_rank"": 4.5306540298461915, ""weight_entropy_ratio"": 0.737378621978951}, ""Vocal_Tract"": {""alignment"": 0.9708484578132629, ""uniformity"": -0.10716891512274743, ""effective_rank"": 2.7440423583984375, ""weight_entropy_ratio"": 0.9188199227468327}, ""Timbre"": {""alignment"": 0.6275412034988403, ""uniformity"": -1.2114391231536865, ""effective_rank"": 5.595989875793457, ""weight_entropy_ratio"": 0.8679829636604469}, ""Voice_Quality"": {""alignment"": 0.9777934575080871, ""uniformity"": -0.0830540782213211, ""effective_rank"": 2.5573106670379637, ""weight_entropy_ratio"": 0.9171478152105277}, ""Scene"": {""alignment"": 0.6795217299461365, ""uniformity"": -1.1421959686279297, ""effective_rank"": 5.319901008605957, ""weight_entropy_ratio"": 0.7621049562806556}}",-0.0830540782213211,0.6275412034988403,2.5573106670379637,-0.0830540782213211,-0.7242391663491726,0.8406868559754826,"[0.21694592177867889, -0.057310667037963725]",COMPLETE
55,0.8159805746078491,2026-07-31 12:24:29.719594,2026-07-31 12:43:16.240109,0 days 00:18:46.520515,1.030828286899785,1.5698209253500115,1.2461762984091866,3.0459298833785726,2.6138668990002345,0.6591051666632586,2.9020322036743162,4.08665577507019,"{""Prosody"": {""alignment"": 0.8226732110977173, ""uniformity"": -0.8369527161121368, ""effective_rank"": 4.050605602264405, ""weight_entropy_ratio"": 0.625690314308963}, ""Vocal_Tract"": {""alignment"": 0.908728449344635, ""uniformity"": -0.29188038885593415, ""effective_rank"": 2.939999055862427, ""weight_entropy_ratio"": 0.9432779525085934}, ""Timbre"": {""alignment"": 0.7106068086624145, ""uniformity"": -1.1422854566574097, ""effective_rank"": 5.476106758117676, ""weight_entropy_ratio"": 0.7703641149805854}, ""Voice_Quality"": {""alignment"": 0.9099487829208374, ""uniformity"": -0.27837284743785856, ""effective_rank"": 2.9020322036743162, ""weight_entropy_ratio"": 0.8376132224014384}, ""Scene"": {""alignment"": 0.7279456210136414, ""uniformity"": -0.935431764125824, ""effective_rank"": 5.064535255432129, ""weight_entropy_ratio"": 0.8258993268251764}}",-0.27837284743785856,0.7106068086624145,2.9020322036743162,-0.27837284743785856,-0.6969846346378327,0.8005689862049513,"[0.021627152562141427, -0.40203220367431625]",COMPLETE
56,0.8372636241912842,2026-07-31 12:43:22.022054,2026-07-31 13:01:30.770057,0 days 00:18:08.748003,1.0352043920482974,1.5569716905441122,1.2348656665170874,3.0778487823537257,2.523847874088487,0.6774648073712927,2.315119171142578,3.7932411193847657,"{""Prosody"": {""alignment"": 0.746758291721344, ""uniformity"": -1.087245182991028, ""effective_rank"": 4.249967308044433, ""weight_entropy_ratio"": 0.6294871197931772}, ""Vocal_Tract"": {""alignment"": 0.9792090010643005, ""uniformity"": -0.07626099601387977, ""effective_rank"": 2.369762992858887, ""weight_entropy_ratio"": 0.9443036450267682}, ""Timbre"": {""alignment"": 0.7361368989944458, ""uniformity"": -1.1413246011734008, ""effective_rank"": 5.332939472198486, ""weight_entropy_ratio"": 0.7494056799293944}, ""Voice_Quality"": {""alignment"": 0.9811163139343262, ""uniformity"": -0.06963489428162575, ""effective_rank"": 2.315119171142578, ""weight_entropy_ratio"": 0.8324541318168065}, ""Scene"": {""alignment"": 0.7430976152420044, ""uniformity"": -0.8837545275688171, ""effective_rank"": 4.698416652679444, ""weight_entropy_ratio"": 0.8209260136904365}}",-0.06963489428162575,0.7361368989944458,2.315119171142578,-0.06963489428162575,-0.6516440404057502,0.7953153180513165,"[0.23036510571837424, 0.18488082885742196]",COMPLETE
57,0.8651453981399537,2026-07-31 13:01:35.504778,2026-07-31 13:20:12.851859,0 days 00:18:37.347081,1.1256658263961175,1.5050826335948104,1.1588355137064108,2.970378450003729,2.6373202810329532,0.7435460159100239,2.292934093475342,3.580399036407471,"{""Prosody"": {""alignment"": 0.9794482493400574, ""uniformity"": -0.07570415169000626, ""effective_rank"": 2.429717559814453, ""weight_entropy_ratio"": 0.6717586356384104}, ""Vocal_Tract"": {""alignment"": 0.9841165614128112, ""uniformity"": -0.061005194038152695, ""effective_rank"": 2.292934093475342, ""weight_entropy_ratio"": 0.9383632620812822}, ""Timbre"": {""alignment"": 0.6900355076789856, ""uniformity"": -1.5077495908737182, ""effective_rank"": 5.692438163757324, ""weight_entropy_ratio"": 0.7270630902025036}, ""Voice_Quality"": {""alignment"": 0.9831264734268188, ""uniformity"": -0.06549892142415047, ""effective_rank"": 2.3371356391906737, ""weight_entropy_ratio"": 0.8380723637878082}, ""Scene"": {""alignment"": 0.689000198841095, ""uniformity"": -1.2336124062538147, ""effective_rank"": 5.149769725799561, ""weight_entropy_ratio"": 0.8023770115058333}}",-0.061005194038152695,0.689000198841095,2.292934093475342,-0.061005194038152695,-0.5887140528559685,0.7955268726431676,"[0.2742958483099937, 0.20706590652465806]",COMPLETE
58,0.7838911862373352,2026-07-31 13:20:18.393075,2026-07-31 13:38:58.037210,0 days 00:18:39.644135,1.0306001715424444,1.6254743476666553,1.2407290099332005,3.121033830703479,2.9531541385395226,0.8430615254142626,2.7024184799194337,4.169589069366456,"{""Prosody"": {""alignment"": 0.6944447898864746, ""uniformity"": -1.2878929901123046, ""effective_rank"": 4.9413594627380375, ""weight_entropy_ratio"": 0.6298495180599257}, ""Vocal_Tract"": {""alignment"": 0.9647056221961975, ""uniformity"": -0.12155517578125, ""effective_rank"": 2.7024184799194337, ""weight_entropy_ratio"": 0.9447061870039594}, ""Timbre"": {""alignment"": 0.6693711471557617, ""uniformity"": -1.443062515258789, ""effective_rank"": 5.480337009429932, ""weight_entropy_ratio"": 0.7583483336377946}, ""Voice_Quality"": {""alignment"": 0.9592339134216309, ""uniformity"": -0.138768293261528, ""effective_rank"": 2.773074131011963, ""weight_entropy_ratio"": 0.8652674856417353}, ""Scene"": {""alignment"": 0.6317004585266113, ""uniformity"": -1.2601413059234619, ""effective_rank"": 4.95075626373291, ""weight_entropy_ratio"": 0.8270653243735302}}",-0.12155517578125,0.6317004585266113,2.7024184799194337,-0.12155517578125,-0.8502840560674667,0.8050473697433891,"[0.16123170673847198, -0.20241847991943374]",COMPLETE
59,0.8689529457092284,2026-07-31 13:39:02.694908,2026-07-31 13:57:47.010580,0 days 00:18:44.315672,1.0957802464538664,0.8092831777932501,1.0905108045773464,3.1786406528306603,2.8217071698850935,0.7939462463350813,2.076459355354309,3.2842847909927366,"{""Prosody"": {""alignment"": 0.9812959194183349, ""uniformity"": -0.06952960327267647, ""effective_rank"": 2.076459355354309, ""weight_entropy_ratio"": 0.6548944907614505}, ""Vocal_Tract"": {""alignment"": 0.9808834147453308, ""uniformity"": -0.07139653190970421, ""effective_rank"": 2.085884885787964, ""weight_entropy_ratio"": 0.9478877947292759}, ""Timbre"": {""alignment"": 0.6911678147315979, ""uniformity"": -1.4667241621017455, ""effective_rank"": 5.219171772003174, ""weight_entropy_ratio"": 0.6978941522857482}, ""Voice_Quality"": {""alignment"": 0.9803578042984009, ""uniformity"": -0.07266912564635276, ""effective_rank"": 2.104807233810425, ""weight_entropy_ratio"": 0.85106107997427}, ""Scene"": {""alignment"": 0.711059775352478, ""uniformity"": -1.331772632598877, ""effective_rank"": 4.935100708007813, ""weight_entropy_ratio"": 0.5613188652668282}}",-0.06952960327267647,0.6911678147315979,2.076459355354309,-0.06952960327267647,-0.6024184111058712,0.7426112766035144,"[0.2804703967273235, 0.4235406446456911]",COMPLETE
60,0.8825467348098753,2026-07-31 13:57:51.665768,2026-07-31 14:16:39.020342,0 days 00:18:47.354574,1.003031435048139,1.4354011140826004,1.3249903548447288,2.853856840090831,2.8366447339945555,0.9519894695518963,1.616614408493042,2.3141713666915895,"{""Prosody"": {""alignment"": 0.9941927528381348, ""uniformity"": -0.017657718900591136, ""effective_rank"": 1.616614408493042, ""weight_entropy_ratio"": 0.610228918195602}, ""Vocal_Tract"": {""alignment"": 0.9941045713424682, ""uniformity"": -0.018942724168300628, ""effective_rank"": 1.6345069742202758, ""weight_entropy_ratio"": 0.932907591421209}, ""Timbre"": {""alignment"": 0.728259699344635, ""uniformity"": -0.8158506488800049, ""effective_rank"": 3.3543931293487548, ""weight_entropy_ratio"": 0.789077733999823}, ""Voice_Quality"": {""alignment"": 0.9944080352783203, ""uniformity"": -0.01811969904229045, ""effective_rank"": 1.6267823791503906, ""weight_entropy_ratio"": 0.8535935151031815}, ""Scene"": {""alignment"": 0.7017686152458191, ""uniformity"": -0.8348330187797547, ""effective_rank"": 3.3385599422454835, ""weight_entropy_ratio"": 0.7922709014564379}}",-0.017657718900591136,0.7017686152458191,1.616614408493042,-0.017657718900591136,-0.3410807619541884,0.7956157320352504,"[0.33234228109940883, 0.883385591506958]",COMPLETE
61,0.8632079157829284,2026-07-31 14:16:45.531592,2026-07-31 14:35:10.643153,0 days 00:18:25.111561,1.1984820230465978,1.528226113009016,1.5254109941671534,2.695669607222018,3.374742517193429,0.6574215718663362,2.5086193799972536,3.546692657470703,"{""Prosody"": {""alignment"": 0.925089774131775, ""uniformity"": -0.31108374275267126, ""effective_rank"": 3.1277101707458494, ""weight_entropy_ratio"": 0.6808948147169634}, ""Vocal_Tract"": {""alignment"": 0.9619123601913452, ""uniformity"": -0.12230847664177417, ""effective_rank"": 2.5826788187026977, ""weight_entropy_ratio"": 0.9152191792364934}, ""Timbre"": {""alignment"": 0.7281095933914185, ""uniformity"": -0.9776325511932373, ""effective_rank"": 4.76163878440857, ""weight_entropy_ratio"": 0.8428993204121653}, ""Voice_Quality"": {""alignment"": 0.9665580701828003, ""uniformity"": -0.10674706004559993, ""effective_rank"": 2.5086193799972536, ""weight_entropy_ratio"": 0.8847388770428531}, ""Scene"": {""alignment"": 0.7343697810173034, ""uniformity"": -0.9530956506729126, ""effective_rank"": 4.752816133499145, ""weight_entropy_ratio"": 0.8147918475711527}}",-0.10674706004559993,0.7281095933914185,2.5086193799972536,-0.10674706004559993,-0.494173496261239,0.8277088077959256,"[0.19325293995440007, -0.008619379997253596]",COMPLETE
62,0.8840355777740478,2026-07-31 14:35:15.757121,2026-07-31 14:54:01.422133,0 days 00:18:45.665012,1.7006218503534607,1.5750557457338403,1.434539871530877,3.0695751348563687,2.6398519309013073,0.6129158083098395,1.9844560956954955,2.9343595333099364,"{""Prosody"": {""alignment"": 0.988817253112793, ""uniformity"": -0.04243687734007835, ""effective_rank"": 1.996480803489685, ""weight_entropy_ratio"": 0.8111420592191619}, ""Vocal_Tract"": {""alignment"": 0.98926926612854, ""uniformity"": -0.040638737231493, ""effective_rank"": 1.9844560956954955, ""weight_entropy_ratio"": 0.9415219114712802}, ""Timbre"": {""alignment"": 0.7140988326072693, ""uniformity"": -1.0034689974784852, ""effective_rank"": 4.382020778656006, ""weight_entropy_ratio"": 0.8224007886491879}, ""Voice_Quality"": {""alignment"": 0.9891444730758667, ""uniformity"": -0.04090070225298405, ""effective_rank"": 1.986262149810791, ""weight_entropy_ratio"": 0.8368511640339592}, ""Scene"": {""alignment"": 0.7388480639457703, ""uniformity"": -0.9881451272964478, ""effective_rank"": 4.322577838897705, ""weight_entropy_ratio"": 0.813156421810628}}",-0.040638737231493,0.7140988326072693,1.9844560956954955,-0.040638737231493,-0.42311808831989767,0.8450144690368434,"[0.30756312265992164, 0.5155439043045045]",COMPLETE
63,0.7894673309326171,2026-07-31 14:54:06.164545,2026-07-31 15:12:52.246829,0 days 00:18:46.082284,1.0542897377573484,1.3780939108580794,1.3087922785326234,2.930297518042418,3.7922760912888176,0.7637828407079216,2.542913360595703,4.542274280548096,"{""Prosody"": {""alignment"": 0.655208477973938, ""uniformity"": -1.5458186864852905, ""effective_rank"": 5.6995061492919925, ""weight_entropy_ratio"": 0.6266510771376786}, ""Vocal_Tract"": {""alignment"": 0.9843343234062195, ""uniformity"": -0.06055097572505474, ""effective_rank"": 2.542913360595703, ""weight_entropy_ratio"": 0.9306559297817519}, ""Timbre"": {""alignment"": 0.6561131954193116, ""uniformity"": -1.436469841003418, ""effective_rank"": 6.065515937805176, ""weight_entropy_ratio"": 0.7857743646922245}, ""Voice_Quality"": {""alignment"": 0.984171347618103, ""uniformity"": -0.06111905910074711, ""effective_rank"": 2.5542715072631834, ""weight_entropy_ratio"": 0.9068560082748792}, ""Scene"": {""alignment"": 0.667509310245514, ""uniformity"": -1.2687741827964782, ""effective_rank"": 5.849164447784424, ""weight_entropy_ratio"": 0.7680345436985051}}",-0.06055097572505474,0.655208477973938,2.542913360595703,-0.06055097572505474,-0.8745465490221978,0.803594384717008,"[0.23888094089925288, -0.042913360595703054]",COMPLETE
