number,value,datetime_start,datetime_complete,duration,params_sigma_scale_Prosody,params_sigma_scale_Scene,params_sigma_scale_Timbre,params_sigma_scale_Vocal_Tract,params_sigma_scale_Voice_Quality,params_tau,user_attrs_effective_rank,user_attrs_effective_rank_avg,user_attrs_group_breakdown,user_attrs_max_group_uniformity,user_attrs_min_group_alignment,user_attrs_min_group_rank,user_attrs_uniformity,user_attrs_uniformity_avg,user_attrs_weight_entropy_ratio,system_attrs_constraints,state
32,0.8893121266365049,2026-07-27 13:00:53.067067,2026-07-27 13:07:45.934915,0 days 00:06:52.867848,0.10379016902600713,0.21861156452810623,0.2616650553315541,0.24197970832851234,0.24134837438358658,0.6813808425333208,2.7968472242355347,4.193124990463256,"{""Prosody"": {""alignment"": 0.969822171330452, ""uniformity"": -0.10590810459107161, ""effective_rank"": 2.8863412380218505, ""weight_entropy_ratio"": 0.2038370980308824}, ""Vocal_Tract"": {""alignment"": 0.9667030900716782, ""uniformity"": -0.10392941106110812, ""effective_rank"": 2.8516225814819336, ""weight_entropy_ratio"": 0.4762202664335632}, ""Timbre"": {""alignment"": 0.7771135598421097, ""uniformity"": -1.218138152360916, ""effective_rank"": 6.383560156822204, ""weight_entropy_ratio"": 0.494453281049799}, ""Voice_Quality"": {""alignment"": 0.971254575252533, ""uniformity"": -0.09551849234849215, ""effective_rank"": 2.7968472242355347, ""weight_entropy_ratio"": 0.5988581552427126}, ""Scene"": {""alignment"": 0.7616672366857529, ""uniformity"": -1.140612468123436, ""effective_rank"": 6.047253751754761, ""weight_entropy_ratio"": 0.44628905608023056}}",-0.09551849234849215,0.7616672366857529,2.7968472242355347,-0.09551849234849215,-0.5328213256970049,0.44393157136743755,"[0.3544815076515079, -0.29684722423553467]",COMPLETE
33,0.873566061258316,2026-07-27 13:07:50.157882,2026-07-27 13:14:45.214099,0 days 00:06:55.056217,0.11789686440516312,0.25409693576166537,0.16590809364577663,0.11460478764934957,0.2144174906925674,0.7807485851328675,2.4517774283885956,3.617021608352661,"{""Prosody"": {""alignment"": 0.9693023830652236, ""uniformity"": -0.09469523727893829, ""effective_rank"": 2.4820767819881437, ""weight_entropy_ratio"": 0.24688768411916756}, ""Vocal_Tract"": {""alignment"": 0.9744417577981949, ""uniformity"": -0.09136459846049547, ""effective_rank"": 2.4517774283885956, ""weight_entropy_ratio"": 0.1695173790934112}, ""Timbre"": {""alignment"": 0.7417710274457932, ""uniformity"": -1.2271979868412017, ""effective_rank"": 5.531717109680176, ""weight_entropy_ratio"": 0.25267875962326225}, ""Voice_Quality"": {""alignment"": 0.9726074486970901, ""uniformity"": -0.09114368883892894, ""effective_rank"": 2.4522783160209656, ""weight_entropy_ratio"": 0.575090630101476}, ""Scene"": {""alignment"": 0.7097076892852783, ""uniformity"": -1.1875089943408965, ""effective_rank"": 5.167258405685425, ""weight_entropy_ratio"": 0.524729234723831}}",-0.09114368883892894,0.7097076892852783,2.4517774283885956,-0.09114368883892894,-0.5383821011520923,0.3537807375322296,"[0.3588563111610711, 0.04822257161140442]",COMPLETE
34,0.8681498211622237,2026-07-27 13:14:49.618773,2026-07-27 13:21:40.738423,0 days 00:06:51.119650,0.15836716581794746,0.20086600131790638,0.23047395663203782,0.14354107165031998,0.17285225958634756,0.8642171813400145,2.587335932254791,3.456165051460266,"{""Prosody"": {""alignment"": 0.9539177536964416, ""uniformity"": -0.16446712724864482, ""effective_rank"": 2.6192918539047243, ""weight_entropy_ratio"": 0.3571641938586612}, ""Vocal_Tract"": {""alignment"": 0.9542685925960541, ""uniformity"": -0.15958058573305606, ""effective_rank"": 2.587335932254791, ""weight_entropy_ratio"": 0.24843277602915026}, ""Timbre"": {""alignment"": 0.7420499831438064, ""uniformity"": -1.1247723311185838, ""effective_rank"": 4.774961590766907, ""weight_entropy_ratio"": 0.4251042199395977}, ""Voice_Quality"": {""alignment"": 0.9479332536458969, ""uniformity"": -0.16996112652122974, ""effective_rank"": 2.6463493943214416, ""weight_entropy_ratio"": 0.5184077685018765}, ""Scene"": {""alignment"": 0.74257952272892, ""uniformity"": -1.0623810559511184, ""effective_rank"": 4.652886486053466, ""weight_entropy_ratio"": 0.41225896774114845}}",-0.15958058573305606,0.7420499831438064,2.587335932254791,-0.15958058573305606,-0.5362324453145266,0.39227358521408684,"[0.29041941426694395, -0.08733593225479108]",COMPLETE
35,0.9702089029550554,2026-07-27 13:21:46.453404,2026-07-27 13:28:34.491216,0 days 00:06:48.037812,0.14372227941833163,0.2543062406381991,0.3232829051731108,0.17143331140949103,0.2477049601637842,0.17019655490267382,2.24830447435379,3.237875833511352,"{""Prosody"": {""alignment"": 0.9901917189359665, ""uniformity"": -0.05068187890574336, ""effective_rank"": 2.2899321019649506, ""weight_entropy_ratio"": 0.31388090257617657}, ""Vocal_Tract"": {""alignment"": 0.9884436398744583, ""uniformity"": -0.04751974162645638, ""effective_rank"": 2.251115769147873, ""weight_entropy_ratio"": 0.3272688990633562}, ""Timbre"": {""alignment"": 0.938243693113327, ""uniformity"": -0.5423430666327477, ""effective_rank"": 4.709679985046387, ""weight_entropy_ratio"": 0.6125144833162005}, ""Voice_Quality"": {""alignment"": 0.9881754904985428, ""uniformity"": -0.04688257100060582, ""effective_rank"": 2.24830447435379, ""weight_entropy_ratio"": 0.6113212811532944}, ""Scene"": {""alignment"": 0.9459899723529815, ""uniformity"": -0.5704830706119537, ""effective_rank"": 4.690346837043762, ""weight_entropy_ratio"": 0.5221915520247429}}",-0.04688257100060582,0.938243693113327,2.24830447435379,-0.04688257100060582,-0.25158206575550135,0.47743542362675423,"[0.4031174289993942, 0.2516955256462099]",COMPLETE
36,0.9257452416419983,2026-07-27 13:28:38.778170,2026-07-27 13:35:28.123347,0 days 00:06:49.345177,0.1848827144203382,0.16684646421672775,0.39721579548265695,0.2927749230580571,0.3202252422437426,0.4730785557179052,2.2278587996959685,3.8292410933971412,"{""Prosody"": {""alignment"": 0.990903890132904, ""uniformity"": -0.037510277982801196, ""effective_rank"": 2.2535316050052643, ""weight_entropy_ratio"": 0.40678300684084656}, ""Vocal_Tract"": {""alignment"": 0.9909342467784882, ""uniformity"": -0.03535740370862186, ""effective_rank"": 2.2278587996959685, ""weight_entropy_ratio"": 0.5762645660455515}, ""Timbre"": {""alignment"": 0.8336213260889054, ""uniformity"": -1.1849031805992127, ""effective_rank"": 6.367552733421325, ""weight_entropy_ratio"": 0.7176227759055277}, ""Voice_Quality"": {""alignment"": 0.9903893381357193, ""uniformity"": -0.037332270620390774, ""effective_rank"": 2.2539458215236663, ""weight_entropy_ratio"": 0.6672273021085534}, ""Scene"": {""alignment"": 0.8228774070739746, ""uniformity"": -1.0862435281276703, ""effective_rank"": 6.043316507339478, ""weight_entropy_ratio"": 0.33341749297948964}}",-0.03535740370862186,0.8228774070739746,2.2278587996959685,-0.03535740370862186,-0.47626933220773926,0.5402630287759937,"[0.4146425962913782, 0.27214120030403155]",COMPLETE
37,0.9778049635887145,2026-07-27 13:35:33.660548,2026-07-27 13:42:21.757323,0 days 00:06:48.096775,0.1334541771614649,0.21649022931030606,0.7158343863244443,0.10031482279443366,0.14622733458409562,0.3918204187460831,1.5860564291477204,2.2221603524684905,"{""Prosody"": {""alignment"": 0.9924295008182525, ""uniformity"": -0.029360222490504385, ""effective_rank"": 1.5860564291477204, ""weight_entropy_ratio"": 0.28974181505424657}, ""Vocal_Tract"": {""alignment"": 0.9878835052251815, ""uniformity"": -0.04076502132229507, ""effective_rank"": 1.7026452720165253, ""weight_entropy_ratio"": 0.13740617708939867}, ""Timbre"": {""alignment"": 0.9715651601552964, ""uniformity"": -0.2700112462043762, ""effective_rank"": 2.8723766565322877, ""weight_entropy_ratio"": 0.932323274280624}, ""Voice_Quality"": {""alignment"": 0.9907188475131988, ""uniformity"": -0.031970037054270505, ""effective_rank"": 1.6101395308971405, ""weight_entropy_ratio"": 0.48279836237325024}, ""Scene"": {""alignment"": 0.9464278042316436, ""uniformity"": -0.4778623268008232, ""effective_rank"": 3.3395838737487793, ""weight_entropy_ratio"": 0.4455605967784283}}",-0.029360222490504385,0.9464278042316436,1.5860564291477204,-0.029360222490504385,-0.16999377077445385,0.45756604511518945,"[0.4206397775094956, 0.9139435708522796]",COMPLETE
38,0.9177428340911866,2026-07-27 13:42:25.991549,2026-07-27 13:49:14.532498,0 days 00:06:48.540949,0.1142452712803198,0.28942956186801017,0.26872390578633853,0.19579982215692704,0.1927340203031562,0.5408595479871476,2.0807206869125365,3.1031950461864475,"{""Prosody"": {""alignment"": 0.9869950711727142, ""uniformity"": -0.056609343830496074, ""effective_rank"": 2.082344186306, ""weight_entropy_ratio"": 0.23072860559663141}, ""Vocal_Tract"": {""alignment"": 0.9822306722402573, ""uniformity"": -0.06172368340194225, ""effective_rank"": 2.112930804491043, ""weight_entropy_ratio"": 0.37696247222533164}, ""Timbre"": {""alignment"": 0.8019583821296692, ""uniformity"": -1.0644087105989457, ""effective_rank"": 4.67131655216217, ""weight_entropy_ratio"": 0.5028549493463459}, ""Voice_Quality"": {""alignment"": 0.9836486130952835, ""uniformity"": -0.05652980227023363, ""effective_rank"": 2.0807206869125365, ""weight_entropy_ratio"": 0.5461176292849548}, ""Scene"": {""alignment"": 0.8338814318180084, ""uniformity"": -0.9806322991847992, ""effective_rank"": 4.568663001060486, ""weight_entropy_ratio"": 0.5687459270241935}}",-0.05652980227023363,0.8019583821296692,2.0807206869125365,-0.05652980227023363,-0.44398076785728335,0.44508191669549146,"[0.3934701977297664, 0.41927931308746347]",COMPLETE
39,0.9362072479724881,2026-07-27 13:49:18.859696,2026-07-27 13:56:08.988661,0 days 00:06:50.128965,0.1681228117051351,0.26698419674588986,0.49943167038717157,0.1645269623012797,0.12108937839244481,0.6715212126148593,1.6329351127147675,2.769668929576874,"{""Prosody"": {""alignment"": 0.9943741351366043, ""uniformity"": -0.021862224279902875, ""effective_rank"": 1.636927717924118, ""weight_entropy_ratio"": 0.372755650472311}, ""Vocal_Tract"": {""alignment"": 0.9939441919326782, ""uniformity"": -0.024574617552571, ""effective_rank"": 1.6691338300704956, ""weight_entropy_ratio"": 0.3131359248510908}, ""Timbre"": {""alignment"": 0.8455852746963501, ""uniformity"": -0.8374115407466889, ""effective_rank"": 4.567205238342285, ""weight_entropy_ratio"": 0.8166947515188656}, ""Voice_Quality"": {""alignment"": 0.994141548871994, ""uniformity"": -0.021413585753180087, ""effective_rank"": 1.6329351127147675, ""weight_entropy_ratio"": 0.43952872806622534}, ""Scene"": {""alignment"": 0.8529910892248154, ""uniformity"": -0.863307636976242, ""effective_rank"": 4.3421427488327025, ""weight_entropy_ratio"": 0.5421803792228297}}",-0.021413585753180087,0.8455852746963501,1.6329351127147675,-0.021413585753180087,-0.35371392106171695,0.49685908682626445,"[0.4285864142468199, 0.8670648872852325]",COMPLETE
40,0.9030185848474501,2026-07-27 13:56:13.231923,2026-07-27 14:03:02.543254,0 days 00:06:49.311331,0.4442329107288705,0.37324067710213343,0.15025928881874398,0.3982361373069528,0.35120508724530014,0.6220228871335951,2.55614652633667,3.7713756203651436,"{""Prosody"": {""alignment"": 0.9796041756868362, ""uniformity"": -0.08116920553147793, ""effective_rank"": 2.5762449860572816, ""weight_entropy_ratio"": 0.7476289794977492}, ""Vocal_Tract"": {""alignment"": 0.977495226264, ""uniformity"": -0.0792034300044179, ""effective_rank"": 2.55614652633667, ""weight_entropy_ratio"": 0.7063578873852944}, ""Timbre"": {""alignment"": 0.7625360280275345, ""uniformity"": -1.1210972845554352, ""effective_rank"": 5.963895678520203, ""weight_entropy_ratio"": 0.20958591646764502}, ""Voice_Quality"": {""alignment"": 0.9791749477386474, ""uniformity"": -0.07949013933539391, ""effective_rank"": 2.5588098049163817, ""weight_entropy_ratio"": 0.6899545032238498}, ""Scene"": {""alignment"": 0.8162825465202331, ""uniformity"": -0.8982096940279007, ""effective_rank"": 5.201781105995178, ""weight_entropy_ratio"": 0.6822302830592055}}",-0.0792034300044179,0.7625360280275345,2.55614652633667,-0.0792034300044179,-0.45183395069092525,0.6071515139267488,"[0.3707965699955821, -0.05614652633666983]",COMPLETE
41,0.8779561376571656,2026-07-27 14:03:06.816473,2026-07-27 14:09:54.830978,0 days 00:06:48.014505,0.15321324433368325,0.19324402727265855,0.22817614767935265,0.14092120638726735,0.17127956108061487,0.8561321544434599,2.5803929209709167,3.836560699939728,"{""Prosody"": {""alignment"": 0.9728628903627395, ""uniformity"": -0.09661667831242085, ""effective_rank"": 2.6194096565246583, ""weight_entropy_ratio"": 0.33733386123409337}, ""Vocal_Tract"": {""alignment"": 0.9719517171382904, ""uniformity"": -0.0925479181110859, ""effective_rank"": 2.607029366493225, ""weight_entropy_ratio"": 0.2511403192487308}, ""Timbre"": {""alignment"": 0.7178623050451278, ""uniformity"": -1.4717651844024657, ""effective_rank"": 5.946821284294129, ""weight_entropy_ratio"": 0.42423316299663005}, ""Voice_Quality"": {""alignment"": 0.9746373146772385, ""uniformity"": -0.09079890139400959, ""effective_rank"": 2.5803929209709167, ""weight_entropy_ratio"": 0.5183070869712136}, ""Scene"": {""alignment"": 0.7524664610624313, ""uniformity"": -1.257662019133568, ""effective_rank"": 5.42915027141571, ""weight_entropy_ratio"": 0.3997917906304303}}",-0.09079890139400959,0.7178623050451278,2.5803929209709167,-0.09079890139400959,-0.60187814027071,0.38616124421621967,"[0.3592010986059904, -0.08039292097091666]",COMPLETE
42,0.8791725105047226,2026-07-27 14:09:59.067672,2026-07-27 14:16:50.129085,0 days 00:06:51.061413,0.13553213209406959,0.2151436216804047,0.2394433723458247,0.12201306453741705,0.1833313748788069,0.9378987493517922,2.1514839351177217,2.961102005243302,"{""Prosody"": {""alignment"": 0.9668297469615936, ""uniformity"": -0.12652600780129433, ""effective_rank"": 2.1514839351177217, ""weight_entropy_ratio"": 0.29067800338349825}, ""Vocal_Tract"": {""alignment"": 0.9602976620197297, ""uniformity"": -0.14168632868677378, ""effective_rank"": 2.2069728136062623, ""weight_entropy_ratio"": 0.18774483841514172}, ""Timbre"": {""alignment"": 0.7191950917243958, ""uniformity"": -1.1010231286287309, ""effective_rank"": 4.406118869781494, ""weight_entropy_ratio"": 0.4442522303320988}, ""Voice_Quality"": {""alignment"": 0.9630087643861771, ""uniformity"": -0.1324008174240589, ""effective_rank"": 2.173330020904541, ""weight_entropy_ratio"": 0.5426861563103154}, ""Scene"": {""alignment"": 0.786531287431717, ""uniformity"": -0.915488138794899, ""effective_rank"": 3.867604386806488, ""weight_entropy_ratio"": 0.44234595652245395}}",-0.12652600780129433,0.7191950917243958,2.1514839351177217,-0.12652600780129433,-0.48342488426715124,0.38154143699270165,"[0.32347399219870565, 0.34851606488227826]",COMPLETE
43,0.8170878273248672,2026-07-27 14:16:54.372912,2026-07-27 14:23:43.291297,0 days 00:06:48.918385,0.20356167072172854,0.137434905449061,0.28757419108639964,0.15065413178510725,0.21013721405308364,0.8112028279168826,3.4222774386405943,4.507847793102265,"{""Prosody"": {""alignment"": 0.820690906047821, ""uniformity"": -0.7568488657474518, ""effective_rank"": 4.162653017044067, ""weight_entropy_ratio"": 0.4436043620034648}, ""Vocal_Tract"": {""alignment"": 0.8498821467161178, ""uniformity"": -0.4455090492963791, ""effective_rank"": 3.6245443344116213, ""weight_entropy_ratio"": 0.25847980847428365}, ""Timbre"": {""alignment"": 0.7499040901660919, ""uniformity"": -1.2095947444438935, ""effective_rank"": 5.968793129920959, ""weight_entropy_ratio"": 0.5502885498663119}, ""Voice_Quality"": {""alignment"": 0.8669824630022049, ""uniformity"": -0.36220204196870326, ""effective_rank"": 3.4222774386405943, ""weight_entropy_ratio"": 0.5740024455193788}, ""Scene"": {""alignment"": 0.7979795306921005, ""uniformity"": -1.081574285030365, ""effective_rank"": 5.36097104549408, ""weight_entropy_ratio"": 0.24073861617233633}}",-0.36220204196870326,0.7499040901660919,3.4222774386405943,-0.36220204196870326,-0.7711457972973585,0.41342275640715515,"[0.08779795803129675, -0.9222774386405943]",COMPLETE
44,0.8754639738798142,2026-07-27 14:23:47.509249,2026-07-27 14:30:38.736693,0 days 00:06:51.227444,0.2346365323845996,0.13819562530196677,0.2863251588503592,0.1594718211820297,0.2912097453862376,0.7682240400840478,2.9111351370811462,4.4045321965217585,"{""Prosody"": {""alignment"": 0.9675924897193908, ""uniformity"": -0.12076525278389454, ""effective_rank"": 2.9111351370811462, ""weight_entropy_ratio"": 0.5050126263076381}, ""Vocal_Tract"": {""alignment"": 0.9551505893468857, ""uniformity"": -0.14690408036112784, ""effective_rank"": 3.029516065120697, ""weight_entropy_ratio"": 0.29195504783786397}, ""Timbre"": {""alignment"": 0.7339628368616105, ""uniformity"": -1.455319494009018, ""effective_rank"": 6.853861546516418, ""weight_entropy_ratio"": 0.5531334015802887}, ""Voice_Quality"": {""alignment"": 0.9639881640672684, ""uniformity"": -0.12632394265383481, ""effective_rank"": 2.9222790122032167, ""weight_entropy_ratio"": 0.6488294039344927}, ""Scene"": {""alignment"": 0.7566257894039154, ""uniformity"": -1.330239588022232, ""effective_rank"": 6.305869221687317, ""weight_entropy_ratio"": 0.26039544277174353}}",-0.12076525278389454,0.7339628368616105,2.9111351370811462,-0.12076525278389454,-0.6359104715660215,0.45186518448640545,"[0.32923474721610546, -0.41113513708114624]",COMPLETE
45,0.8594059264659879,2026-07-27 14:30:45.462162,2026-07-27 14:37:39.859928,0 days 00:06:54.397766,0.20802120914033898,0.12537836825944756,0.36582433834364914,0.22095324145358886,0.21514813160658694,0.814408639065114,2.529649329185486,3.3558481550216674,"{""Prosody"": {""alignment"": 0.9215113371610641, ""uniformity"": -0.3711387626826763, ""effective_rank"": 2.5974074363708497, ""weight_entropy_ratio"": 0.45307376754278417}, ""Vocal_Tract"": {""alignment"": 0.8961099296808243, ""uniformity"": -0.32120807878673074, ""effective_rank"": 2.545331156253815, ""weight_entropy_ratio"": 0.4311034733257023}, ""Timbre"": {""alignment"": 0.7678049802780151, ""uniformity"": -1.0282228231430053, ""effective_rank"": 4.553972053527832, ""weight_entropy_ratio"": 0.6826523243143262}, ""Voice_Quality"": {""alignment"": 0.8950759321451187, ""uniformity"": -0.289671528339386, ""effective_rank"": 2.529649329185486, ""weight_entropy_ratio"": 0.5772522877697204}, ""Scene"": {""alignment"": 0.8165274530649185, ""uniformity"": -0.9981333553791046, ""effective_rank"": 4.552880799770355, ""weight_entropy_ratio"": 0.224703626514206}}",-0.289671528339386,0.7678049802780151,2.529649329185486,-0.289671528339386,-0.6016749096661806,0.47375709589334775,"[0.16032847166061404, -0.029649329185486017]",COMPLETE
46,0.9070059889554976,2026-07-27 14:37:44.145182,2026-07-27 14:44:37.783681,0 days 00:06:53.638499,0.7888308963039659,0.11575472852116965,0.3679393828176256,0.18616646370486692,0.1978150080499496,0.8114045459820229,1.8614614248275756,2.88797886967659,"{""Prosody"": {""alignment"": 0.9877703845500946, ""uniformity"": -0.04961202213307843, ""effective_rank"": 1.885648822784424, ""weight_entropy_ratio"": 0.9123111138385698}, ""Vocal_Tract"": {""alignment"": 0.9847907900810242, ""uniformity"": -0.05481631271541119, ""effective_rank"": 1.9248102009296417, ""weight_entropy_ratio"": 0.36253742317141296}, ""Timbre"": {""alignment"": 0.8052934944629669, ""uniformity"": -1.0653754323720932, ""effective_rank"": 4.438773274421692, ""weight_entropy_ratio"": 0.6941145131866577}, ""Voice_Quality"": {""alignment"": 0.9872739315032959, ""uniformity"": -0.04601348820142448, ""effective_rank"": 1.8614614248275756, ""weight_entropy_ratio"": 0.5557333570951103}, ""Scene"": {""alignment"": 0.7699013441801071, ""uniformity"": -1.1179729342460631, ""effective_rank"": 4.329200625419617, ""weight_entropy_ratio"": 0.19229935700941578}}",-0.04601348820142448,0.7699013441801071,1.8614614248275756,-0.04601348820142448,-0.46675803793361414,0.5433991528602332,"[0.40398651179857553, 0.6385385751724244]",COMPLETE
47,0.7979320633411408,2026-07-27 14:44:41.992435,2026-07-27 14:51:30.575583,0 days 00:06:48.583148,0.2065530971939842,0.10596832462327187,0.523503124887893,0.11181601311788497,0.25890122314464875,0.8887652782684698,3.4366461634635925,3.8762180900573733,"{""Prosody"": {""alignment"": 0.8619078427553177, ""uniformity"": -0.6965684503316879, ""effective_rank"": 3.4970446467399596, ""weight_entropy_ratio"": 0.45136036452372463}, ""Vocal_Tract"": {""alignment"": 0.7611418694257737, ""uniformity"": -0.6241476014256477, ""effective_rank"": 3.470329058170319, ""weight_entropy_ratio"": 0.16890573850690627}, ""Timbre"": {""alignment"": 0.8096468508243561, ""uniformity"": -0.9223350316286087, ""effective_rank"": 4.461258995532989, ""weight_entropy_ratio"": 0.8441437098340676}, ""Voice_Quality"": {""alignment"": 0.7654414862394333, ""uniformity"": -0.5721691183745861, ""effective_rank"": 3.4366461634635925, ""weight_entropy_ratio"": 0.6313653016373305}, ""Scene"": {""alignment"": 0.7915222674608231, ""uniformity"": -0.9719437003135681, ""effective_rank"": 4.515811586380005, ""weight_entropy_ratio"": 0.16557783080961783}}",-0.5721691183745861,0.7611418694257737,3.4366461634635925,-0.5721691183745861,-0.7574327804148198,0.4522705890623294,"[-0.12216911837458605, -0.9366461634635925]",COMPLETE
