number,value,datetime_start,datetime_complete,duration,params_sigma_scale_Prosody,params_sigma_scale_Scene,params_sigma_scale_Timbre,params_sigma_scale_Vocal_Tract,params_sigma_scale_Voice_Quality,params_tau,user_attrs_effective_rank,user_attrs_effective_rank_avg,user_attrs_group_breakdown,user_attrs_max_group_uniformity,user_attrs_min_group_alignment,user_attrs_min_group_rank,user_attrs_uniformity,user_attrs_uniformity_avg,user_attrs_weight_entropy_ratio,system_attrs_constraints,state
48,0.9191965168714523,2026-07-27 14:51:34.849575,2026-07-27 14:58:22.531983,0 days 00:06:47.682408,0.20624783896406015,0.10108936718939354,0.621436580740322,0.11438870540107618,0.20359556326099054,0.9455434531891915,1.7829080641269683,2.411241579055786,"{""Prosody"": {""alignment"": 0.9813111037015915, ""uniformity"": -0.07390634790062904, ""effective_rank"": 1.7865233063697814, ""weight_entropy_ratio"": 0.4556985208334405}, ""Vocal_Tract"": {""alignment"": 0.9765869349241256, ""uniformity"": -0.08285060878843069, ""effective_rank"": 1.8176800310611725, ""weight_entropy_ratio"": 0.17655328438601414}, ""Timbre"": {""alignment"": 0.8316528141498566, ""uniformity"": -0.6853221148252487, ""effective_rank"": 3.293432652950287, ""weight_entropy_ratio"": 0.8956867838969582}, ""Voice_Quality"": {""alignment"": 0.9798524528741837, ""uniformity"": -0.07209617178887129, ""effective_rank"": 1.7829080641269683, ""weight_entropy_ratio"": 0.5598749467572979}, ""Scene"": {""alignment"": 0.8265792787075043, ""uniformity"": -0.8161766588687897, ""effective_rank"": 3.3756638407707213, ""weight_entropy_ratio"": 0.14967435805534784}}",-0.07209617178887129,0.8265792787075043,1.7829080641269683,-0.07209617178887129,-0.34607038043439386,0.4474975787858117,"[0.3779038282111287, 0.7170919358730317]",COMPLETE
49,0.9269987118244174,2026-07-27 14:58:26.774854,2026-07-27 15:05:16.001678,0 days 00:06:49.226824,0.25402146232336276,0.1219434674537665,0.46365047552211147,0.12689574884367064,0.12650367320632167,0.8941883889245297,1.7082504987716676,2.895736349821091,"{""Prosody"": {""alignment"": 0.9945086568593979, ""uniformity"": -0.022649035137146712, ""effective_rank"": 1.7082504987716676, ""weight_entropy_ratio"": 0.5383752736696998}, ""Vocal_Tract"": {""alignment"": 0.993949830532074, ""uniformity"": -0.023279627226293086, ""effective_rank"": 1.72064511179924, ""weight_entropy_ratio"": 0.2066214399780491}, ""Timbre"": {""alignment"": 0.8171344608068466, ""uniformity"": -0.8740258365869522, ""effective_rank"": 4.722910523414612, ""weight_entropy_ratio"": 0.8015709337414172}, ""Voice_Quality"": {""alignment"": 0.9936871498823165, ""uniformity"": -0.02267327206209302, ""effective_rank"": 1.7166090488433838, ""weight_entropy_ratio"": 0.4485567009702257}, ""Scene"": {""alignment"": 0.8357134610414505, ""uniformity"": -0.7846192061901093, ""effective_rank"": 4.61026656627655, ""weight_entropy_ratio"": 0.20812700679124618}}",-0.022649035137146712,0.8171344608068466,1.7082504987716676,-0.022649035137146712,-0.34544939544051884,0.4406502710301276,"[0.4273509648628533, 0.7917495012283324]",COMPLETE
50,0.9298154723644256,2026-07-27 15:05:20.334727,2026-07-27 15:12:10.711336,0 days 00:06:50.376609,0.3001187677815792,0.10227839002944104,0.6195107448177756,0.24839746285858713,0.1509571580321148,0.8338733515900845,1.9060511767864228,2.896607438325882,"{""Prosody"": {""alignment"": 0.9900850027799606, ""uniformity"": -0.03635039328364655, ""effective_rank"": 1.9378267228603363, ""weight_entropy_ratio"": 0.6001182165942336}, ""Vocal_Tract"": {""alignment"": 0.9908616244792938, ""uniformity"": -0.03610855907900259, ""effective_rank"": 1.93780637383461, ""weight_entropy_ratio"": 0.5065963089200565}, ""Timbre"": {""alignment"": 0.8937329769134521, ""uniformity"": -0.6997547805309295, ""effective_rank"": 4.226241743564605, ""weight_entropy_ratio"": 0.8951169802959529}, ""Voice_Quality"": {""alignment"": 0.9915828943252564, ""uniformity"": -0.03269357815152034, ""effective_rank"": 1.9060511767864228, ""weight_entropy_ratio"": 0.4902570778721359}, ""Scene"": {""alignment"": 0.7828148633241654, ""uniformity"": -0.9923082590103149, ""effective_rank"": 4.475111174583435, ""weight_entropy_ratio"": 0.15887199258835663}}",-0.03269357815152034,0.7828148633241654,1.9060511767864228,-0.03269357815152034,-0.3594431140110828,0.5301921152541471,"[0.41730642184847966, 0.5939488232135772]",COMPLETE
51,0.8878713417053221,2026-07-27 15:12:14.966345,2026-07-27 15:19:04.674954,0 days 00:06:49.708609,0.21503728556130908,0.12663573695752972,0.40759490689469113,0.11149309885989199,0.2519654246680679,0.9573263048435073,2.0903314530849455,2.7503678250312804,"{""Prosody"": {""alignment"": 0.9704454451799392, ""uniformity"": -0.11470639016479253, ""effective_rank"": 2.0903314530849455, ""weight_entropy_ratio"": 0.46318050339901873}, ""Vocal_Tract"": {""alignment"": 0.959535014629364, ""uniformity"": -0.13405522387474775, ""effective_rank"": 2.1507170140743255, ""weight_entropy_ratio"": 0.1587620858017012}, ""Timbre"": {""alignment"": 0.784866812825203, ""uniformity"": -0.8755109935998917, ""effective_rank"": 3.692783772945404, ""weight_entropy_ratio"": 0.7308987803025725}, ""Voice_Quality"": {""alignment"": 0.9640287637710572, ""uniformity"": -0.11577387396246194, ""effective_rank"": 2.091442573070526, ""weight_entropy_ratio"": 0.6199581751350347}, ""Scene"": {""alignment"": 0.760480672121048, ""uniformity"": -0.9592073291540146, ""effective_rank"": 3.726564311981201, ""weight_entropy_ratio"": 0.2148526535972654}}",-0.11470639016479253,0.760480672121048,2.0903314530849455,-0.11470639016479253,-0.4398507621511817,0.43753043964711846,"[0.3352936098352075, 0.4096685469150545]",COMPLETE
52,0.9017471349239351,2026-07-27 15:19:08.985899,2026-07-27 15:26:03.450718,0 days 00:06:54.464819,0.1875127480782278,0.14930198852210866,0.5691128133122124,0.14020292980120472,0.26541911436251286,0.8861380020995729,2.479022264480591,3.643932985067367,"{""Prosody"": {""alignment"": 0.9809249103069305, ""uniformity"": -0.07466843719594181, ""effective_rank"": 2.533563506603241, ""weight_entropy_ratio"": 0.4007036703202271}, ""Vocal_Tract"": {""alignment"": 0.981184932589531, ""uniformity"": -0.06844711927697063, ""effective_rank"": 2.479022264480591, ""weight_entropy_ratio"": 0.23884176543119068}, ""Timbre"": {""alignment"": 0.7825656563043595, ""uniformity"": -1.1318007320165635, ""effective_rank"": 5.458516550064087, ""weight_entropy_ratio"": 0.8677182160051684}, ""Voice_Quality"": {""alignment"": 0.9825879007577896, ""uniformity"": -0.06946206060238183, ""effective_rank"": 2.479747253656387, ""weight_entropy_ratio"": 0.6196352415423425}, ""Scene"": {""alignment"": 0.7814722746610642, ""uniformity"": -1.0947506904602051, ""effective_rank"": 5.268815350532532, ""weight_entropy_ratio"": 0.28497992637230785}}",-0.06844711927697063,0.7814722746610642,2.479022264480591,-0.06844711927697063,-0.4878258079104126,0.4823757639342473,"[0.3815528807230294, 0.02097773551940918]",COMPLETE
