number,value,datetime_start,datetime_complete,duration,params_sigma_scale_Prosody,params_sigma_scale_Scene,params_sigma_scale_Timbre,params_sigma_scale_Vocal_Tract,params_sigma_scale_Voice_Quality,params_tau,user_attrs_effective_rank,user_attrs_effective_rank_avg,user_attrs_group_breakdown,user_attrs_max_group_uniformity,user_attrs_min_group_alignment,user_attrs_min_group_rank,user_attrs_uniformity,user_attrs_uniformity_avg,user_attrs_weight_entropy_ratio,system_attrs_constraints,state
0,0.9432987755537035,2026-07-27 09:16:48.856948,2026-07-27 09:23:55.055789,0 days 00:07:06.198841,0.7220721098226064,0.13831748681407516,0.3472501825396631,0.4582013868952863,0.13832442448846113,0.40581311290499433,1.782820951938629,2.754875441789627,"{""Prosody"": {""alignment"": 0.9903398275375366, ""uniformity"": -0.03629857152700424, ""effective_rank"": 1.782820951938629, ""weight_entropy_ratio"": 0.8868787698685463}, ""Vocal_Tract"": {""alignment"": 0.9902637004852295, ""uniformity"": -0.036786894267424944, ""effective_rank"": 1.7878648519515992, ""weight_entropy_ratio"": 0.7478105843265916}, ""Timbre"": {""alignment"": 0.8674893319606781, ""uniformity"": -0.7657586574554444, ""effective_rank"": 4.186679923534394, ""weight_entropy_ratio"": 0.6467066613811951}, ""Voice_Quality"": {""alignment"": 0.9904455542564392, ""uniformity"": -0.036140172416344284, ""effective_rank"": 1.7829107224941254, ""weight_entropy_ratio"": 0.46873666396338487}, ""Scene"": {""alignment"": 0.8779554635286331, ""uniformity"": -0.7826259389519692, ""effective_rank"": 4.234100759029388, ""weight_entropy_ratio"": 0.2575968108490957}}",-0.036140172416344284,0.8674893319606781,1.782820951938629,-0.036140172416344284,-0.3315220469236374,0.6015458980777626,"[0.41385982758365575, 0.7171790480613709]",COMPLETE
1,0.9978285896778105,2026-07-27 09:23:59.318914,2026-07-27 09:31:02.537179,0 days 00:07:03.218265,0.6056685237625633,0.7514773163638977,0.4359666365651394,0.3490285460630004,0.10437335666720517,0.10517943155978948,1.2261310696601868,1.5246211409568786,"{""Prosody"": {""alignment"": 0.9996384173631668, ""uniformity"": -0.0014979102998040617, ""effective_rank"": 1.2261310696601868, ""weight_entropy_ratio"": 0.8501613763276105}, ""Vocal_Tract"": {""alignment"": 0.9996266692876816, ""uniformity"": -0.0015031918010208756, ""effective_rank"": 1.2271463692188262, ""weight_entropy_ratio"": 0.6661600669498889}, ""Timbre"": {""alignment"": 0.9916360795497894, ""uniformity"": -0.15232886876910925, ""effective_rank"": 2.0149134278297423, ""weight_entropy_ratio"": 0.7748039581400888}, ""Voice_Quality"": {""alignment"": 0.9996048241853714, ""uniformity"": -0.0015352037153206766, ""effective_rank"": 1.2280914723873138, ""weight_entropy_ratio"": 0.4059240401982861}, ""Scene"": {""alignment"": 0.9986369580030441, ""uniformity"": -0.1102127730846405, ""effective_rank"": 1.926823365688324, ""weight_entropy_ratio"": 0.9112718745444844}}",-0.0014979102998040617,0.9916360795497894,1.2261310696601868,-0.0014979102998040617,-0.05341558953397908,0.7216642632320717,"[0.44850208970019595, 1.2738689303398132]",COMPLETE
2,0.7470934662222862,2026-07-27 09:31:09.460768,2026-07-27 09:38:23.103924,0 days 00:07:13.643156,0.15551107542108783,0.2977846306223348,0.14643024075185015,0.14595006988277215,0.1882600298604725,0.8408205087604007,3.166882860660553,4.05970911026001,"{""Prosody"": {""alignment"": 0.8611534029245377, ""uniformity"": -0.730605237185955, ""effective_rank"": 3.166882860660553, ""weight_entropy_ratio"": 0.32950718857736283}, ""Vocal_Tract"": {""alignment"": 0.7374493092298507, ""uniformity"": -0.6746851146221161, ""effective_rank"": 3.1733487963676454, ""weight_entropy_ratio"": 0.25701017376343277}, ""Timbre"": {""alignment"": 0.6950082302093505, ""uniformity"": -1.2735569715499877, ""effective_rank"": 5.624274182319641, ""weight_entropy_ratio"": 0.191368251382608}, ""Voice_Quality"": {""alignment"": 0.6921706274151802, ""uniformity"": -0.6354456439614296, ""effective_rank"": 3.2003915786743162, ""weight_entropy_ratio"": 0.5467816146573132}, ""Scene"": {""alignment"": 0.7496857613325119, ""uniformity"": -1.1520043671131135, ""effective_rank"": 5.133648133277893, ""weight_entropy_ratio"": 0.5879933025950406}}",-0.6354456439614296,0.6921706274151802,3.166882860660553,-0.6354456439614296,-0.8932594668865204,0.38253210619515154,"[-0.18544564396142954, -0.6668828606605528]",COMPLETE
3,0.9131037628650664,2026-07-27 09:38:31.116928,2026-07-27 09:46:20.566952,0 days 00:07:49.450024,0.18323402450269796,0.2142188641834878,0.13365201439497273,0.3569095943771272,0.18358318781006536,0.46034776771000996,2.40957248210907,3.585133630037307,"{""Prosody"": {""alignment"": 0.9843315243721008, ""uniformity"": -0.06271633198484779, ""effective_rank"": 2.4144407987594603, ""weight_entropy_ratio"": 0.409552482638649}, ""Vocal_Tract"": {""alignment"": 0.9832386434078216, ""uniformity"": -0.062183397077023986, ""effective_rank"": 2.4121290743350983, ""weight_entropy_ratio"": 0.6591623178915254}, ""Timbre"": {""alignment"": 0.8106035083532334, ""uniformity"": -1.07054346203804, ""effective_rank"": 5.353056764602661, ""weight_entropy_ratio"": 0.16602370883145015}, ""Voice_Quality"": {""alignment"": 0.9836373269557953, ""uniformity"": -0.06214633220806718, ""effective_rank"": 2.40957248210907, ""weight_entropy_ratio"": 0.5354816262858979}, ""Scene"": {""alignment"": 0.8037078112363816, ""uniformity"": -1.077933457493782, ""effective_rank"": 5.336469030380249, ""weight_entropy_ratio"": 0.43245889181452535}}",-0.06214633220806718,0.8037078112363816,2.40957248210907,-0.06214633220806718,-0.46710459616035216,0.4405358054924095,"[0.3878536677919328, 0.09042751789093018]",COMPLETE
4,0.9108916682004928,2026-07-27 09:46:28.923536,2026-07-27 09:54:21.020969,0 days 00:07:52.097433,0.5117814598236953,0.1101409714381911,0.2913399036733846,0.1514688727422765,0.34277067939409994,0.4832664850061841,2.31808198094368,3.6869894552230833,"{""Prosody"": {""alignment"": 0.9771388292312622, ""uniformity"": -0.08121897326782346, ""effective_rank"": 2.347220504283905, ""weight_entropy_ratio"": 0.7930144537805666}, ""Vocal_Tract"": {""alignment"": 0.9767306119203567, ""uniformity"": -0.07934337286278606, ""effective_rank"": 2.332012802362442, ""weight_entropy_ratio"": 0.26545660163535056}, ""Timbre"": {""alignment"": 0.8138499736785889, ""uniformity"": -0.9724232524633407, ""effective_rank"": 5.754818463325501, ""weight_entropy_ratio"": 0.5489480687393555}, ""Voice_Quality"": {""alignment"": 0.97658089697361, ""uniformity"": -0.07759275801945478, ""effective_rank"": 2.31808198094368, ""weight_entropy_ratio"": 0.6868743999292238}, ""Scene"": {""alignment"": 0.8101580291986465, ""uniformity"": -1.0092489212751388, ""effective_rank"": 5.68281352519989, ""weight_entropy_ratio"": 0.17319476610246767}}",-0.07759275801945478,0.8101580291986465,2.31808198094368,-0.07759275801945478,-0.4439654555777087,0.49349765803739293,"[0.3724072419805452, 0.1819180190563201]",COMPLETE
5,0.965038214325905,2026-07-27 09:54:28.360487,2026-07-27 10:01:21.123159,0 days 00:06:52.762672,0.14256030920149879,0.5371004924854034,0.7193314150910518,0.1144846978456873,0.7448222129315538,0.6271676093063665,1.6586140632629394,2.385700092315674,"{""Prosody"": {""alignment"": 0.9898616820573807, ""uniformity"": -0.03783281305804849, ""effective_rank"": 1.6644713163375855, ""weight_entropy_ratio"": 0.31409548526749315}, ""Vocal_Tract"": {""alignment"": 0.9894233226776123, ""uniformity"": -0.04013312682509422, ""effective_rank"": 1.6725753664970398, ""weight_entropy_ratio"": 0.16753436769822788}, ""Timbre"": {""alignment"": 0.9342696368694305, ""uniformity"": -0.5005367726087571, ""effective_rank"": 3.4881502628326415, ""weight_entropy_ratio"": 0.9297847140133246}, ""Voice_Quality"": {""alignment"": 0.9904999643564224, ""uniformity"": -0.03748595844954252, ""effective_rank"": 1.6586140632629394, ""weight_entropy_ratio"": 0.8596022234955137}, ""Scene"": {""alignment"": 0.9211364656686782, ""uniformity"": -0.5927595898509026, ""effective_rank"": 3.444689452648163, ""weight_entropy_ratio"": 0.8178204787567724}}",-0.03748595844954252,0.9211364656686782,1.6586140632629394,-0.03748595844954252,-0.241749652158469,0.6177674538462663,"[0.4125140415504575, 0.8413859367370606]",COMPLETE
6,0.9473487937450409,2026-07-27 10:01:25.287971,2026-07-27 10:08:17.228094,0 days 00:06:51.940123,0.12251992101776236,0.2800201663779506,0.24974529191110562,0.4148814287315354,0.1288877101323635,0.33938308071470213,1.8787358760833741,3.0663774514198305,"{""Prosody"": {""alignment"": 0.9947367489337922, ""uniformity"": -0.022633742727339267, ""effective_rank"": 1.88222576379776, ""weight_entropy_ratio"": 0.25679189521517354}, ""Vocal_Tract"": {""alignment"": 0.9941057801246643, ""uniformity"": -0.0224428441375494, ""effective_rank"": 1.8787358760833741, ""weight_entropy_ratio"": 0.7083948181538842}, ""Timbre"": {""alignment"": 0.8748069256544113, ""uniformity"": -0.7710033163428307, ""effective_rank"": 4.877006411552429, ""weight_entropy_ratio"": 0.45845805853090826}, ""Voice_Quality"": {""alignment"": 0.9937829703092576, ""uniformity"": -0.023926095059141516, ""effective_rank"": 1.900740623474121, ""weight_entropy_ratio"": 0.4542181164904087}, ""Scene"": {""alignment"": 0.8793115437030792, ""uniformity"": -0.7504667729139328, ""effective_rank"": 4.793178582191468, ""weight_entropy_ratio"": 0.5670072946383756}}",-0.0224428441375494,0.8748069256544113,1.8787358760833741,-0.0224428441375494,-0.3180945542361587,0.48897403660575006,"[0.42755715586245063, 0.6212641239166259]",COMPLETE
7,0.9961103028059005,2026-07-27 10:08:21.431583,2026-07-27 10:15:10.558421,0 days 00:06:49.126838,0.6625187138404189,0.2948955523232026,0.3965676111103478,0.17127801069727153,0.19120672003192066,0.08266909505945748,1.3310421586036683,1.7436043846607205,"{""Prosody"": {""alignment"": 0.9987642139196395, ""uniformity"": -0.005140127846971154, ""effective_rank"": 1.3310421586036683, ""weight_entropy_ratio"": 0.8718343072755882}, ""Vocal_Tract"": {""alignment"": 0.9986744344234466, ""uniformity"": -0.005129068763926626, ""effective_rank"": 1.331410300731659, ""weight_entropy_ratio"": 0.3235871479507436}, ""Timbre"": {""alignment"": 0.989120501279831, ""uniformity"": -0.16890927851200105, ""effective_rank"": 2.320089280605316, ""weight_entropy_ratio"": 0.7150183203360092}, ""Voice_Quality"": {""alignment"": 0.998700737953186, ""uniformity"": -0.005153370392508805, ""effective_rank"": 1.3311537683010102, ""weight_entropy_ratio"": 0.5481431430349785}, ""Scene"": {""alignment"": 0.9952916264533996, ""uniformity"": -0.2036072552204132, ""effective_rank"": 2.4043264150619508, ""weight_entropy_ratio"": 0.5781097064395013}}",-0.005129068763926626,0.989120501279831,1.3310421586036683,-0.005129068763926626,-0.07758782014716417,0.6073385250073642,"[0.4448709312360734, 1.1689578413963317]",COMPLETE
8,0.9591892796754837,2026-07-27 10:15:14.733483,2026-07-27 10:22:02.357496,0 days 00:06:47.624013,0.1468724054869181,0.6428499585801386,0.5012041881363469,0.7509692752447114,0.7054270142609772,0.5693747653761156,1.5387314021587373,2.331880061626434,"{""Prosody"": {""alignment"": 0.9945805609226227, ""uniformity"": -0.020421435916796328, ""effective_rank"": 1.5698766648769378, ""weight_entropy_ratio"": 0.3359351239642662}, ""Vocal_Tract"": {""alignment"": 0.9950584650039673, ""uniformity"": -0.017555938055738806, ""effective_rank"": 1.544459068775177, ""weight_entropy_ratio"": 0.9014781097237885}, ""Timbre"": {""alignment"": 0.8988184362649918, ""uniformity"": -0.6263419359922409, ""effective_rank"": 3.4975998759269715, ""weight_entropy_ratio"": 0.8370328609355321}, ""Voice_Quality"": {""alignment"": 0.9953606277704239, ""uniformity"": -0.016992491926066576, ""effective_rank"": 1.5387314021587373, ""weight_entropy_ratio"": 0.852322884377668}, ""Scene"": {""alignment"": 0.9121283084154129, ""uniformity"": -0.6328880652785301, ""effective_rank"": 3.508733296394348, ""weight_entropy_ratio"": 0.8811422819844716}}",-0.016992491926066576,0.8988184362649918,1.5387314021587373,-0.016992491926066576,-0.26283997343387455,0.7615822521971453,"[0.43300750807393346, 0.9612685978412627]",COMPLETE
9,0.885040554702282,2026-07-27 10:22:06.530534,2026-07-27 10:28:54.660510,0 days 00:06:48.129976,0.6800414597277957,0.19669918667681466,0.1503107911459383,0.12020338353108916,0.10986119324556899,0.6180049798705309,2.3629071712493896,3.8168135976791375,"{""Prosody"": {""alignment"": 0.9773650914430618, ""uniformity"": -0.08467632653191685, ""effective_rank"": 2.3629071712493896, ""weight_entropy_ratio"": 0.8744209726672348}, ""Vocal_Tract"": {""alignment"": 0.9642426103353501, ""uniformity"": -0.11466570803895593, ""effective_rank"": 2.5425209403038025, ""weight_entropy_ratio"": 0.18837276508514958}, ""Timbre"": {""alignment"": 0.74224753677845, ""uniformity"": -1.3894055783748627, ""effective_rank"": 6.128303337097168, ""weight_entropy_ratio"": 0.20531507035905947}, ""Voice_Quality"": {""alignment"": 0.9723331958055497, ""uniformity"": -0.08964409939944744, ""effective_rank"": 2.4010463118553163, ""weight_entropy_ratio"": 0.4146503972239482}, ""Scene"": {""alignment"": 0.7690143391489983, ""uniformity"": -1.2303580403327943, ""effective_rank"": 5.649290227890015, ""weight_entropy_ratio"": 0.39160905258443723}}",-0.08467632653191685,0.74224753677845,2.3629071712493896,-0.08467632653191685,-0.5817499505355953,0.41487365158396583,"[0.36532367346808314, 0.13709282875061035]",COMPLETE
10,0.8945415031909943,2026-07-27 10:28:58.883373,2026-07-27 10:35:47.607675,0 days 00:06:48.724302,0.2675821657979406,0.4201024561702986,0.10380569727916208,0.21527582515382854,0.35249802402149705,0.9790962703771402,1.934264361858368,2.8553663873672486,"{""Prosody"": {""alignment"": 0.9857447743415833, ""uniformity"": -0.05524802156724036, ""effective_rank"": 1.9759987950325013, ""weight_entropy_ratio"": 0.5645213970955767}, ""Vocal_Tract"": {""alignment"": 0.9850167751312255, ""uniformity"": -0.05428236494772136, ""effective_rank"": 1.9743880748748779, ""weight_entropy_ratio"": 0.4290449169745661}, ""Timbre"": {""alignment"": 0.7162183284759521, ""uniformity"": -1.0760228157043457, ""effective_rank"": 4.390193521976471, ""weight_entropy_ratio"": 0.09831033200473663}, ""Voice_Quality"": {""alignment"": 0.9862252831459045, ""uniformity"": -0.049943200312554836, ""effective_rank"": 1.934264361858368, ""weight_entropy_ratio"": 0.7040418323800328}, ""Scene"": {""alignment"": 0.7995023548603057, ""uniformity"": -0.932307431101799, ""effective_rank"": 4.001987183094025, ""weight_entropy_ratio"": 0.7415645515662681}}",-0.049943200312554836,0.7162183284759521,1.934264361858368,-0.049943200312554836,-0.43356076672673227,0.5074966060042361,"[0.4000567996874452, 0.5657356381416321]",COMPLETE
11,0.8717388635873794,2026-07-27 10:35:51.896102,2026-07-27 10:42:49.019782,0 days 00:06:57.123680,0.2261623338912778,0.2332173644485728,0.17774019663160526,0.2638691585160627,0.2217989324707767,0.8618780584423239,2.230700898170471,3.484985890388489,"{""Prosody"": {""alignment"": 0.9759388774633407, ""uniformity"": -0.07311026635579765, ""effective_rank"": 2.3223192036151885, ""weight_entropy_ratio"": 0.4975290914533711}, ""Vocal_Tract"": {""alignment"": 0.9808201968669892, ""uniformity"": -0.06296108746901155, ""effective_rank"": 2.230700898170471, ""weight_entropy_ratio"": 0.5373705789131413}, ""Timbre"": {""alignment"": 0.7065028697252274, ""uniformity"": -1.320072305202484, ""effective_rank"": 5.44295654296875, ""weight_entropy_ratio"": 0.282670859543418}, ""Voice_Quality"": {""alignment"": 0.9802859723567963, ""uniformity"": -0.06596543448977173, ""effective_rank"": 2.2483146846294404, ""weight_entropy_ratio"": 0.5775567032345166}, ""Scene"": {""alignment"": 0.7151464015245438, ""uniformity"": -1.2435761630535125, ""effective_rank"": 5.180638122558594, ""weight_entropy_ratio"": 0.47487917388613177}}",-0.06296108746901155,0.7065028697252274,2.230700898170471,-0.06296108746901155,-0.5531370513141154,0.47400128140611575,"[0.38703891253098843, 0.269299101829529]",COMPLETE
12,0.8834566062688829,2026-07-27 10:42:53.311568,2026-07-27 10:49:47.572750,0 days 00:06:54.261182,0.19493973969035475,0.18781837038332513,0.10362961998529494,0.6470203857901341,0.19979253651798912,0.7840819103415001,2.0800512552261354,3.210828701257706,"{""Prosody"": {""alignment"": 0.9823933392763138, ""uniformity"": -0.05989249278791249, ""effective_rank"": 2.193013960123062, ""weight_entropy_ratio"": 0.4312998471959514}, ""Vocal_Tract"": {""alignment"": 0.98880275785923, ""uniformity"": -0.045330032845959066, ""effective_rank"": 2.0800512552261354, ""weight_entropy_ratio"": 0.8622128076561474}, ""Timbre"": {""alignment"": 0.753000482916832, ""uniformity"": -1.1422180205583572, ""effective_rank"": 4.797220540046692, ""weight_entropy_ratio"": 0.09591381442460653}, ""Voice_Quality"": {""alignment"": 0.9866170823574066, ""uniformity"": -0.046830589836463335, ""effective_rank"": 2.092828464508057, ""weight_entropy_ratio"": 0.5604186765119705}, ""Scene"": {""alignment"": 0.7064693689346313, ""uniformity"": -1.1741907000541687, ""effective_rank"": 4.891029286384582, ""weight_entropy_ratio"": 0.36992856160211407}}",-0.045330032845959066,0.7064693689346313,2.0800512552261354,-0.045330032845959066,-0.4936923672165722,0.4639547414781581,"[0.40466996715404097, 0.41994874477386457]",COMPLETE
13,0.9550754481554031,2026-07-27 10:49:51.886988,2026-07-27 10:56:40.892311,0 days 00:06:49.005323,0.3830597180194391,0.3725678250110665,0.16499517231799607,0.2558534628219834,0.2650226486520346,0.2550442386772413,1.8133203208446502,2.9248403191566466,"{""Prosody"": {""alignment"": 0.9919351726770401, ""uniformity"": -0.03228010442107916, ""effective_rank"": 1.8239680528640747, ""weight_entropy_ratio"": 0.6944047264327937}, ""Vocal_Tract"": {""alignment"": 0.9912561178207397, ""uniformity"": -0.03578438209369779, ""effective_rank"": 1.8603114306926727, ""weight_entropy_ratio"": 0.5071566477321067}, ""Timbre"": {""alignment"": 0.8965469628572464, ""uniformity"": -0.7198860794305801, ""effective_rank"": 4.705968999862671, ""weight_entropy_ratio"": 0.24820841924204995}, ""Voice_Quality"": {""alignment"": 0.9918231993913651, ""uniformity"": -0.03129872130230069, ""effective_rank"": 1.8133203208446502, ""weight_entropy_ratio"": 0.6227667760887002}, ""Scene"": {""alignment"": 0.9038157880306243, ""uniformity"": -0.6798777282238007, ""effective_rank"": 4.420632791519165, ""weight_entropy_ratio"": 0.6905657740807969}}",-0.03129872130230069,0.8965469628572464,1.8133203208446502,-0.03129872130230069,-0.2998254030942917,0.5526204687152895,"[0.4187012786976993, 0.6866796791553498]",COMPLETE
14,0.8929420727491377,2026-07-27 10:56:45.126541,2026-07-27 11:03:41.827853,0 days 00:06:56.701312,0.10723364696534589,0.1527588801032449,0.20397578105287387,0.1860352576894002,0.16497614397315644,0.7161044656240718,1.8535836935043335,2.6986041712760924,"{""Prosody"": {""alignment"": 0.9835970938205719, ""uniformity"": -0.06375978272408248, ""effective_rank"": 1.8730388224124908, ""weight_entropy_ratio"": 0.20558425649539655}, ""Vocal_Tract"": {""alignment"": 0.9836519181728363, ""uniformity"": -0.059791428968310356, ""effective_rank"": 1.8535836935043335, ""weight_entropy_ratio"": 0.3598333794349048}, ""Timbre"": {""alignment"": 0.7501406222581863, ""uniformity"": -1.119121527671814, ""effective_rank"": 4.036092436313629, ""weight_entropy_ratio"": 0.350798558621583}, ""Voice_Quality"": {""alignment"": 0.9825585365295411, ""uniformity"": -0.06463545355945825, ""effective_rank"": 1.8695183217525482, ""weight_entropy_ratio"": 0.5082974216682474}, ""Scene"": {""alignment"": 0.7647621929645538, ""uniformity"": -1.061428937315941, ""effective_rank"": 3.860787582397461, ""weight_entropy_ratio"": 0.29550619378244225}}",-0.059791428968310356,0.7501406222581863,1.8535836935043335,-0.059791428968310356,-0.4737474260479212,0.34400396200051475,"[0.39020857103168965, 0.6464163064956665]",COMPLETE
15,0.852283489704132,2026-07-27 11:03:48.276986,2026-07-27 11:10:36.572146,0 days 00:06:48.295160,0.17900165493780518,0.34369183333215036,0.12920805283021777,0.3362843084181329,0.4183436497486194,0.9993943167094739,2.8390519499778746,4.291108336448668,"{""Prosody"": {""alignment"": 0.9623431205749512, ""uniformity"": -0.1308687270618975, ""effective_rank"": 2.9213664889335633, ""weight_entropy_ratio"": 0.4028926002189352}, ""Vocal_Tract"": {""alignment"": 0.9608301132917404, ""uniformity"": -0.12976056206971406, ""effective_rank"": 2.91871440410614, ""weight_entropy_ratio"": 0.6390967667749461}, ""Timbre"": {""alignment"": 0.6482905656099319, ""uniformity"": -1.5969260156154632, ""effective_rank"": 6.893742680549622, ""weight_entropy_ratio"": 0.15734583601082977}, ""Voice_Quality"": {""alignment"": 0.9663836717605591, ""uniformity"": -0.11843124786391854, ""effective_rank"": 2.8390519499778746, ""weight_entropy_ratio"": 0.7371820679914234}, ""Scene"": {""alignment"": 0.7235699772834778, ""uniformity"": -1.3219442129135133, ""effective_rank"": 5.882666158676147, ""weight_entropy_ratio"": 0.649322726746559}}",-0.11843124786391854,0.6482905656099319,2.8390519499778746,-0.11843124786391854,-0.6595861531049013,0.5171679995485388,"[0.3315687521360815, -0.3390519499778746]",COMPLETE
