number,value,datetime_start,datetime_complete,duration,params_sigma_scale_Prosody,params_sigma_scale_Scene,params_sigma_scale_Timbre,params_sigma_scale_Vocal_Tract,params_sigma_scale_Voice_Quality,params_tau,user_attrs_effective_rank,user_attrs_effective_rank_avg,user_attrs_group_breakdown,user_attrs_max_group_uniformity,user_attrs_min_group_alignment,user_attrs_min_group_rank,user_attrs_uniformity,user_attrs_uniformity_avg,user_attrs_weight_entropy_ratio,system_attrs_constraints,state
16,0.8998484462499619,2026-07-27 11:10:40.851257,2026-07-27 11:17:28.267644,0 days 00:06:47.416387,0.27410848120832854,0.4122925286421579,0.22188292588120626,0.5367305859313785,0.5038990758887153,0.9879393451108363,1.8272648096084594,2.6866311585903166,"{""Prosody"": {""alignment"": 0.9853357642889022, ""uniformity"": -0.05619630953297019, ""effective_rank"": 1.8502870976924897, ""weight_entropy_ratio"": 0.5620552520307156}, ""Vocal_Tract"": {""alignment"": 0.9858479589223862, ""uniformity"": -0.05364867625758052, ""effective_rank"": 1.8272648096084594, ""weight_entropy_ratio"": 0.805650000265136}, ""Timbre"": {""alignment"": 0.761982211470604, ""uniformity"": -0.9844252109527588, ""effective_rank"": 4.02962601184845, ""weight_entropy_ratio"": 0.39633033935023604}, ""Voice_Quality"": {""alignment"": 0.983180171251297, ""uniformity"": -0.0591559206135571, ""effective_rank"": 1.8699494361877442, ""weight_entropy_ratio"": 0.7666339995013444}, ""Scene"": {""alignment"": 0.7828961253166199, ""uniformity"": -0.9503625482320786, ""effective_rank"": 3.856028437614441, ""weight_entropy_ratio"": 0.7279140240747937}}",-0.05364867625758052,0.761982211470604,1.8272648096084594,-0.05364867625758052,-0.4207577331177891,0.6517167230444451,"[0.3963513237424195, 0.6727351903915406]",COMPLETE
17,0.8943151253461841,2026-07-27 11:17:32.561764,2026-07-27 11:24:20.461277,0 days 00:06:47.899513,0.3702811574258698,0.3268454926406664,0.12758533638553904,0.13530082436937296,0.5133289462258805,0.8602250184695637,2.183389115333557,3.693070681095123,"{""Prosody"": {""alignment"": 0.9886138200759887, ""uniformity"": -0.04728385806083679, ""effective_rank"": 2.2252309918403625, ""weight_entropy_ratio"": 0.6907260381771025}, ""Vocal_Tract"": {""alignment"": 0.9879496961832046, ""uniformity"": -0.04840415325015783, ""effective_rank"": 2.2405982494354246, ""weight_entropy_ratio"": 0.232633496157366}, ""Timbre"": {""alignment"": 0.7141618996858596, ""uniformity"": -1.4947983384132386, ""effective_rank"": 6.351201701164245, ""weight_entropy_ratio"": 0.14961088182025586}, ""Voice_Quality"": {""alignment"": 0.9888614505529404, ""uniformity"": -0.043955921195447445, ""effective_rank"": 2.183389115333557, ""weight_entropy_ratio"": 0.781049332004936}, ""Scene"": {""alignment"": 0.7919887602329254, ""uniformity"": -1.209689137339592, ""effective_rank"": 5.4649333477020265, ""weight_entropy_ratio"": 0.6180265439199907}}",-0.043955921195447445,0.7141618996858596,2.183389115333557,-0.043955921195447445,-0.5688262816518544,0.49440925841593025,"[0.40604407880455257, 0.31661088466644305]",COMPLETE
18,0.9018940716981888,2026-07-27 11:24:24.708004,2026-07-27 11:31:14.519930,0 days 00:06:49.811926,0.16453657036256963,0.5286175473769817,0.12937052638916302,0.3091680799418918,0.40323906968872303,0.9014574915935634,1.9969430208206176,3.18970811009407,"{""Prosody"": {""alignment"": 0.9896458625793457, ""uniformity"": -0.043012223299592735, ""effective_rank"": 2.026282286643982, ""weight_entropy_ratio"": 0.36792302763458146}, ""Vocal_Tract"": {""alignment"": 0.9889819234609604, ""uniformity"": -0.04121863888576627, ""effective_rank"": 1.9969430208206176, ""weight_entropy_ratio"": 0.6014048121557392}, ""Timbre"": {""alignment"": 0.73665791451931, ""uniformity"": -1.1895882546901704, ""effective_rank"": 5.28498158454895, ""weight_entropy_ratio"": 0.15501068310719782}, ""Voice_Quality"": {""alignment"": 0.9884082823991776, ""uniformity"": -0.043417416885495184, ""effective_rank"": 2.0413040101528166, ""weight_entropy_ratio"": 0.7302796832635438}, ""Scene"": {""alignment"": 0.8057763755321503, ""uniformity"": -0.993792662024498, ""effective_rank"": 4.599029648303985, ""weight_entropy_ratio"": 0.8195896591481647}}",-0.04121863888576627,0.73665791451931,1.9969430208206176,-0.04121863888576627,-0.4622058391571045,0.5348415730618454,"[0.40878136111423374, 0.5030569791793824]",COMPLETE
19,0.8636384445428847,2026-07-27 11:31:18.755849,2026-07-27 11:38:05.497988,0 days 00:06:46.742139,0.10218627429082411,0.25153213254904283,0.1918709611418162,0.10242306823841639,0.26640564729254684,0.7379578554678632,3.1695611596107485,4.233493707180022,"{""Prosody"": {""alignment"": 0.9131856173276901, ""uniformity"": -0.2769147463142872, ""effective_rank"": 3.3352921843528747, ""weight_entropy_ratio"": 0.2107101532782289}, ""Vocal_Tract"": {""alignment"": 0.9266241908073425, ""uniformity"": -0.2583280190825462, ""effective_rank"": 3.3003695130348207, ""weight_entropy_ratio"": 0.14741159769563086}, ""Timbre"": {""alignment"": 0.7495411247014999, ""uniformity"": -1.2329366654157639, ""effective_rank"": 6.007991480827331, ""weight_entropy_ratio"": 0.3143608518241562}, ""Voice_Quality"": {""alignment"": 0.9312574207782746, ""uniformity"": -0.2294317979365587, ""effective_rank"": 3.1695611596107485, ""weight_entropy_ratio"": 0.6322254479617488}, ""Scene"": {""alignment"": 0.797583869099617, ""uniformity"": -1.1224295616149902, ""effective_rank"": 5.354254198074341, ""weight_entropy_ratio"": 0.5171480121412746}}",-0.2294317979365587,0.7495411247014999,3.1695611596107485,-0.2294317979365587,-0.6240081580728292,0.36437121258020794,"[0.2205682020634413, -0.6695611596107485]",COMPLETE
20,0.8893103969097137,2026-07-27 11:38:09.807761,2026-07-27 11:44:57.116881,0 days 00:06:47.309120,0.10582328287452131,0.2528768775040146,0.18992833941100254,0.10277843881391589,0.2683882822816045,0.7275121742394766,2.150859886407852,3.2133191597461703,"{""Prosody"": {""alignment"": 0.9700300991535187, ""uniformity"": -0.10946771539747716, ""effective_rank"": 2.150859886407852, ""weight_entropy_ratio"": 0.20757910139438743}, ""Vocal_Tract"": {""alignment"": 0.9661513417959213, ""uniformity"": -0.12102852538228034, ""effective_rank"": 2.2020907163619996, ""weight_entropy_ratio"": 0.1408311744018882}, ""Timbre"": {""alignment"": 0.7519731372594833, ""uniformity"": -1.1046788096427917, ""effective_rank"": 5.024353957176208, ""weight_entropy_ratio"": 0.3092290961945356}, ""Voice_Quality"": {""alignment"": 0.9673158526420593, ""uniformity"": -0.11133172400295735, ""effective_rank"": 2.158888030052185, ""weight_entropy_ratio"": 0.6341881566005666}, ""Scene"": {""alignment"": 0.791081553697586, ""uniformity"": -0.9849290460348129, ""effective_rank"": 4.530403208732605, ""weight_entropy_ratio"": 0.5204483303887706}}",-0.10946771539747716,0.7519731372594833,2.150859886407852,-0.10946771539747716,-0.48628716409206396,0.3624551717960297,"[0.34053228460252283, 0.3491401135921479]",COMPLETE
21,0.8519875115156174,2026-07-27 11:45:01.377489,2026-07-27 11:51:49.154872,0 days 00:06:47.777383,0.1281620467299605,0.3407260730671937,0.1454592570812482,0.2191672834958069,0.31713246384610067,0.7714154749571286,2.4885757088661196,4.284573881626129,"{""Prosody"": {""alignment"": 0.9727228283882141, ""uniformity"": -0.10770108848810196, ""effective_rank"": 2.5763591051101686, ""weight_entropy_ratio"": 0.276139559568943}, ""Vocal_Tract"": {""alignment"": 0.9748265653848648, ""uniformity"": -0.0993296604603529, ""effective_rank"": 2.494433808326721, ""weight_entropy_ratio"": 0.4477907997171625}, ""Timbre"": {""alignment"": 0.6902278006076813, ""uniformity"": -1.484492188692093, ""effective_rank"": 7.005654573440552, ""weight_entropy_ratio"": 0.20003626235062355}, ""Voice_Quality"": {""alignment"": 0.9739601343870163, ""uniformity"": -0.09856869429349899, ""effective_rank"": 2.4885757088661196, ""weight_entropy_ratio"": 0.6768816573063731}, ""Scene"": {""alignment"": 0.6482002288103104, ""uniformity"": -1.5024269223213196, ""effective_rank"": 6.857846212387085, ""weight_entropy_ratio"": 0.6420196932870066}}",-0.09856869429349899,0.6482002288103104,2.4885757088661196,-0.09856869429349899,-0.6585037108510732,0.44857359444602185,"[0.35143130570650105, 0.011424291133880438]",COMPLETE
22,0.891845172047615,2026-07-27 11:51:53.460454,2026-07-27 11:58:46.705732,0 days 00:06:53.245278,0.21170239504346644,0.4718783329756611,0.26026090726090706,0.14852124083673096,0.5241602434180349,0.9092130362162184,2.677189576625824,3.574570877552032,"{""Prosody"": {""alignment"": 0.9706322103738785, ""uniformity"": -0.11780224423855543, ""effective_rank"": 2.677189576625824, ""weight_entropy_ratio"": 0.46306640658381315}, ""Vocal_Tract"": {""alignment"": 0.9661641657352448, ""uniformity"": -0.12721658181399106, ""effective_rank"": 2.7522265553474425, ""weight_entropy_ratio"": 0.25605540256764625}, ""Timbre"": {""alignment"": 0.7732678562402725, ""uniformity"": -1.1182368397712708, ""effective_rank"": 4.959734082221985, ""weight_entropy_ratio"": 0.4939022689176083}, ""Voice_Quality"": {""alignment"": 0.9653992056846619, ""uniformity"": -0.1268584283068776, ""effective_rank"": 2.732634937763214, ""weight_entropy_ratio"": 0.7824692949163868}, ""Scene"": {""alignment"": 0.7837624222040176, ""uniformity"": -1.0478513151407243, ""effective_rank"": 4.751069235801697, ""weight_entropy_ratio"": 0.7661215284386333}}",-0.11780224423855543,0.7732678562402725,2.677189576625824,-0.11780224423855543,-0.5075930818542839,0.5523229802848176,"[0.3321977557614446, -0.1771895766258238]",COMPLETE
23,0.9021720093488692,2026-07-27 11:58:51.014783,2026-07-27 12:05:45.010270,0 days 00:06:53.995487,0.16104532249622105,0.2737194484448237,0.11645681287207366,0.10389770939490758,0.2422650263239218,0.8134021276717716,1.943436759710312,2.869070318937302,"{""Prosody"": {""alignment"": 0.9819537431001664, ""uniformity"": -0.06792704202234745, ""effective_rank"": 2.0026919662952425, ""weight_entropy_ratio"": 0.35322548933512354}, ""Vocal_Tract"": {""alignment"": 0.9782932102680206, ""uniformity"": -0.07212013164535165, ""effective_rank"": 2.0252076208591463, ""weight_entropy_ratio"": 0.14151637786302934}, ""Timbre"": {""alignment"": 0.7478402018547058, ""uniformity"": -1.0473949402570724, ""effective_rank"": 4.461317193508148, ""weight_entropy_ratio"": 0.12218584982688233}, ""Voice_Quality"": {""alignment"": 0.9837360918521881, ""uniformity"": -0.05716490689665079, ""effective_rank"": 1.943436759710312, ""weight_entropy_ratio"": 0.5991222083243313}, ""Scene"": {""alignment"": 0.8190367996692658, ""uniformity"": -0.8263857766985894, ""effective_rank"": 3.9126980543136596, ""weight_entropy_ratio"": 0.5499582389460984}}",-0.05716490689665079,0.7478402018547058,1.943436759710312,-0.05716490689665079,-0.41419855950400236,0.35320163285909295,"[0.39283509310334924, 0.5565632402896881]",COMPLETE
24,0.9032837796211244,2026-07-27 12:05:49.296684,2026-07-27 12:12:38.844511,0 days 00:06:49.547827,0.10280188770387755,0.18063538848713429,0.1641481786351815,0.1288177043489185,0.38488426587351343,0.6674701036409102,1.5511577308177948,2.4141678643226627,"{""Prosody"": {""alignment"": 0.9966931968927384, ""uniformity"": -0.013307892112061381, ""effective_rank"": 1.5852190196514129, ""weight_entropy_ratio"": 0.20251702252279494}, ""Vocal_Tract"": {""alignment"": 0.996757784485817, ""uniformity"": -0.012172885867767037, ""effective_rank"": 1.565114712715149, ""weight_entropy_ratio"": 0.21708950663281454}, ""Timbre"": {""alignment"": 0.7353251099586486, ""uniformity"": -1.024737250804901, ""effective_rank"": 3.7588515400886537, ""weight_entropy_ratio"": 0.24099237365247209}, ""Voice_Quality"": {""alignment"": 0.9971853256225586, ""uniformity"": -0.011270181671716274, ""effective_rank"": 1.5511577308177948, ""weight_entropy_ratio"": 0.7189293311086145}, ""Scene"": {""alignment"": 0.7904574811458588, ""uniformity"": -0.9328493475914001, ""effective_rank"": 3.6104963183403016, ""weight_entropy_ratio"": 0.3656260115435973}}",-0.011270181671716274,0.7353251099586486,1.5511577308177948,-0.011270181671716274,-0.3988675116095691,0.34903084909205867,"[0.4387298183282837, 0.9488422691822052]",COMPLETE
25,0.8693317168951034,2026-07-27 12:12:45.379861,2026-07-27 12:19:32.812555,0 days 00:06:47.432694,0.12486258207928103,0.31056059948554243,0.19377288026646974,0.18929871899396944,0.30132671009857503,0.9427573120068022,2.4479490995407103,3.3843565011024475,"{""Prosody"": {""alignment"": 0.9450412392616272, ""uniformity"": -0.18968386240303517, ""effective_rank"": 2.5506697416305544, ""weight_entropy_ratio"": 0.2653305993845168}, ""Vocal_Tract"": {""alignment"": 0.9494777530431747, ""uniformity"": -0.18148392736911773, ""effective_rank"": 2.4997016310691835, ""weight_entropy_ratio"": 0.36396114955571796}, ""Timbre"": {""alignment"": 0.7438504517078399, ""uniformity"": -1.096403256058693, ""effective_rank"": 4.952042090892792, ""weight_entropy_ratio"": 0.3242538063095558}, ""Voice_Quality"": {""alignment"": 0.946951961517334, ""uniformity"": -0.17536149434745313, ""effective_rank"": 2.4479490995407103, ""weight_entropy_ratio"": 0.6590452301512191}, ""Scene"": {""alignment"": 0.7613371789455414, ""uniformity"": -0.9572967618703843, ""effective_rank"": 4.471419942378998, ""weight_entropy_ratio"": 0.6175574678860136}}",-0.17536149434745313,0.7438504517078399,2.4479490995407103,-0.17536149434745313,-0.5200458604097367,0.44602965065740474,"[0.2746385056525469, 0.05205090045928973]",COMPLETE
26,0.7506826716661453,2026-07-27 12:19:37.127542,2026-07-27 12:26:24.504835,0 days 00:06:47.377293,0.12570857355511456,0.22489497361398408,0.22108518080595793,0.17290230056549238,0.30150831972669134,0.9158444817407503,3.4738500237464907,4.951266465187073,"{""Prosody"": {""alignment"": 0.6939497977495194, ""uniformity"": -1.1421745985746383, ""effective_rank"": 4.804593563079834, ""weight_entropy_ratio"": 0.27246597487592367}, ""Vocal_Tract"": {""alignment"": 0.7829366475343704, ""uniformity"": -0.6318724602460861, ""effective_rank"": 4.119608914852142, ""weight_entropy_ratio"": 0.3125819333028907}, ""Timbre"": {""alignment"": 0.6867784857749939, ""uniformity"": -1.346695464849472, ""effective_rank"": 6.338125419616699, ""weight_entropy_ratio"": 0.38805200391466016}, ""Voice_Quality"": {""alignment"": 0.8733414143323899, ""uniformity"": -0.3463270224630833, ""effective_rank"": 3.4738500237464907, ""weight_entropy_ratio"": 0.6512607483845456}, ""Scene"": {""alignment"": 0.7164070129394531, ""uniformity"": -1.258819618821144, ""effective_rank"": 6.020154404640198, ""weight_entropy_ratio"": 0.4816556520324989}}",-0.3463270224630833,0.6867784857749939,3.4738500237464907,-0.3463270224630833,-0.9451778329908846,0.4212032625021037,"[0.10367297753691673, -0.9738500237464907]",COMPLETE
27,0.9040068137645723,2026-07-27 12:26:29.507186,2026-07-27 12:33:18.171040,0 days 00:06:48.663854,0.1230251337766833,0.16193868279667756,0.3024862852724413,0.15495617621846933,0.1569559465307918,0.8300070942108608,1.7389587581157684,2.703501254320144,"{""Prosody"": {""alignment"": 0.993647825717926, ""uniformity"": -0.02514988777693361, ""effective_rank"": 1.7433023750782013, ""weight_entropy_ratio"": 0.25385241143664644}, ""Vocal_Tract"": {""alignment"": 0.9931355357170105, ""uniformity"": -0.02480038572102785, ""effective_rank"": 1.7389587581157684, ""weight_entropy_ratio"": 0.2747283780941514}, ""Timbre"": {""alignment"": 0.7525542259216309, ""uniformity"": -0.9923395812511444, ""effective_rank"": 4.119127428531646, ""weight_entropy_ratio"": 0.5867371917391069}, ""Voice_Quality"": {""alignment"": 0.9923692345619202, ""uniformity"": -0.026529636606574057, ""effective_rank"": 1.7688821613788606, ""weight_entropy_ratio"": 0.49693931238578415}, ""Scene"": {""alignment"": 0.7883272469043732, ""uniformity"": -0.9934778481721878, ""effective_rank"": 4.147235548496246, ""weight_entropy_ratio"": 0.32147333501365577}}",-0.02480038572102785,0.7525542259216309,1.7389587581157684,-0.02480038572102785,-0.41245946790557353,0.386746125733869,"[0.4251996142789722, 0.7610412418842316]",COMPLETE
28,0.8777040779590607,2026-07-27 12:33:22.455598,2026-07-27 12:40:11.961535,0 days 00:06:49.505937,0.1380993851331953,0.2219811036173935,0.23312183526468105,0.22663439544932684,0.22617268756149628,0.7480391278558257,2.7949291348457335,3.4870866966247553,"{""Prosody"": {""alignment"": 0.9423302680253982, ""uniformity"": -0.20404198616743088, ""effective_rank"": 2.87424898147583, ""weight_entropy_ratio"": 0.29538138200323943}, ""Vocal_Tract"": {""alignment"": 0.9465986549854278, ""uniformity"": -0.18837040513753892, ""effective_rank"": 2.7981822013854982, ""weight_entropy_ratio"": 0.44101773113909204}, ""Timbre"": {""alignment"": 0.7804901987314224, ""uniformity"": -0.9778935462236404, ""effective_rank"": 4.457770717144013, ""weight_entropy_ratio"": 0.4231960946048905}, ""Voice_Quality"": {""alignment"": 0.9429640144109726, ""uniformity"": -0.18828463852405547, ""effective_rank"": 2.7949291348457335, ""weight_entropy_ratio"": 0.5873694638103975}, ""Scene"": {""alignment"": 0.7761372536420822, ""uniformity"": -1.009091854095459, ""effective_rank"": 4.510302448272705, ""weight_entropy_ratio"": 0.4589302837399914}}",-0.18828463852405547,0.7761372536420822,2.7949291348457335,-0.18828463852405547,-0.5135364860296249,0.4411789910595222,"[0.26171536147594454, -0.29492913484573346]",COMPLETE
29,0.897822217345238,2026-07-27 12:40:16.164005,2026-07-27 12:47:03.886226,0 days 00:06:47.722221,0.24426684167595772,0.11926925475332661,0.3323663670255539,0.13163150527181025,0.14073985751827406,0.5699436129506656,2.320580756664276,3.7394095242023466,"{""Prosody"": {""alignment"": 0.9854002594947815, ""uniformity"": -0.04748640162870288, ""effective_rank"": 2.3266667664051055, ""weight_entropy_ratio"": 0.5288075804907072}, ""Vocal_Tract"": {""alignment"": 0.9801311641931534, ""uniformity"": -0.05789944240823388, ""effective_rank"": 2.4544885993003844, ""weight_entropy_ratio"": 0.21882321744346678}, ""Timbre"": {""alignment"": 0.7786916017532348, ""uniformity"": -1.1896208733320237, ""effective_rank"": 5.897503805160523, ""weight_entropy_ratio"": 0.6360663683683575}, ""Voice_Quality"": {""alignment"": 0.9858855336904526, ""uniformity"": -0.046661357209086415, ""effective_rank"": 2.320580756664276, ""weight_entropy_ratio"": 0.47012543004423996}, ""Scene"": {""alignment"": 0.7590025275945663, ""uniformity"": -1.133692443370819, ""effective_rank"": 5.697807693481446, ""weight_entropy_ratio"": 0.20798425305803017}}",-0.046661357209086415,0.7590025275945663,2.320580756664276,-0.046661357209086415,-0.49507210358977316,0.4123613698809604,"[0.4033386427909136, 0.1794192433357238]",COMPLETE
30,0.8827430969476697,2026-07-27 12:47:08.198402,2026-07-27 12:53:55.981110,0 days 00:06:47.782708,0.342270519332634,0.1362055666324659,0.20591103360841484,0.17030300529542938,0.28226067454749765,0.9086418424129463,2.4650684893131256,3.649465135335923,"{""Prosody"": {""alignment"": 0.9750450164079666, ""uniformity"": -0.09601377546787263, ""effective_rank"": 2.471756398677826, ""weight_entropy_ratio"": 0.652834467001174}, ""Vocal_Tract"": {""alignment"": 0.974242827296257, ""uniformity"": -0.0966279411688447, ""effective_rank"": 2.4800615072250367, ""weight_entropy_ratio"": 0.3160147327003021}, ""Timbre"": {""alignment"": 0.7243198752403259, ""uniformity"": -1.284490242600441, ""effective_rank"": 5.68202760219574, ""weight_entropy_ratio"": 0.3545848295468059}, ""Voice_Quality"": {""alignment"": 0.9724792301654815, ""uniformity"": -0.0947611702606082, ""effective_rank"": 2.4650684893131256, ""weight_entropy_ratio"": 0.6443463567971708}, ""Scene"": {""alignment"": 0.7676285356283188, ""uniformity"": -1.1769736796617507, ""effective_rank"": 5.148411679267883, ""weight_entropy_ratio"": 0.24624193634060507}}",-0.0947611702606082,0.7243198752403259,2.4650684893131256,-0.0947611702606082,-0.5497733618319034,0.44280446447721156,"[0.3552388297393918, 0.03493151068687439]",COMPLETE
31,0.9205929881334303,2026-07-27 12:54:00.225973,2026-07-27 13:00:48.840955,0 days 00:06:48.614982,0.14391696959285669,0.23197405520725226,0.2327484126150204,0.21045792704278898,0.22384244700310027,0.7299181891216033,1.9505254805088044,2.5945729184150697,"{""Prosody"": {""alignment"": 0.9847697854042053, ""uniformity"": -0.054037819430232045, ""effective_rank"": 1.9505254805088044, ""weight_entropy_ratio"": 0.3057209438991323}, ""Vocal_Tract"": {""alignment"": 0.9786590456962585, ""uniformity"": -0.07525450009852648, ""effective_rank"": 2.0467683494091036, ""weight_entropy_ratio"": 0.41361491852544396}, ""Timbre"": {""alignment"": 0.8124647796154022, ""uniformity"": -0.7752111464738846, ""effective_rank"": 3.4868319153785707, ""weight_entropy_ratio"": 0.433788079645647}, ""Voice_Quality"": {""alignment"": 0.9832732975482941, ""uniformity"": -0.06153957899659872, ""effective_rank"": 1.9937451362609864, ""weight_entropy_ratio"": 0.5817728545446694}, ""Scene"": {""alignment"": 0.8437980324029922, ""uniformity"": -0.7481317654252052, ""effective_rank"": 3.494993710517883, ""weight_entropy_ratio"": 0.4849016876508941}}",-0.054037819430232045,0.8124647796154022,1.9505254805088044,-0.054037819430232045,-0.34283496208488945,0.4439596968531573,"[0.39596218056976795, 0.5494745194911956]",COMPLETE
