number,value,datetime_start,datetime_complete,duration,params_sigma_scale_Prosody,params_sigma_scale_Scene,params_sigma_scale_Timbre,params_sigma_scale_Vocal_Tract,params_sigma_scale_Voice_Quality,params_tau,user_attrs_effective_rank,user_attrs_effective_rank_avg,user_attrs_group_breakdown,user_attrs_max_group_uniformity,user_attrs_min_group_alignment,user_attrs_min_group_rank,user_attrs_uniformity,user_attrs_uniformity_avg,user_attrs_weight_entropy_ratio,system_attrs_constraints,state
16,0.9923135292530059,2026-07-25 23:43:41.951642,2026-07-25 23:50:35.118350,0 days 00:06:53.166708,1.645261725895042,3.0897437093311493,3.0978979623356033,1.0114794417539534,2.9881633618022634,0.8780192051167484,2.2197739124298095,2.2267264604568484,"{""Prosody"": {""alignment"": 0.9890963196754455, ""uniformity"": -0.04317895625717938, ""effective_rank"": 2.224283182621002, ""weight_entropy_ratio"": 0.9877281059599156}, ""Vocal_Tract"": {""alignment"": 0.9894805997610092, ""uniformity"": -0.04249400678090751, ""effective_rank"": 2.22156275510788, ""weight_entropy_ratio"": 0.9442036690034016}, ""Timbre"": {""alignment"": 0.9961761921644211, ""uniformity"": -0.043642714992165564, ""effective_rank"": 2.2303030014038088, ""weight_entropy_ratio"": 0.9996774660350154}, ""Voice_Quality"": {""alignment"": 0.9895428538322448, ""uniformity"": -0.042189636174589394, ""effective_rank"": 2.2197739124298095, ""weight_entropy_ratio"": 0.9959777593013437}, ""Scene"": {""alignment"": 0.9972716808319092, ""uniformity"": -0.04480278617702425, ""effective_rank"": 2.2377094507217405, ""weight_entropy_ratio"": 0.9989582571653429}}",-0.042189636174589394,0.9890963196754455,2.2197739124298095,-0.042189636174589394,-0.043261620076373214,0.985309051493004,"[0.40781036382541064, 0.2802260875701905]",COMPLETE
17,0.9967122584581377,2026-07-25 23:50:39.019681,2026-07-25 23:57:32.930379,0 days 00:06:53.910698,0.7247346372068564,1.4829385013568783,3.0275207034589062,2.8054399969297257,0.8757047382537195,0.7119264734600792,1.5264978587627411,1.7672344410419463,"{""Prosody"": {""alignment"": 0.9976546555757523, ""uniformity"": -0.008246658381540328, ""effective_rank"": 1.5300961971282958, ""weight_entropy_ratio"": 0.8947223479417552}, ""Vocal_Tract"": {""alignment"": 0.997862908244133, ""uniformity"": -0.008116578904446215, ""effective_rank"": 1.5264978587627411, ""weight_entropy_ratio"": 0.9976962680410294}, ""Timbre"": {""alignment"": 0.9980742841958999, ""uniformity"": -0.011616815731395036, ""effective_rank"": 1.5910135507583618, ""weight_entropy_ratio"": 0.9996450219066502}, ""Voice_Quality"": {""alignment"": 0.9963170170783997, ""uniformity"": -0.013498521933797747, ""effective_rank"": 1.6248561501502992, ""weight_entropy_ratio"": 0.8947272508146475}, ""Scene"": {""alignment"": 0.9936524271965027, ""uniformity"": -0.1916340861469507, ""effective_rank"": 2.563708448410034, ""weight_entropy_ratio"": 0.9860600300582917}}",-0.008116578904446215,0.9936524271965027,1.5264978587627411,-0.008116578904446215,-0.04662253221962601,0.9545701837524747,"[0.4418834210955538, 0.9735021412372589]",COMPLETE
18,0.9944555920362473,2026-07-25 23:57:36.787764,2026-07-26 00:04:31.190556,0 days 00:06:54.402792,1.5313995409790833,2.572485612580895,2.1095352088742794,0.5687008580754265,1.7314576683193161,0.9406831013977215,1.852371621131897,2.037434275150299,"{""Prosody"": {""alignment"": 0.9933179974555969, ""uniformity"": -0.02547607054002583, ""effective_rank"": 1.852371621131897, ""weight_entropy_ratio"": 0.9839594194875575}, ""Vocal_Tract"": {""alignment"": 0.9933428823947906, ""uniformity"": -0.027310711843892933, ""effective_rank"": 1.877641314268112, ""weight_entropy_ratio"": 0.8299410624603653}, ""Timbre"": {""alignment"": 0.995335367321968, ""uniformity"": -0.08365202732384205, ""effective_rank"": 2.2527714371681213, ""weight_entropy_ratio"": 0.9985730651432814}, ""Voice_Quality"": {""alignment"": 0.9921860516071319, ""uniformity"": -0.028149755438789725, ""effective_rank"": 1.8872876465320587, ""weight_entropy_ratio"": 0.9757736243391886}, ""Scene"": {""alignment"": 0.9980956614017487, ""uniformity"": -0.09945439454168081, ""effective_rank"": 2.317099356651306, ""weight_entropy_ratio"": 0.9979545205406349}}",-0.02547607054002583,0.9921860516071319,1.852371621131897,-0.02547607054002583,-0.05280859193764627,0.9572403383942054,"[0.4245239294599742, 0.647628378868103]",COMPLETE
19,0.9668469512462614,2026-07-26 00:04:35.101656,2026-07-26 00:11:29.853683,0 days 00:06:54.752027,0.7345571968082936,1.3652875766698092,0.5862892351902813,0.9519925900812587,0.9426635313721553,0.7206418622456339,2.064452850818634,2.730342556238175,"{""Prosody"": {""alignment"": 0.9824957847595215, ""uniformity"": -0.06572208544239402, ""effective_rank"": 2.064452850818634, ""weight_entropy_ratio"": 0.8937964501787594}, ""Vocal_Tract"": {""alignment"": 0.9796483606100083, ""uniformity"": -0.06882884968072175, ""effective_rank"": 2.102281618118286, ""weight_entropy_ratio"": 0.9365330265360161}, ""Timbre"": {""alignment"": 0.9327687114477158, ""uniformity"": -0.5180844232439995, ""effective_rank"": 3.9983139991760255, ""weight_entropy_ratio"": 0.884701974867974}, ""Voice_Quality"": {""alignment"": 0.9794308930635452, ""uniformity"": -0.07290839552879333, ""effective_rank"": 2.1310088694095612, ""weight_entropy_ratio"": 0.9091595995097214}, ""Scene"": {""alignment"": 0.9598910063505173, ""uniformity"": -0.30811372622847555, ""effective_rank"": 3.3556554436683657, ""weight_entropy_ratio"": 0.9826666895803907}}",-0.06572208544239402,0.9327687114477158,2.064452850818634,-0.06572208544239402,-0.20673149602487687,0.9213715481345723,"[0.38427791455760596, 0.43554714918136606]",COMPLETE
20,0.9938357454538345,2026-07-26 00:11:34.899878,2026-07-26 00:18:32.612008,0 days 00:06:57.712130,0.2183134845933546,0.7385810828318653,1.37813550909585,0.20866698773763073,3.4095626344404097,0.23529100476850817,1.7224709153175355,2.04938334941864,"{""Prosody"": {""alignment"": 0.994847196340561, ""uniformity"": -0.020535227889195085, ""effective_rank"": 1.7880878925323487, ""weight_entropy_ratio"": 0.4752236697613683}, ""Vocal_Tract"": {""alignment"": 0.9954730898141861, ""uniformity"": -0.017751715518534182, ""effective_rank"": 1.7249311923980712, ""weight_entropy_ratio"": 0.41681104496943133}, ""Timbre"": {""alignment"": 0.9934887051582336, ""uniformity"": -0.0543806410394609, ""effective_rank"": 2.235817384719849, ""weight_entropy_ratio"": 0.9929236550439569}, ""Voice_Quality"": {""alignment"": 0.9955860674381256, ""uniformity"": -0.017758868727833034, ""effective_rank"": 1.7224709153175355, ""weight_entropy_ratio"": 0.9977597579431674}, ""Scene"": {""alignment"": 0.9897836685180664, ""uniformity"": -0.22870305180549622, ""effective_rank"": 2.7756093621253966, ""weight_entropy_ratio"": 0.9042134380477137}}",-0.017751715518534182,0.9897836685180664,1.7224709153175355,-0.017751715518534182,-0.06782590099610389,0.7573863131531275,"[0.43224828448146585, 0.7775290846824645]",COMPLETE
21,0.9948460823297502,2026-07-26 00:18:38.887831,2026-07-26 00:25:32.009927,0 days 00:06:53.122096,0.5243989116319173,2.6037990534852633,3.7566853940418095,0.30681615855546285,4.989796555460175,0.6578815671696869,1.8997868120670318,1.918249304294586,"{""Prosody"": {""alignment"": 0.9926912695169449, ""uniformity"": -0.028073605615645647, ""effective_rank"": 1.9183162689208983, ""weight_entropy_ratio"": 0.804820367419018}, ""Vocal_Tract"": {""alignment"": 0.9933233201503754, ""uniformity"": -0.028269798122346403, ""effective_rank"": 1.9216897189617157, ""weight_entropy_ratio"": 0.5934134429639173}, ""Timbre"": {""alignment"": 0.9973539739847184, ""uniformity"": -0.027680739713832735, ""effective_rank"": 1.9115334272384643, ""weight_entropy_ratio"": 0.9998373618403995}, ""Voice_Quality"": {""alignment"": 0.9931088507175445, ""uniformity"": -0.02692124145105481, ""effective_rank"": 1.8997868120670318, ""weight_entropy_ratio"": 0.9994105529442093}, ""Scene"": {""alignment"": 0.9977529972791672, ""uniformity"": -0.029582536546513438, ""effective_rank"": 1.9399202942848206, ""weight_entropy_ratio"": 0.9980763270083726}}",-0.02692124145105481,0.9926912695169449,1.8997868120670318,-0.02692124145105481,-0.02810558428987861,0.8791116104351835,"[0.4230787585489452, 0.6002131879329682]",COMPLETE
22,0.930651414990425,2026-07-26 00:25:36.074873,2026-07-26 00:32:28.845259,0 days 00:06:52.770386,0.9214459493103696,3.641633201399157,0.2023279313592614,1.0559723355209834,3.811598400284642,0.8869995519948638,2.076472896337509,2.664530750513077,"{""Prosody"": {""alignment"": 0.9792762875556946, ""uniformity"": -0.07585467956960201, ""effective_rank"": 2.1331188797950746, ""weight_entropy_ratio"": 0.9325236590691899}, ""Vocal_Tract"": {""alignment"": 0.980935400724411, ""uniformity"": -0.07258106861263514, ""effective_rank"": 2.1085562348365783, ""weight_entropy_ratio"": 0.9469731965921149}, ""Timbre"": {""alignment"": 0.7286231696605683, ""uniformity"": -1.1630264073610306, ""effective_rank"": 4.856089496612549, ""weight_entropy_ratio"": 0.3564247117246696}, ""Voice_Quality"": {""alignment"": 0.9815320432186126, ""uniformity"": -0.06831183070316911, ""effective_rank"": 2.076472896337509, ""weight_entropy_ratio"": 0.9984288389656975}, ""Scene"": {""alignment"": 0.982890173792839, ""uniformity"": -0.07740631876513362, ""effective_rank"": 2.148416244983673, ""weight_entropy_ratio"": 0.9994920085378614}}",-0.06831183070316911,0.7286231696605683,2.076472896337509,-0.06831183070316911,-0.29143606100231406,0.8467684829779067,"[0.3816881692968309, 0.423527103662491]",COMPLETE
23,0.9902573317289353,2026-07-26 00:32:32.800625,2026-07-26 00:39:25.843359,0 days 00:06:53.042734,2.2054979021056695,2.592911692232239,4.953203036788418,0.2367124911897378,2.2144266133801884,0.9911209875271939,2.3586084723472593,2.368618595600128,"{""Prosody"": {""alignment"": 0.9876433968544006, ""uniformity"": -0.049492526799440384, ""effective_rank"": 2.3608559012413024, ""weight_entropy_ratio"": 0.9958345862056135}, ""Vocal_Tract"": {""alignment"": 0.9873974829912185, ""uniformity"": -0.05096618738025427, ""effective_rank"": 2.3711779952049254, ""weight_entropy_ratio"": 0.4805831270077472}, ""Timbre"": {""alignment"": 0.9940190583467483, ""uniformity"": -0.04950194153934717, ""effective_rank"": 2.3610002517700197, ""weight_entropy_ratio"": 0.9999501336714698}, ""Voice_Quality"": {""alignment"": 0.9879458397626877, ""uniformity"": -0.04922401271760464, ""effective_rank"": 2.3586084723472593, ""weight_entropy_ratio"": 0.9892469319656045}, ""Scene"": {""alignment"": 0.994280880689621, ""uniformity"": -0.053763261437416075, ""effective_rank"": 2.391450357437134, ""weight_entropy_ratio"": 0.9980171817881995}}",-0.04922401271760464,0.9873974829912185,2.3586084723472593,-0.04922401271760464,-0.050589585974812515,0.892726392127727,"[0.4007759872823954, 0.14139152765274066]",COMPLETE
24,0.987787562608719,2026-07-26 00:39:29.852526,2026-07-26 00:46:23.048125,0 days 00:06:53.195599,2.2653449797565335,2.080605649362572,2.731865255380801,0.4345930604083487,2.195698400889247,0.9948473319328959,2.2244051158428193,2.3126043868064885,"{""Prosody"": {""alignment"": 0.98606758415699, ""uniformity"": -0.05392491836100817, ""effective_rank"": 2.2244051158428193, ""weight_entropy_ratio"": 0.995873768906933}, ""Vocal_Tract"": {""alignment"": 0.981851977109909, ""uniformity"": -0.06786227244883776, ""effective_rank"": 2.310689318180084, ""weight_entropy_ratio"": 0.7343790921061292}, ""Timbre"": {""alignment"": 0.9928583651781082, ""uniformity"": -0.07263349378481507, ""effective_rank"": 2.3312689065933228, ""weight_entropy_ratio"": 0.9994623611186814}, ""Voice_Quality"": {""alignment"": 0.9851709276437759, ""uniformity"": -0.05440611941739917, ""effective_rank"": 2.2251266181468963, ""weight_entropy_ratio"": 0.9892207315192678}, ""Scene"": {""alignment"": 0.9929889589548111, ""uniformity"": -0.10784099772572517, ""effective_rank"": 2.4715319752693174, ""weight_entropy_ratio"": 0.9953329394432672}}",-0.05392491836100817,0.981851977109909,2.2244051158428193,-0.05392491836100817,-0.07133356034755707,0.9428537786188557,"[0.39607508163899185, 0.2755948841571807]",COMPLETE
25,0.99410098195076,2026-07-26 00:46:26.922311,2026-07-26 00:53:19.765132,0 days 00:06:52.842821,1.2497182182702782,3.665061257603494,3.5559159174665846,0.6104703164896039,1.6519321485633984,0.904634444352338,1.9765712022781372,1.9847104310989383,"{""Prosody"": {""alignment"": 0.9922366589307785, ""uniformity"": -0.032559760846197605, ""effective_rank"": 1.9799526274204253, ""weight_entropy_ratio"": 0.9708485072506171}, ""Vocal_Tract"": {""alignment"": 0.992283970117569, ""uniformity"": -0.03202986009418964, ""effective_rank"": 1.9771001160144805, ""weight_entropy_ratio"": 0.8427789474017482}, ""Timbre"": {""alignment"": 0.9967786431312561, ""uniformity"": -0.03372807567939162, ""effective_rank"": 1.9892903566360474, ""weight_entropy_ratio"": 0.9998098551122008}, ""Voice_Quality"": {""alignment"": 0.9918810665607453, ""uniformity"": -0.031975822150707246, ""effective_rank"": 1.9765712022781372, ""weight_entropy_ratio"": 0.974612322500084}, ""Scene"": {""alignment"": 0.9973245710134506, ""uniformity"": -0.03555340124294162, ""effective_rank"": 2.0006378531455993, ""weight_entropy_ratio"": 0.9994862712558501}}",-0.031975822150707246,0.9918810665607453,1.9765712022781372,-0.031975822150707246,-0.03316938400268555,0.9575071807041,"[0.41802417784929274, 0.5234287977218628]",COMPLETE
26,0.9942852586507798,2026-07-26 00:53:23.628871,2026-07-26 01:00:16.445278,0 days 00:06:52.816407,2.4782421194117346,1.3493499540060616,4.572261472978897,0.3011407025533208,3.4680910278108628,0.806239149223763,1.5642776191234589,1.7837969565391538,"{""Prosody"": {""alignment"": 0.9981462895870209, ""uniformity"": -0.007622680999338627, ""effective_rank"": 1.5713980495929718, ""weight_entropy_ratio"": 0.9969937531082828}, ""Vocal_Tract"": {""alignment"": 0.9945832073688508, ""uniformity"": -0.016124757705256343, ""effective_rank"": 1.6898091435432434, ""weight_entropy_ratio"": 0.570660875811403}, ""Timbre"": {""alignment"": 0.9984375298023224, ""uniformity"": -0.0077907523373141885, ""effective_rank"": 1.573954951763153, ""weight_entropy_ratio"": 0.9999275413252546}, ""Voice_Quality"": {""alignment"": 0.9981462866067886, ""uniformity"": -0.00730564808472991, ""effective_rank"": 1.5642776191234589, ""weight_entropy_ratio"": 0.997500394816252}, ""Scene"": {""alignment"": 0.982112979888916, ""uniformity"": -0.2737319342792034, ""effective_rank"": 2.519545018672943, ""weight_entropy_ratio"": 0.9797680040918738}}",-0.00730564808472991,0.982112979888916,1.5642776191234589,-0.00730564808472991,-0.0625151546811685,0.9089701138306132,"[0.4426943519152701, 0.9357223808765411]",COMPLETE
27,0.9927078282833097,2026-07-26 01:00:20.376914,2026-07-26 01:07:14.541345,0 days 00:06:54.164431,0.8461380621229672,2.3181395848914614,2.3472467344164483,1.2783024422849631,2.2934057286122926,0.7485483232524983,2.122901350259781,2.1544535028934475,"{""Prosody"": {""alignment"": 0.9900874674320221, ""uniformity"": -0.03990139882080257, ""effective_rank"": 2.1247147619724274, ""weight_entropy_ratio"": 0.9198278279644084}, ""Vocal_Tract"": {""alignment"": 0.989299088716507, ""uniformity"": -0.03954346082173288, ""effective_rank"": 2.122901350259781, ""weight_entropy_ratio"": 0.9697099962895527}, ""Timbre"": {""alignment"": 0.9967215120792389, ""uniformity"": -0.04693252849392593, ""effective_rank"": 2.169529378414154, ""weight_entropy_ratio"": 0.9990115039762267}, ""Voice_Quality"": {""alignment"": 0.9894926071166992, ""uniformity"": -0.03987227040342987, ""effective_rank"": 2.124513190984726, ""weight_entropy_ratio"": 0.9897052412446739}, ""Scene"": {""alignment"": 0.9979384660720825, ""uniformity"": -0.057569282874464986, ""effective_rank"": 2.2306088328361513, ""weight_entropy_ratio"": 0.9970078287269384}}",-0.03954346082173288,0.989299088716507,2.122901350259781,-0.03954346082173288,-0.04476378828287124,0.9750524796403599,"[0.41045653917826713, 0.3770986497402191]",COMPLETE
28,0.9953597182035446,2026-07-26 01:07:18.719096,2026-07-26 01:14:11.898193,0 days 00:06:53.179097,1.3427376353696288,3.095247772093133,4.9089621597102555,3.2433464993637076,1.35473689038523,0.8693568542215422,2.265117716789246,2.273531353473664,"{""Prosody"": {""alignment"": 0.9946925491094589, ""uniformity"": -0.022225197264924647, ""effective_rank"": 2.2658681631088258, ""weight_entropy_ratio"": 0.9778434826179783}, ""Vocal_Tract"": {""alignment"": 0.9946496188640594, ""uniformity"": -0.022150786127895117, ""effective_rank"": 2.265117716789246, ""weight_entropy_ratio"": 0.9984315148294239}, ""Timbre"": {""alignment"": 0.9963977634906769, ""uniformity"": -0.02240546718239784, ""effective_rank"": 2.270099377632141, ""weight_entropy_ratio"": 0.9999463299167962}, ""Voice_Quality"": {""alignment"": 0.9944744855165482, ""uniformity"": -0.022267069853842258, ""effective_rank"": 2.2678382396698, ""weight_entropy_ratio"": 0.954531283023892}, ""Scene"": {""alignment"": 0.9965841740369796, ""uniformity"": -0.023931305296719073, ""effective_rank"": 2.2987332701683045, ""weight_entropy_ratio"": 0.998971308474873}}",-0.022150786127895117,0.9944744855165482,2.265117716789246,-0.022150786127895117,-0.022595965145155782,0.9859447837725928,"[0.4278492138721049, 0.23488228321075422]",COMPLETE
29,0.9794418466091155,2026-07-26 01:14:15.939495,2026-07-26 01:21:09.565335,0 days 00:06:53.625840,4.9594438354427055,0.48246701757634225,3.8096390952273462,0.8432390463643361,3.504100103588054,0.9403679288842598,1.6508414149284363,2.002080036401749,"{""Prosody"": {""alignment"": 0.9918906509876251, ""uniformity"": -0.03445153534412384, ""effective_rank"": 1.6524342477321625, ""weight_entropy_ratio"": 0.999787320311442}, ""Vocal_Tract"": {""alignment"": 0.9913811355829238, ""uniformity"": -0.034195960499346256, ""effective_rank"": 1.6508414149284363, ""weight_entropy_ratio"": 0.9190979760625593}, ""Timbre"": {""alignment"": 0.9944883912801743, ""uniformity"": -0.03551133032888174, ""effective_rank"": 1.6630709886550903, ""weight_entropy_ratio"": 0.9998517712227031}, ""Voice_Quality"": {""alignment"": 0.991499724984169, ""uniformity"": -0.03497038949280977, ""effective_rank"": 1.6552803754806518, ""weight_entropy_ratio"": 0.9976787396949847}, ""Scene"": {""alignment"": 0.9279493302106857, ""uniformity"": -0.5451967641711235, ""effective_rank"": 3.3887731552124025, ""weight_entropy_ratio"": 0.7629286676993015}}",-0.034195960499346256,0.9279493302106857,1.6508414149284363,-0.034195960499346256,-0.13686519596725705,0.9358688949981981,"[0.41580403950065375, 0.8491585850715637]",COMPLETE
