number,value,datetime_start,datetime_complete,duration,params_sigma_scale,params_tau,user_attrs_effective_rank,user_attrs_effective_rank_avg,user_attrs_group_breakdown,user_attrs_max_group_uniformity,user_attrs_min_group_alignment,user_attrs_min_group_rank,user_attrs_uniformity,user_attrs_uniformity_avg,user_attrs_weight_entropy_ratio,system_attrs_constraints,state
18,0.9268963011105854,2026-07-25 19:40:18.466399,2026-07-25 19:56:08.314943,0 days 00:15:49.848544,0.26739046927879323,0.9040533898269949,3.334109139442444,4.000541623433431,"{""Prosody"": {""alignment"": 0.9550505975882212, ""uniformity"": -0.3718274967124065, ""effective_rank"": 3.432276169459025, ""weight_entropy_ratio"": 0.9499422477057284}, ""Vocal_Tract"": {""alignment"": 0.920090917746226, ""uniformity"": -0.2832286403824886, ""effective_rank"": 3.334109139442444, ""weight_entropy_ratio"": 0.9417407445659218}, ""Timbre"": {""alignment"": 0.9250674287478129, ""uniformity"": -0.7572972357273102, ""effective_rank"": 4.860595003763835, ""weight_entropy_ratio"": 0.9767757995638442}, ""Voice_Quality"": {""alignment"": 0.9206843316555023, ""uniformity"": -0.2614368379116058, ""effective_rank"": 3.33550177415212, ""weight_entropy_ratio"": 0.9156916024978561}, ""Scene"": {""alignment"": 0.9135882298151652, ""uniformity"": -0.826189782222112, ""effective_rank"": 5.040226030349731, ""weight_entropy_ratio"": 0.9553136940684201}}",-0.2614368379116058,0.9135882298151652,3.334109139442444,-0.2614368379116058,-0.49999599859118465,0.9478928176803539,"[0.1885631620883942, -0.834109139442444]",COMPLETE
19,0.9774553406238555,2026-07-25 19:56:10.063148,2026-07-25 20:11:41.056644,0 days 00:15:30.993496,0.7813152171625447,0.7053959021822073,1.7670256892840068,2.603743863900503,"{""Prosody"": {""alignment"": 0.9945346117019653, ""uniformity"": -0.020228837570175528, ""effective_rank"": 1.8081210136413575, ""weight_entropy_ratio"": 0.9494792081901365}, ""Vocal_Tract"": {""alignment"": 0.9955308814843495, ""uniformity"": -0.016781580230842034, ""effective_rank"": 1.7670256892840068, ""weight_entropy_ratio"": 0.938810936576357}, ""Timbre"": {""alignment"": 0.9700599531332652, ""uniformity"": -0.36627011746168137, ""effective_rank"": 3.4808663527170816, ""weight_entropy_ratio"": 0.9766008959034093}, ""Voice_Quality"": {""alignment"": 0.9949413617451985, ""uniformity"": -0.019578210776671767, ""effective_rank"": 1.7984029134114583, ""weight_entropy_ratio"": 0.9110588556509477}, ""Scene"": {""alignment"": 0.9322098950544994, ""uniformity"": -0.6372389286756516, ""effective_rank"": 4.164303350448608, ""weight_entropy_ratio"": 0.9575380945069593}}",-0.016781580230842034,0.9322098950544994,1.7670256892840068,-0.016781580230842034,-0.2120195349430044,0.9466975981655619,"[0.433218419769158, 0.7329743107159932]",COMPLETE
20,0.952508579492569,2026-07-25 20:11:42.873885,2026-07-25 20:28:06.811645,0 days 00:16:23.937760,0.49752198301132544,0.5697580484969016,2.6416216293970742,3.7999482011795047,"{""Prosody"": {""alignment"": 0.920514976978302, ""uniformity"": -0.660447038213412, ""effective_rank"": 4.262227400143941, ""weight_entropy_ratio"": 0.9519355494273947}, ""Vocal_Tract"": {""alignment"": 0.9747649212678273, ""uniformity"": -0.10245387988785902, ""effective_rank"": 2.7667742649714153, ""weight_entropy_ratio"": 0.9413430958707135}, ""Timbre"": {""alignment"": 0.950384630759557, ""uniformity"": -0.6180235882600148, ""effective_rank"": 4.447107712427775, ""weight_entropy_ratio"": 0.9764557278985209}, ""Voice_Quality"": {""alignment"": 0.9799609462420146, ""uniformity"": -0.07602033788959185, ""effective_rank"": 2.6416216293970742, ""weight_entropy_ratio"": 0.9116242186608944}, ""Scene"": {""alignment"": 0.9369174222151438, ""uniformity"": -0.7115181942780813, ""effective_rank"": 4.882009998957316, ""weight_entropy_ratio"": 0.9539338671946843}}",-0.07602033788959185,0.920514976978302,2.6416216293970742,-0.07602033788959185,-0.4336926077057919,0.9470584918104415,"[0.3739796621104082, -0.14162162939707423]",COMPLETE
21,0.9742866122722625,2026-07-25 20:28:08.462773,2026-07-25 20:44:33.836291,0 days 00:16:25.373518,0.25208152749975354,0.91053357851586,1.6372700770696005,2.473085803985595,"{""Prosody"": {""alignment"": 0.9964455684026082, ""uniformity"": -0.014547647008051475, ""effective_rank"": 1.6497294584910074, ""weight_entropy_ratio"": 0.9503858464479387}, ""Vocal_Tract"": {""alignment"": 0.9959591686725616, ""uniformity"": -0.014111136101807158, ""effective_rank"": 1.6372700770696005, ""weight_entropy_ratio"": 0.9374134298202074}, ""Timbre"": {""alignment"": 0.9585131446520487, ""uniformity"": -0.49179894775152205, ""effective_rank"": 3.462574100494385, ""weight_entropy_ratio"": 0.977253779798121}, ""Voice_Quality"": {""alignment"": 0.9966311752796173, ""uniformity"": -0.01400675120142599, ""effective_rank"": 1.6390769084294636, ""weight_entropy_ratio"": 0.9145746566966085}, ""Scene"": {""alignment"": 0.9238840043544769, ""uniformity"": -0.7759224553902944, ""effective_rank"": 3.9767784754435223, ""weight_entropy_ratio"": 0.9528171170479889}}",-0.01400675120142599,0.9238840043544769,1.6372700770696005,-0.01400675120142599,-0.26207738749062026,0.9464889659621728,"[0.43599324879857404, 0.8627299229303995]",COMPLETE
22,0.9655000670750937,2026-07-25 20:44:34.919033,2026-07-25 21:00:24.788927,0 days 00:15:49.869894,0.24851629372709214,0.9050550572552165,1.91379447778066,2.855134278138478,"{""Prosody"": {""alignment"": 0.9947343329588573, ""uniformity"": -0.021032784429068366, ""effective_rank"": 1.9442521373430888, ""weight_entropy_ratio"": 0.9524271123075836}, ""Vocal_Tract"": {""alignment"": 0.9953999618689219, ""uniformity"": -0.018748198465133706, ""effective_rank"": 1.91379447778066, ""weight_entropy_ratio"": 0.9425613255117351}, ""Timbre"": {""alignment"": 0.9244135717550913, ""uniformity"": -0.7347247918446859, ""effective_rank"": 4.148152875900268, ""weight_entropy_ratio"": 0.9776380875383346}, ""Voice_Quality"": {""alignment"": 0.9951433340708414, ""uniformity"": -0.02124414234422147, ""effective_rank"": 1.9482536315917969, ""weight_entropy_ratio"": 0.9150265266390972}, ""Scene"": {""alignment"": 0.917809134721756, ""uniformity"": -0.7789593398571014, ""effective_rank"": 4.321218268076579, ""weight_entropy_ratio"": 0.955169425690835}}",-0.018748198465133706,0.917809134721756,1.91379447778066,-0.018748198465133706,-0.3149418513880422,0.9485644955375169,"[0.4312518015348663, 0.5862055222193401]",COMPLETE
23,0.9759875945250194,2026-07-25 21:00:26.672998,2026-07-25 21:15:49.163348,0 days 00:15:22.490350,0.28119011842135794,0.9134253311457754,1.4177556912104288,2.1095318873723348,"{""Prosody"": {""alignment"": 0.9976103842258454, ""uniformity"": -0.009749156958423554, ""effective_rank"": 1.4182475487391153, ""weight_entropy_ratio"": 0.9475190123695852}, ""Vocal_Tract"": {""alignment"": 0.9974866926670074, ""uniformity"": -0.009718338415647546, ""effective_rank"": 1.4177556912104288, ""weight_entropy_ratio"": 0.9432436055438005}, ""Timbre"": {""alignment"": 0.9471285084883372, ""uniformity"": -0.4826457460721334, ""effective_rank"": 3.1147112607955934, ""weight_entropy_ratio"": 0.9771473533127194}, ""Voice_Quality"": {""alignment"": 0.9975625554720561, ""uniformity"": -0.01001804075203836, ""effective_rank"": 1.421722173690796, ""weight_entropy_ratio"": 0.9179516331648675}, ""Scene"": {""alignment"": 0.9401498317718506, ""uniformity"": -0.5693387220303218, ""effective_rank"": 3.1752227624257405, ""weight_entropy_ratio"": 0.9569932368613395}}",-0.009718338415647546,0.9401498317718506,1.4177556912104288,-0.009718338415647546,-0.2162940008457129,0.9485709682504624,"[0.44028166158435245, 1.0822443087895712]",COMPLETE
24,0.9434071334203085,2026-07-25 21:15:50.923718,2026-07-25 21:30:22.632016,0 days 00:14:31.708298,0.43020757318635783,0.9964029116006139,2.470927155017853,3.1634728376070655,"{""Prosody"": {""alignment"": 0.9540692746639252, ""uniformity"": -0.2864261331657569, ""effective_rank"": 2.5899762789408367, ""weight_entropy_ratio"": 0.950729413923144}, ""Vocal_Tract"": {""alignment"": 0.966543420155843, ""uniformity"": -0.1262148711209496, ""effective_rank"": 2.4779578685760497, ""weight_entropy_ratio"": 0.9428619564036765}, ""Timbre"": {""alignment"": 0.9117554446061452, ""uniformity"": -0.7641898612181346, ""effective_rank"": 4.152021201451619, ""weight_entropy_ratio"": 0.9745825523172633}, ""Voice_Quality"": {""alignment"": 0.9728833397229513, ""uniformity"": -0.0988172856469949, ""effective_rank"": 2.470927155017853, ""weight_entropy_ratio"": 0.9133703703196929}, ""Scene"": {""alignment"": 0.9117841879526775, ""uniformity"": -0.8041652580102284, ""effective_rank"": 4.12648168404897, ""weight_entropy_ratio"": 0.9540489427621958}}",-0.0988172856469949,0.9117554446061452,2.470927155017853,-0.0988172856469949,-0.4159626818324129,0.9471186471451943,"[0.3511827143530051, 0.029072844982147128]",COMPLETE
25,0.9638169980049135,2026-07-25 21:30:24.640147,2026-07-25 21:44:09.551252,0 days 00:13:44.911105,0.2008158933017014,0.7293682450975568,2.465974255402883,3.0797036099433894,"{""Prosody"": {""alignment"": 0.98327996134758, ""uniformity"": -0.1005528778458635, ""effective_rank"": 2.506887169679006, ""weight_entropy_ratio"": 0.9493220093484794}, ""Vocal_Tract"": {""alignment"": 0.978255053361257, ""uniformity"": -0.08589881596465905, ""effective_rank"": 2.493544900417328, ""weight_entropy_ratio"": 0.9420303746847655}, ""Timbre"": {""alignment"": 0.9552751183509827, ""uniformity"": -0.4684433509906133, ""effective_rank"": 3.7972173849741617, ""weight_entropy_ratio"": 0.9778062200167235}, ""Voice_Quality"": {""alignment"": 0.974491435289383, ""uniformity"": -0.08750481562068065, ""effective_rank"": 2.465974255402883, ""weight_entropy_ratio"": 0.9052013554264345}, ""Scene"": {""alignment"": 0.9277834216753642, ""uniformity"": -0.6776996344327927, ""effective_rank"": 4.134894339243571, ""weight_entropy_ratio"": 0.9560583188480397}}",-0.08589881596465905,0.9277834216753642,2.465974255402883,-0.08589881596465905,-0.2840198989709218,0.9460836556648883,"[0.364101184035341, 0.03402574459711705]",COMPLETE
