number,value,datetime_start,datetime_complete,duration,params_alpha_mult_Prosody,params_alpha_mult_Scene,params_alpha_mult_Timbre,params_alpha_mult_Vocal_Tract,params_alpha_mult_Voice_Quality,params_tau,user_attrs_effective_rank,user_attrs_effective_rank_avg,user_attrs_group_breakdown,user_attrs_max_group_uniformity,user_attrs_min_group_alignment,user_attrs_min_group_rank,user_attrs_uniformity,user_attrs_uniformity_avg,user_attrs_weight_entropy_ratio,system_attrs_constraints,state
16,0.9798084688186646,2026-07-28 03:36:01.678480,2026-07-28 03:54:18.000216,0 days 00:18:16.321736,1.1523768937445784,1.3465963103549892,1.6053752939883494,1.7868960002112235,1.5148697233266715,0.22501027646664856,1.7002133417129517,2.504560103416443,"{""Prosody"": {""alignment"": 0.9953786063194275, ""uniformity"": -0.018728429488837718, ""effective_rank"": 1.702482852935791, ""weight_entropy_ratio"": 0.6673138383905581}, ""Vocal_Tract"": {""alignment"": 0.9952953934669495, ""uniformity"": -0.018548949267715217, ""effective_rank"": 1.7051085662841796, ""weight_entropy_ratio"": 0.8275441923423824}, ""Timbre"": {""alignment"": 0.9562054705619812, ""uniformity"": -0.3902157783508301, ""effective_rank"": 3.700120086669922, ""weight_entropy_ratio"": 0.8645139647181801}, ""Voice_Quality"": {""alignment"": 0.9951258897781372, ""uniformity"": -0.01859513023868203, ""effective_rank"": 1.7002133417129517, ""weight_entropy_ratio"": 0.7154804212852061}, ""Scene"": {""alignment"": 0.9570369839668273, ""uniformity"": -0.46039835274219515, ""effective_rank"": 3.7148756694793703, ""weight_entropy_ratio"": 0.7623483735615794}}",-0.018548949267715217,0.9562054705619812,1.7002133417129517,-0.018548949267715217,-0.181297328017652,0.7674401580595813,"[0.33127157051116224, 0.7997866582870483]",COMPLETE
17,0.8809680728912354,2026-07-28 03:54:23.802213,2026-07-28 04:12:35.905508,0 days 00:18:12.103295,1.0004582740591026,0.8064997439537548,0.5325964433632923,0.9171052322057622,1.2664780523994872,0.9603329917352466,2.2968134450912476,3.3757216339111324,"{""Prosody"": {""alignment"": 0.9671989417076111, ""uniformity"": -0.11272307142615318, ""effective_rank"": 2.2968134450912476, ""weight_entropy_ratio"": 0.6098468992300109}, ""Vocal_Tract"": {""alignment"": 0.9653090190887451, ""uniformity"": -0.11397991001605988, ""effective_rank"": 2.302345814704895, ""weight_entropy_ratio"": 0.5988667197330009}, ""Timbre"": {""alignment"": 0.735776023864746, ""uniformity"": -1.3907463073730468, ""effective_rank"": 5.138991641998291, ""weight_entropy_ratio"": 0.3028554512053694}, ""Voice_Quality"": {""alignment"": 0.9643276739120483, ""uniformity"": -0.1238531492650509, ""effective_rank"": 2.349163780212402, ""weight_entropy_ratio"": 0.6795900175275723}, ""Scene"": {""alignment"": 0.7722287058830262, ""uniformity"": -1.2605840587615966, ""effective_rank"": 4.7912934875488284, ""weight_entropy_ratio"": 0.5427171272749947}}",-0.11272307142615318,0.735776023864746,2.2968134450912476,-0.11272307142615318,-0.6003772993683815,0.5467752429941897,"[0.2372769285738468, 0.20318655490875237]",COMPLETE
18,0.8310171384811401,2026-07-28 04:12:40.105455,2026-07-28 04:30:56.019995,0 days 00:18:15.914540,1.3147910767977393,1.0552108810565566,0.9106262521965558,1.12126317976008,1.5743652391676493,0.6937639536505998,2.373579349517822,4.7695279235839845,"{""Prosody"": {""alignment"": 0.750415780544281, ""uniformity"": -1.3565129327774048, ""effective_rank"": 5.765688915252685, ""weight_entropy_ratio"": 0.7062051916674252}, ""Vocal_Tract"": {""alignment"": 0.8936319327354432, ""uniformity"": -0.39130932807922364, ""effective_rank"": 3.2765633773803713, ""weight_entropy_ratio"": 0.667002720030991}, ""Timbre"": {""alignment"": 0.7463566279411316, ""uniformity"": -1.55333505153656, ""effective_rank"": 6.428884735107422, ""weight_entropy_ratio"": 0.5987778511336448}, ""Voice_Quality"": {""alignment"": 0.9758594608306885, ""uniformity"": -0.0911190876364708, ""effective_rank"": 2.373579349517822, ""weight_entropy_ratio"": 0.7233319532914101}, ""Scene"": {""alignment"": 0.7888218903541565, ""uniformity"": -1.3361801147460937, ""effective_rank"": 6.002923240661621, ""weight_entropy_ratio"": 0.6652562154267261}}",-0.0911190876364708,0.7463566279411316,2.373579349517822,-0.0911190876364708,-0.9456913029551507,0.6721147863100395,"[0.20888091236352918, 0.12642065048217788]",COMPLETE
19,0.8892721598148345,2026-07-28 04:31:00.330236,2026-07-28 04:49:12.341612,0 days 00:18:12.011376,0.527187636428425,0.6036803699167448,1.125194969718133,0.7257873510046451,1.016490452377394,0.849346539824186,2.2292368030548095,3.452694694519043,"{""Prosody"": {""alignment"": 0.9740262413024903, ""uniformity"": -0.09756833523511886, ""effective_rank"": 2.3665799140930175, ""weight_entropy_ratio"": 0.3509053583851793}, ""Vocal_Tract"": {""alignment"": 0.976724979877472, ""uniformity"": -0.08061577290296555, ""effective_rank"": 2.2292368030548095, ""weight_entropy_ratio"": 0.4752340814608098}, ""Timbre"": {""alignment"": 0.7822465443611145, ""uniformity"": -1.4122242093086244, ""effective_rank"": 5.397461967468262, ""weight_entropy_ratio"": 0.7081210502483019}, ""Voice_Quality"": {""alignment"": 0.9767668008804321, ""uniformity"": -0.08166216745972633, ""effective_rank"": 2.2388449001312254, ""weight_entropy_ratio"": 0.6236950775254135}, ""Scene"": {""alignment"": 0.7365962326526642, ""uniformity"": -1.3086600637435912, ""effective_rank"": 5.031349887847901, ""weight_entropy_ratio"": 0.4026255884376714}}",-0.08061577290296555,0.7365962326526642,2.2292368030548095,-0.08061577290296555,-0.5961461097300053,0.5121162312114752,"[0.2524316647648811, 0.27076319694519047]",COMPLETE
20,0.9548694548606872,2026-07-28 04:49:18.731096,2026-07-28 05:07:38.942049,0 days 00:18:20.210953,1.0053999532223024,1.3608082682794265,1.2795330977455115,0.5171329786952005,1.2916457645194859,0.501766485319147,2.042874746322632,2.6800968914031977,"{""Prosody"": {""alignment"": 0.9854866600036621, ""uniformity"": -0.05913051575422287, ""effective_rank"": 2.0436507797241212, ""weight_entropy_ratio"": 0.6188535711078393}, ""Vocal_Tract"": {""alignment"": 0.9844987607002258, ""uniformity"": -0.06194038659334183, ""effective_rank"": 2.072695560455322, ""weight_entropy_ratio"": 0.3096319500681009}, ""Timbre"": {""alignment"": 0.9084106016159058, ""uniformity"": -0.619606829881668, ""effective_rank"": 3.6253799057006835, ""weight_entropy_ratio"": 0.7785133825749969}, ""Voice_Quality"": {""alignment"": 0.985177583694458, ""uniformity"": -0.05935623332858086, ""effective_rank"": 2.042874746322632, ""weight_entropy_ratio"": 0.6802026671736566}, ""Scene"": {""alignment"": 0.9107736682891846, ""uniformity"": -0.6186014986038209, ""effective_rank"": 3.6158834648132325, ""weight_entropy_ratio"": 0.7644926461719657}}",-0.05913051575422287,0.9084106016159058,2.042874746322632,-0.05913051575422287,-0.2837270928323269,0.6303388434193119,"[0.2908694842457771, 0.457125253677368]",COMPLETE
21,0.9413852405548095,2026-07-28 05:07:44.784488,2026-07-28 05:25:53.107319,0 days 00:18:08.322831,0.9023170017245262,0.9505716495949075,0.6776804680056701,1.2613802221089137,0.8718961314478226,0.24170322366542918,2.356384348869324,3.531484169960022,"{""Prosody"": {""alignment"": 0.9749712038040161, ""uniformity"": -0.14415510412305593, ""effective_rank"": 2.4653279638290404, ""weight_entropy_ratio"": 0.5673929757968172}, ""Vocal_Tract"": {""alignment"": 0.9699154877662659, ""uniformity"": -0.121991050504148, ""effective_rank"": 2.369308142662048, ""weight_entropy_ratio"": 0.725217298969441}, ""Timbre"": {""alignment"": 0.8921467065811157, ""uniformity"": -0.7848727869987487, ""effective_rank"": 5.383700771331787, ""weight_entropy_ratio"": 0.42828304045072946}, ""Voice_Quality"": {""alignment"": 0.9655219602584839, ""uniformity"": -0.12073728431016206, ""effective_rank"": 2.356384348869324, ""weight_entropy_ratio"": 0.5782647557665407}, ""Scene"": {""alignment"": 0.9043708443641663, ""uniformity"": -0.7283035778999328, ""effective_rank"": 5.08269962310791, ""weight_entropy_ratio"": 0.6203735261553847}}",-0.12073728431016206,0.8921467065811157,2.356384348869324,-0.12073728431016206,-0.3800119607672095,0.5839063194277826,"[0.20584489587694405, 0.1436156511306761]",COMPLETE
22,0.8303676967620849,2026-07-28 05:25:57.387537,2026-07-28 05:44:06.438893,0 days 00:18:09.051356,0.8713273385760252,1.0328477540239294,0.6207927949207291,1.579950204630295,0.7624585275230862,0.5245435858299926,4.07216721534729,5.1799156188964846,"{""Prosody"": {""alignment"": 0.8625127530097961, ""uniformity"": -0.713370736837387, ""effective_rank"": 4.833543672561645, ""weight_entropy_ratio"": 0.5594668418608284}, ""Vocal_Tract"": {""alignment"": 0.876674792766571, ""uniformity"": -0.43122540295124057, ""effective_rank"": 4.229939880371094, ""weight_entropy_ratio"": 0.7949605254524604}, ""Timbre"": {""alignment"": 0.7161548209190368, ""uniformity"": -1.59467631816864, ""effective_rank"": 6.919686164855957, ""weight_entropy_ratio"": 0.38518065568297283}, ""Voice_Quality"": {""alignment"": 0.89477867603302, ""uniformity"": -0.34954741299152375, ""effective_rank"": 4.07216721534729, ""weight_entropy_ratio"": 0.5601014830785624}, ""Scene"": {""alignment"": 0.8017174410820007, ""uniformity"": -1.2349075341224671, ""effective_rank"": 5.844241161346435, ""weight_entropy_ratio"": 0.6590297533006979}}",-0.34954741299152375,0.7161548209190368,4.07216721534729,-0.34954741299152375,-0.8647454810142517,0.5917478518751045,"[-0.049547412991523765, -1.5721672153472896]",COMPLETE
23,0.8888981294631958,2026-07-28 05:44:10.835229,2026-07-28 06:02:23.813587,0 days 00:18:12.978358,1.2345872042413621,0.813468196167555,0.5805140473982695,1.6343034371301215,0.7793681063031881,0.5609343538851592,2.4754451227188112,3.607961130142212,"{""Prosody"": {""alignment"": 0.9676293778419495, ""uniformity"": -0.11681401759386062, ""effective_rank"": 2.565081024169922, ""weight_entropy_ratio"": 0.689353752827257}, ""Vocal_Tract"": {""alignment"": 0.9691591691970826, ""uniformity"": -0.10527334541082382, ""effective_rank"": 2.4754451227188112, ""weight_entropy_ratio"": 0.8109810539373767}, ""Timbre"": {""alignment"": 0.7362351417541504, ""uniformity"": -1.4405974292755126, ""effective_rank"": 5.545926856994629, ""weight_entropy_ratio"": 0.3335524603808526}, ""Voice_Quality"": {""alignment"": 0.9711926078796387, ""uniformity"": -0.105482789427042, ""effective_rank"": 2.4766779375076293, ""weight_entropy_ratio"": 0.563391059891151}, ""Scene"": {""alignment"": 0.800274350643158, ""uniformity"": -1.2266633582115174, ""effective_rank"": 4.9766747093200685, ""weight_entropy_ratio"": 0.5322945609494886}}",-0.10527334541082382,0.7362351417541504,2.4754451227188112,-0.10527334541082382,-0.5989661879837513,0.5859145775972252,"[0.23318598240613936, 0.02455487728118877]",COMPLETE
24,0.8756481685638426,2026-07-28 06:02:29.841032,2026-07-28 06:20:49.477072,0 days 00:18:19.636040,1.5347036904119473,1.281755820405296,0.819928182450212,1.4838806209510582,1.0101043011400577,0.6600336344683995,2.864777069091797,3.6008169193267814,"{""Prosody"": {""alignment"": 0.9370115733146668, ""uniformity"": -0.29471337735652925, ""effective_rank"": 3.051705141067505, ""weight_entropy_ratio"": 0.7694628081175083}, ""Vocal_Tract"": {""alignment"": 0.9327985239028931, ""uniformity"": -0.23967620432376863, ""effective_rank"": 2.8923869705200196, ""weight_entropy_ratio"": 0.7757323510740782}, ""Timbre"": {""alignment"": 0.7646347570419312, ""uniformity"": -1.372840132713318, ""effective_rank"": 4.706681022644043, ""weight_entropy_ratio"": 0.5275366036292731}, ""Voice_Quality"": {""alignment"": 0.9307830667495728, ""uniformity"": -0.22970410019159318, ""effective_rank"": 2.864777069091797, ""weight_entropy_ratio"": 0.6188716196648107}, ""Scene"": {""alignment"": 0.8130129218101502, ""uniformity"": -1.1981944823265076, ""effective_rank"": 4.488534393310547, ""weight_entropy_ratio"": 0.7280350007370491}}",-0.22970410019159318,0.7646347570419312,2.864777069091797,-0.22970410019159318,-0.6670256593823433,0.683927676644544,"[0.07029589980840681, -0.36477706909179686]",COMPLETE
25,0.9113406643867493,2026-07-28 06:20:54.029679,2026-07-28 06:38:56.293400,0 days 00:18:02.263721,1.5394466820514736,1.3685690201071292,1.0035757217215537,1.4603319796544578,1.0106599508878191,0.6590220132119445,2.458248424530029,3.701762077331543,"{""Prosody"": {""alignment"": 0.9841114211082459, ""uniformity"": -0.05933380477130413, ""effective_rank"": 2.458248424530029, ""weight_entropy_ratio"": 0.7675055029970543}, ""Vocal_Tract"": {""alignment"": 0.9842139530181885, ""uniformity"": -0.0608690669387579, ""effective_rank"": 2.471808223724365, ""weight_entropy_ratio"": 0.7669328060104971}, ""Timbre"": {""alignment"": 0.7722256898880004, ""uniformity"": -1.4819049453735351, ""effective_rank"": 5.847859897613525, ""weight_entropy_ratio"": 0.6487397371796553}, ""Voice_Quality"": {""alignment"": 0.9821924161911011, ""uniformity"": -0.062273255437612536, ""effective_rank"": 2.483403034210205, ""weight_entropy_ratio"": 0.6246665737326723}, ""Scene"": {""alignment"": 0.8339598417282105, ""uniformity"": -1.1573840713500976, ""effective_rank"": 5.24749080657959, ""weight_entropy_ratio"": 0.7622752977373005}}",-0.05933380477130413,0.7722256898880004,2.458248424530029,-0.05933380477130413,-0.5643530287742614,0.7140239835314359,"[0.29066619522869586, 0.04175157546997088]",COMPLETE
26,0.9326106171607971,2026-07-28 06:39:00.471049,2026-07-28 06:57:15.613681,0 days 00:18:15.142632,1.4873898674247947,1.276158077551272,0.8236282189078106,1.1630843634274601,1.1841829976506208,0.5279842813606764,1.7721786737442016,2.6673265819549563,"{""Prosody"": {""alignment"": 0.9909183096885681, ""uniformity"": -0.04117033544927835, ""effective_rank"": 1.7889776468276977, ""weight_entropy_ratio"": 0.7507482614655125}, ""Vocal_Tract"": {""alignment"": 0.9893474864959717, ""uniformity"": -0.039496123846620323, ""effective_rank"": 1.7793422985076903, ""weight_entropy_ratio"": 0.6804223481046903}, ""Timbre"": {""alignment"": 0.8306514048576354, ""uniformity"": -0.906333577632904, ""effective_rank"": 4.031876897811889, ""weight_entropy_ratio"": 0.5370030475916745}, ""Voice_Quality"": {""alignment"": 0.9895519971847534, ""uniformity"": -0.03696133270859718, ""effective_rank"": 1.7721786737442016, ""weight_entropy_ratio"": 0.6595582392639483}, ""Scene"": {""alignment"": 0.8625838875770568, ""uniformity"": -0.8655254650115967, ""effective_rank"": 3.964257392883301, ""weight_entropy_ratio"": 0.7388004988522846}}",-0.03696133270859718,0.8306514048576354,1.7721786737442016,-0.03696133270859718,-0.3778973669297993,0.673306479055622,"[0.30882966455072164, 0.7278213262557984]",COMPLETE
27,0.9440642371177672,2026-07-28 06:57:21.416603,2026-07-28 07:15:23.063215,0 days 00:18:01.646612,1.4103741832247327,1.489557817281776,0.8392893686833612,1.3621705856425117,0.7271319534997448,0.3844200154618026,2.087651433944702,3.0101006469726563,"{""Prosody"": {""alignment"": 0.9753997874259949, ""uniformity"": -0.10209210302680731, ""effective_rank"": 2.222703008651733, ""weight_entropy_ratio"": 0.7377606961881803}, ""Vocal_Tract"": {""alignment"": 0.9820164108276367, ""uniformity"": -0.0731542382016778, ""effective_rank"": 2.087651433944702, ""weight_entropy_ratio"": 0.735040780263865}, ""Timbre"": {""alignment"": 0.8775892090797425, ""uniformity"": -0.8114408409595489, ""effective_rank"": 4.398487215042114, ""weight_entropy_ratio"": 0.5486364071506791}, ""Voice_Quality"": {""alignment"": 0.9760564470291138, ""uniformity"": -0.07981146834790706, ""effective_rank"": 2.1402765941619872, ""weight_entropy_ratio"": 0.54006934573129}, ""Scene"": {""alignment"": 0.9092593312263488, ""uniformity"": -0.7522462344169617, ""effective_rank"": 4.201384983062744, ""weight_entropy_ratio"": 0.7982446814830483}}",-0.0731542382016778,0.8775892090797425,2.087651433944702,-0.0731542382016778,-0.3637489769905806,0.6719503821634126,"[0.24790789697319265, 0.4123485660552979]",COMPLETE
28,0.9487932944297792,2026-07-28 07:15:29.238403,2026-07-28 07:33:40.206289,0 days 00:18:10.967886,1.2545885882616081,1.0717655813242781,0.631418882414139,1.69915896016952,1.3390395360247906,0.2290888539193794,1.99372371673584,3.4281478652954096,"{""Prosody"": {""alignment"": 0.9939460897445679, ""uniformity"": -0.027478817962110044, ""effective_rank"": 2.030935549736023, ""weight_entropy_ratio"": 0.6938459698330695}, ""Vocal_Tract"": {""alignment"": 0.994148964881897, ""uniformity"": -0.024987629391252996, ""effective_rank"": 1.9963264322280885, ""weight_entropy_ratio"": 0.8159248692711232}, ""Timbre"": {""alignment"": 0.848459849357605, ""uniformity"": -1.2071075868606567, ""effective_rank"": 6.046737842559814, ""weight_entropy_ratio"": 0.38304883821118785}, ""Voice_Quality"": {""alignment"": 0.9939100861549377, ""uniformity"": -0.024508912824094297, ""effective_rank"": 1.99372371673584, ""weight_entropy_ratio"": 0.6864200279102874}, ""Scene"": {""alignment"": 0.9135014820098877, ""uniformity"": -0.8356488800048828, ""effective_rank"": 5.073015785217285, ""weight_entropy_ratio"": 0.6622497530527618}}",-0.024508912824094297,0.848459849357605,1.99372371673584,-0.024508912824094297,-0.42394636540859937,0.6482978916556859,"[0.32252118203788993, 0.5062762832641601]",COMPLETE
29,0.9387969980239868,2026-07-28 07:33:44.725935,2026-07-28 07:51:56.953106,0 days 00:18:12.227171,1.7967107770252655,1.5046069872173362,1.218676333290624,1.4866341043419393,0.7811164391824742,0.5876604328097895,1.4517747402191161,2.469735936164856,"{""Prosody"": {""alignment"": 0.997164568901062, ""uniformity"": -0.011594955776818096, ""effective_rank"": 1.4934069538116455, ""weight_entropy_ratio"": 0.8045983075588132}, ""Vocal_Tract"": {""alignment"": 0.9971388387680054, ""uniformity"": -0.010629106434062124, ""effective_rank"": 1.4763459253311157, ""weight_entropy_ratio"": 0.7778198631480078}, ""Timbre"": {""alignment"": 0.8384828281402588, ""uniformity"": -0.9724323630332947, ""effective_rank"": 4.008578042984009, ""weight_entropy_ratio"": 0.7490135789998276}, ""Voice_Quality"": {""alignment"": 0.9972303056716919, ""uniformity"": -0.009370819898322225, ""effective_rank"": 1.4517747402191161, ""weight_entropy_ratio"": 0.562994910063266}, ""Scene"": {""alignment"": 0.863968448638916, ""uniformity"": -0.935071496963501, ""effective_rank"": 3.9185740184783935, ""weight_entropy_ratio"": 0.7996472921375514}}",-0.009370819898322225,0.8384828281402588,1.4517747402191161,-0.009370819898322225,-0.3878197484211996,0.7388147903814931,"[0.3384050442231819, 1.0482252597808839]",COMPLETE
30,0.9341196813583375,2026-07-28 07:52:01.227200,2026-07-28 08:10:07.951157,0 days 00:18:06.723957,1.6160836637856006,0.6711919622304914,0.9933145087612122,1.5037892920879528,0.6086458511404285,0.4070322937854709,1.6187253379821778,2.7946489000320436,"{""Prosody"": {""alignment"": 0.9940986084938049, ""uniformity"": -0.023692569211125374, ""effective_rank"": 1.62165301322937, ""weight_entropy_ratio"": 0.7846893842411443}, ""Vocal_Tract"": {""alignment"": 0.9941357827186584, ""uniformity"": -0.023363089486956597, ""effective_rank"": 1.6187253379821778, ""weight_entropy_ratio"": 0.7828179921854013}, ""Timbre"": {""alignment"": 0.8509570193290711, ""uniformity"": -0.9525718879699707, ""effective_rank"": 4.570937614440918, ""weight_entropy_ratio"": 0.6535773028843695}, ""Voice_Quality"": {""alignment"": 0.9938916230201721, ""uniformity"": -0.02425713211297989, ""effective_rank"": 1.6284608793258668, ""weight_entropy_ratio"": 0.5002016106379087}, ""Scene"": {""alignment"": 0.8375153732299805, ""uniformity"": -0.9620580792427063, ""effective_rank"": 4.533467655181885, ""weight_entropy_ratio"": 0.45640131112119664}}",-0.023363089486956597,0.8375153732299805,1.6187253379821778,-0.023363089486956597,-0.3971885516047478,0.6355375202140041,"[0.3263074307888746, 0.8812746620178222]",COMPLETE
31,0.8863603620529175,2026-07-28 08:10:12.238683,2026-07-28 08:28:23.936805,0 days 00:18:11.698122,1.0820948008327642,1.055264808009568,0.6017107718572912,1.577387002587462,1.037086098467377,0.8099539777508323,2.178324828147888,3.3555008420944215,"{""Prosody"": {""alignment"": 0.9701628470420838, ""uniformity"": -0.10363964796066284, ""effective_rank"": 2.2404252338409423, ""weight_entropy_ratio"": 0.6349903091893959}, ""Vocal_Tract"": {""alignment"": 0.9709854102134705, ""uniformity"": -0.09713261008262634, ""effective_rank"": 2.208958024978638, ""weight_entropy_ratio"": 0.7924387960802731}, ""Timbre"": {""alignment"": 0.7315247797966004, ""uniformity"": -1.525474591255188, ""effective_rank"": 5.373406963348389, ""weight_entropy_ratio"": 0.36113010069493306}, ""Voice_Quality"": {""alignment"": 0.9741044664382934, ""uniformity"": -0.0903282380104065, ""effective_rank"": 2.178324828147888, ""weight_entropy_ratio"": 0.6282736357341335}, ""Scene"": {""alignment"": 0.7850243067741394, ""uniformity"": -1.2892141628265381, ""effective_rank"": 4.77638916015625, ""weight_entropy_ratio"": 0.6485589592790224}}",-0.0903282380104065,0.7315247797966004,2.178324828147888,-0.0903282380104065,-0.6211578500270843,0.6130783601955516,"[0.24636035203933715, 0.32167517185211203]",COMPLETE
