number,value,datetime_start,datetime_complete,duration,params_alpha_mult_Prosody,params_alpha_mult_Scene,params_alpha_mult_Timbre,params_alpha_mult_Vocal_Tract,params_alpha_mult_Voice_Quality,params_tau,user_attrs_effective_rank,user_attrs_effective_rank_avg,user_attrs_group_breakdown,user_attrs_max_group_uniformity,user_attrs_min_group_alignment,user_attrs_min_group_rank,user_attrs_uniformity,user_attrs_uniformity_avg,user_attrs_weight_entropy_ratio,system_attrs_constraints,state
32,0.9068044843673707,2026-07-28 08:28:30.020083,2026-07-28 08:46:44.064072,0 days 00:18:14.043989,0.8893798865650083,1.2771817701479016,0.7841831944691197,1.691252117256363,0.9669784975067992,0.6891368516589966,1.6959259223937988,3.041533612251282,"{""Prosody"": {""alignment"": 0.9939990091323853, ""uniformity"": -0.025756901912391186, ""effective_rank"": 1.7179838991165162, ""weight_entropy_ratio"": 0.564272633266291}, ""Vocal_Tract"": {""alignment"": 0.9942528414726257, ""uniformity"": -0.02412502571940422, ""effective_rank"": 1.6959259223937988, ""weight_entropy_ratio"": 0.8101802766849573}, ""Timbre"": {""alignment"": 0.744558596611023, ""uniformity"": -1.2655174922943115, ""effective_rank"": 5.214237289428711, ""weight_entropy_ratio"": 0.5115183965280715}, ""Voice_Quality"": {""alignment"": 0.9931392502784729, ""uniformity"": -0.028261568136513232, ""effective_rank"": 1.7412100791931153, ""weight_entropy_ratio"": 0.6103186430713505}, ""Scene"": {""alignment"": 0.8080727243423462, ""uniformity"": -1.1314434552192687, ""effective_rank"": 4.838310871124268, ""weight_entropy_ratio"": 0.7382280228402803}}",-0.02412502571940422,0.744558596611023,1.6959259223937988,-0.02412502571940422,-0.49502088865637783,0.6469035944781902,"[0.3242430980876088, 0.8040740776062012]",COMPLETE
33,0.8104014558792114,2026-07-28 08:46:48.545029,2026-07-28 09:04:56.837316,0 days 00:18:08.292287,1.0963055773500565,0.8131466434583837,0.6694660119839329,1.3957870104813246,1.1716848303488894,0.7499819773557466,2.643046274185181,3.784775972366333,"{""Prosody"": {""alignment"": 0.783540472984314, ""uniformity"": -0.9741518926620484, ""effective_rank"": 3.6983114528656005, ""weight_entropy_ratio"": 0.643869872361126}, ""Vocal_Tract"": {""alignment"": 0.893354971408844, ""uniformity"": -0.3545821294188499, ""effective_rank"": 2.872342252731323, ""weight_entropy_ratio"": 0.7522939416339242}, ""Timbre"": {""alignment"": 0.696714460849762, ""uniformity"": -1.3737403869628906, ""effective_rank"": 5.02508617401123, ""weight_entropy_ratio"": 0.4209247616265895}, ""Voice_Quality"": {""alignment"": 0.9411350536346436, ""uniformity"": -0.2008192577958107, ""effective_rank"": 2.643046274185181, ""weight_entropy_ratio"": 0.6601272257194714}, ""Scene"": {""alignment"": 0.7372623205184936, ""uniformity"": -1.271576943397522, ""effective_rank"": 4.68509370803833, ""weight_entropy_ratio"": 0.5446693246607313}}",-0.2008192577958107,0.696714460849762,2.643046274185181,-0.2008192577958107,-0.8349741220474242,0.6043770252003684,"[0.09918074220418929, -0.1430462741851808]",COMPLETE
34,0.8473433971405029,2026-07-28 09:05:01.075314,2026-07-28 09:23:07.050410,0 days 00:18:05.975096,1.5635174653927755,0.7792647503004411,0.704391153218225,1.3748021415196152,1.16409684663281,0.9023466704972389,2.351279740333557,3.2526090908050542,"{""Prosody"": {""alignment"": 0.9219804382324219, ""uniformity"": -0.3507231003046036, ""effective_rank"": 2.677423939704895, ""weight_entropy_ratio"": 0.7733029453304543}, ""Vocal_Tract"": {""alignment"": 0.9231274938583374, ""uniformity"": -0.21920043095946312, ""effective_rank"": 2.4157791328430176, ""weight_entropy_ratio"": 0.737935339743152}, ""Timbre"": {""alignment"": 0.7076788306236267, ""uniformity"": -1.3447139501571654, ""effective_rank"": 4.477787075042724, ""weight_entropy_ratio"": 0.44810183837627265}, ""Voice_Quality"": {""alignment"": 0.9289299392700195, ""uniformity"": -0.19456253215670585, ""effective_rank"": 2.351279740333557, ""weight_entropy_ratio"": 0.6549107093729059}, ""Scene"": {""alignment"": 0.7550002837181091, ""uniformity"": -1.2494553565979003, ""effective_rank"": 4.340775566101074, ""weight_entropy_ratio"": 0.5408482959920652}}",-0.19456253215670585,0.7076788306236267,2.351279740333557,-0.19456253215670585,-0.6717310740351676,0.63101982576297,"[0.10543746784329414, 0.14872025966644298]",COMPLETE
35,0.8781275696754456,2026-07-28 09:23:12.598722,2026-07-28 09:41:26.038495,0 days 00:18:13.439773,1.1224354858632306,0.6466566284886257,0.8633332613622064,1.2417796184539054,1.3894119015588309,0.4732622766017284,3.180495386123657,4.159911699295043,"{""Prosody"": {""alignment"": 0.9462912940979004, ""uniformity"": -0.30515862196683885, ""effective_rank"": 3.4057167625427245, ""weight_entropy_ratio"": 0.6610847268717134}, ""Vocal_Tract"": {""alignment"": 0.9297537302970886, ""uniformity"": -0.24914816454052924, ""effective_rank"": 3.280866107940674, ""weight_entropy_ratio"": 0.7100518729496824}, ""Timbre"": {""alignment"": 0.7895623922348023, ""uniformity"": -1.408134059906006, ""effective_rank"": 5.651744403839111, ""weight_entropy_ratio"": 0.5682170543554756}, ""Voice_Quality"": {""alignment"": 0.9380105662345887, ""uniformity"": -0.2143751500546932, ""effective_rank"": 3.180495386123657, ""weight_entropy_ratio"": 0.6996443766283201}, ""Scene"": {""alignment"": 0.7870198655128479, ""uniformity"": -1.3061084127426148, ""effective_rank"": 5.280735836029053, ""weight_entropy_ratio"": 0.43218646960944296}}",-0.2143751500546932,0.7870198655128479,3.180495386123657,-0.2143751500546932,-0.6965848818421364,0.614236900082927,"[0.08562484994530678, -0.6804953861236571]",COMPLETE
36,0.9090287446975708,2026-07-28 09:41:32.045961,2026-07-28 09:59:44.944914,0 days 00:18:12.898953,0.8342285730593397,0.6119351142985956,0.8530848125351513,1.2469641937998857,1.4101325178531825,0.4410840897757823,1.645453634262085,3.1362700881958006,"{""Prosody"": {""alignment"": 0.995592041015625, ""uniformity"": -0.018837668187916278, ""effective_rank"": 1.645453634262085, ""weight_entropy_ratio"": 0.53656774153338}, ""Vocal_Tract"": {""alignment"": 0.9951408982276917, ""uniformity"": -0.019584384225308896, ""effective_rank"": 1.6549555444717408, ""weight_entropy_ratio"": 0.705894054893312}, ""Timbre"": {""alignment"": 0.7718140292167663, ""uniformity"": -1.2355381631851197, ""effective_rank"": 5.592617988586426, ""weight_entropy_ratio"": 0.5504638620994878}, ""Voice_Quality"": {""alignment"": 0.9945112776756286, ""uniformity"": -0.0192225868627429, ""effective_rank"": 1.6508100748062133, ""weight_entropy_ratio"": 0.7033640619935738}, ""Scene"": {""alignment"": 0.7880854773521423, ""uniformity"": -1.1494548630714416, ""effective_rank"": 5.137513198852539, ""weight_entropy_ratio"": 0.4043276541386217}}",-0.018837668187916278,0.7718140292167663,1.645453634262085,-0.018837668187916278,-0.4885275331065058,0.580123474931675,"[0.3311623318120837, 0.8545463657379151]",COMPLETE
37,0.8888670363426209,2026-07-28 09:59:49.507576,2026-07-28 10:17:55.671648,0 days 00:18:06.164072,1.4258252526587127,1.2530459186546479,1.2998736288758335,1.072394262647056,1.5836728740901693,0.5103219630838742,2.482050828933716,4.020874654769897,"{""Prosody"": {""alignment"": 0.8738421821594238, ""uniformity"": -0.8020154619216919, ""effective_rank"": 4.182599954605102, ""weight_entropy_ratio"": 0.7361163762019016}, ""Vocal_Tract"": {""alignment"": 0.9235463953018188, ""uniformity"": -0.295316601395607, ""effective_rank"": 2.9449750995635986, ""weight_entropy_ratio"": 0.6458090299464235}, ""Timbre"": {""alignment"": 0.8336400866508484, ""uniformity"": -1.1554865980148314, ""effective_rank"": 5.4549495887756345, ""weight_entropy_ratio"": 0.7724588892911232}, ""Voice_Quality"": {""alignment"": 0.965925760269165, ""uniformity"": -0.12308667302131653, ""effective_rank"": 2.482050828933716, ""weight_entropy_ratio"": 0.7223215586573868}, ""Scene"": {""alignment"": 0.8473807573318481, ""uniformity"": -1.0655972790718078, ""effective_rank"": 5.039797801971435, ""weight_entropy_ratio"": 0.7272552252744281}}",-0.12308667302131653,0.8336400866508484,2.482050828933716,-0.12308667302131653,-0.6883005226850508,0.7207922158742527,"[0.17691332697868345, 0.01794917106628402]",COMPLETE
38,0.9415440831184386,2026-07-28 10:17:59.876354,2026-07-28 10:36:07.028102,0 days 00:18:07.151748,0.644772457906327,0.5687851938836473,0.9986584609048728,0.7922998154702507,1.4815325631072556,0.33658475720501696,2.130501194000244,3.0569412479400633,"{""Prosody"": {""alignment"": 0.9872609877586365, ""uniformity"": -0.05026591293513775, ""effective_rank"": 2.130501194000244, ""weight_entropy_ratio"": 0.4271113953912764}, ""Vocal_Tract"": {""alignment"": 0.9857778573036193, ""uniformity"": -0.051787531077861784, ""effective_rank"": 2.147128086090088, ""weight_entropy_ratio"": 0.506317050314744}, ""Timbre"": {""alignment"": 0.872088770866394, ""uniformity"": -0.8939099860191345, ""effective_rank"": 4.5176667213439945, ""weight_entropy_ratio"": 0.6505844097290437}, ""Voice_Quality"": {""alignment"": 0.9865343475341797, ""uniformity"": -0.050524415522813795, ""effective_rank"": 2.1314873695373535, ""weight_entropy_ratio"": 0.7018035604173903}, ""Scene"": {""alignment"": 0.8760584521293641, ""uniformity"": -0.909562418460846, ""effective_rank"": 4.357922868728638, ""weight_entropy_ratio"": 0.3869909229548393}}",-0.05026591293513775,0.872088770866394,2.130501194000244,-0.05026591293513775,-0.3912100528031588,0.5345614677614587,"[0.2997340870648622, 0.36949880599975593]",COMPLETE
39,0.9691203436851502,2026-07-28 10:36:12.630510,2026-07-28 10:54:18.112788,0 days 00:18:05.482278,1.2756864843754054,1.7685111921468013,1.4563912601110782,1.2019644192099057,0.5134529706598253,0.4804179052106332,1.677034945487976,2.413452347755432,"{""Prosody"": {""alignment"": 0.9902326083183288, ""uniformity"": -0.04071402695029974, ""effective_rank"": 1.6824720764160157, ""weight_entropy_ratio"": 0.7046866177108356}, ""Vocal_Tract"": {""alignment"": 0.9890518379211426, ""uniformity"": -0.04265450738370419, ""effective_rank"": 1.677034945487976, ""weight_entropy_ratio"": 0.7000207860628133}, ""Timbre"": {""alignment"": 0.9367363905906677, ""uniformity"": -0.4893450993299484, ""effective_rank"": 3.4863063144683837, ""weight_entropy_ratio"": 0.827522184658005}, ""Voice_Quality"": {""alignment"": 0.988152208328247, ""uniformity"": -0.04412623286247253, ""effective_rank"": 1.7023491477966308, ""weight_entropy_ratio"": 0.456158119418462}, ""Scene"": {""alignment"": 0.9414286732673645, ""uniformity"": -0.4923279356956482, ""effective_rank"": 3.5190992546081543, ""weight_entropy_ratio"": 0.852287525571932}}",-0.04071402695029974,0.9367363905906677,1.677034945487976,-0.04071402695029974,-0.2218335604444146,0.7081350466844095,"[0.30928597304970024, 0.822965054512024]",COMPLETE
40,0.8969810767173767,2026-07-28 10:54:23.997556,2026-07-28 11:12:38.213124,0 days 00:18:14.215568,1.6302979402937805,1.1286546236393664,0.7584118745712747,1.3263607411395895,1.6851996265759106,0.6220228871335951,2.4529955625534057,3.3626706848144527,"{""Prosody"": {""alignment"": 0.9689727449417114, ""uniformity"": -0.11151728004217148, ""effective_rank"": 2.4980398273468016, ""weight_entropy_ratio"": 0.786455841006081}, ""Vocal_Tract"": {""alignment"": 0.971382999420166, ""uniformity"": -0.10442255645990371, ""effective_rank"": 2.453987231254578, ""weight_entropy_ratio"": 0.7338901519560288}, ""Timbre"": {""alignment"": 0.7803496885299682, ""uniformity"": -1.329107174873352, ""effective_rank"": 4.800817642211914, ""weight_entropy_ratio"": 0.4833414640192655}, ""Voice_Quality"": {""alignment"": 0.9726421666145325, ""uniformity"": -0.10441051974892616, ""effective_rank"": 2.4529955625534057, ""weight_entropy_ratio"": 0.7411222462541015}, ""Scene"": {""alignment"": 0.7915577840805054, ""uniformity"": -1.1975068640708924, ""effective_rank"": 4.607513160705566, ""weight_entropy_ratio"": 0.69930042743492}}",-0.10441051974892616,0.7803496885299682,2.4529955625534057,-0.10441051974892616,-0.5693928790390492,0.6888220261340793,"[0.2384827199578285, 0.04700443744659433]",COMPLETE
41,0.8958759841918945,2026-07-28 11:12:42.871623,2026-07-28 11:30:45.618848,0 days 00:18:02.747225,1.1343057972245567,0.650879804310206,0.6442900014653132,1.3870439944065815,1.2051447279211154,0.5489325895112575,2.128597502708435,3.5628331212997444,"{""Prosody"": {""alignment"": 0.9857427382469177, ""uniformity"": -0.05076601631939411, ""effective_rank"": 2.171915774345398, ""weight_entropy_ratio"": 0.6608316672741013}, ""Vocal_Tract"": {""alignment"": 0.9856134653091431, ""uniformity"": -0.04968305066227913, ""effective_rank"": 2.164266667366028, ""weight_entropy_ratio"": 0.7555767441953753}, ""Timbre"": {""alignment"": 0.7307538723945618, ""uniformity"": -1.6224559354782104, ""effective_rank"": 5.938643074035644, ""weight_entropy_ratio"": 0.4090736615693437}, ""Voice_Quality"": {""alignment"": 0.9875744462013245, ""uniformity"": -0.04663985587656498, ""effective_rank"": 2.128597502708435, ""weight_entropy_ratio"": 0.6691295954989732}, ""Scene"": {""alignment"": 0.7896953988075256, ""uniformity"": -1.3407981967926026, ""effective_rank"": 5.410742588043213, ""weight_entropy_ratio"": 0.4544464827571895}}",-0.04663985587656498,0.7307538723945618,2.128597502708435,-0.04663985587656498,-0.6220686110258102,0.5898116302589966,"[0.2992339836806059, 0.37140249729156505]",COMPLETE
42,0.859588610649109,2026-07-28 11:30:49.903845,2026-07-28 11:48:53.964632,0 days 00:18:04.060787,1.0774475020179928,0.7567259600050004,1.1630351439548323,1.3043207364905263,1.3079165038755203,0.7043168242358985,2.5394613456726076,3.9999003715515133,"{""Prosody"": {""alignment"": 0.7967367672920227, ""uniformity"": -1.0610470938682557, ""effective_rank"": 4.418262977600097, ""weight_entropy_ratio"": 0.6400124646057804}, ""Vocal_Tract"": {""alignment"": 0.9614741778373719, ""uniformity"": -0.1354696634411812, ""effective_rank"": 2.8651667785644532, ""weight_entropy_ratio"": 0.7278208879043848}, ""Timbre"": {""alignment"": 0.7855506587028503, ""uniformity"": -1.2695310616493225, ""effective_rank"": 5.2116923332214355, ""weight_entropy_ratio"": 0.7341902100788599}, ""Voice_Quality"": {""alignment"": 0.9798661541938781, ""uniformity"": -0.07912328854203224, ""effective_rank"": 2.5394613456726076, ""weight_entropy_ratio"": 0.6839604982711037}, ""Scene"": {""alignment"": 0.7743152952194214, ""uniformity"": -1.1926635003089905, ""effective_rank"": 4.964918422698974, ""weight_entropy_ratio"": 0.5146517028990343}}",-0.07912328854203224,0.7743152952194214,2.5394613456726076,-0.07912328854203224,-0.7475669215619566,0.6601271527518326,"[0.22087671145796775, -0.03946134567260762]",COMPLETE
43,0.8654064402580262,2026-07-28 11:48:59.472831,2026-07-28 12:07:03.727906,0 days 00:18:04.255075,0.9257966548779987,0.9792368810756065,0.7148034082614114,1.4171561713527594,0.9155040952723208,0.64851832367359,2.553336544036865,3.5734584121704103,"{""Prosody"": {""alignment"": 0.9320572638511657, ""uniformity"": -0.2756947726011276, ""effective_rank"": 2.732216444015503, ""weight_entropy_ratio"": 0.5769793421887113}, ""Vocal_Tract"": {""alignment"": 0.9381474566459655, ""uniformity"": -0.23555549949407578, ""effective_rank"": 2.611678886413574, ""weight_entropy_ratio"": 0.7517200085709617}, ""Timbre"": {""alignment"": 0.7367913746833801, ""uniformity"": -1.4435095834732055, ""effective_rank"": 5.126058979034424, ""weight_entropy_ratio"": 0.4461473552850045}, ""Voice_Quality"": {""alignment"": 0.9354717922210694, ""uniformity"": -0.21850240036845206, ""effective_rank"": 2.553336544036865, ""weight_entropy_ratio"": 0.590458497584415}, ""Scene"": {""alignment"": 0.7845643138885499, ""uniformity"": -1.2810889625549315, ""effective_rank"": 4.844001207351685, ""weight_entropy_ratio"": 0.6230418192015982}}",-0.21850240036845206,0.7367913746833801,2.553336544036865,-0.21850240036845206,-0.6908702436983585,0.5976694045661382,"[0.08149759963154793, -0.05333654403686516]",COMPLETE
44,0.8658885746002197,2026-07-28 12:07:09.923813,2026-07-28 12:25:18.412828,0 days 00:18:08.489015,0.8145494041758052,1.0103655744372133,0.7875670490704573,1.4240481906350377,0.8394541187077946,0.6167228424975528,3.054925355911255,4.276040504455566,"{""Prosody"": {""alignment"": 0.8970205092430115, ""uniformity"": -0.44849763572216034, ""effective_rank"": 3.7630928802490233, ""weight_entropy_ratio"": 0.520993434328944}, ""Vocal_Tract"": {""alignment"": 0.9300245475769043, ""uniformity"": -0.22473864689469336, ""effective_rank"": 3.128994722366333, ""weight_entropy_ratio"": 0.7601296716577778}, ""Timbre"": {""alignment"": 0.7639413547515869, ""uniformity"": -1.5010534858703612, ""effective_rank"": 5.9296950340271, ""weight_entropy_ratio"": 0.5257657860696441}, ""Voice_Quality"": {""alignment"": 0.9397879195213318, ""uniformity"": -0.19595174312591554, ""effective_rank"": 3.054925355911255, ""weight_entropy_ratio"": 0.5844384924435208}, ""Scene"": {""alignment"": 0.7986685419082642, ""uniformity"": -1.2773587465286256, ""effective_rank"": 5.503494529724121, ""weight_entropy_ratio"": 0.6602597183784783}}",-0.19595174312591554,0.7639413547515869,3.054925355911255,-0.19595174312591554,-0.7295200516283512,0.610317420575673,"[0.10404825687408445, -0.554925355911255]",COMPLETE
45,0.8966566638946533,2026-07-28 12:25:22.991498,2026-07-28 12:43:36.070428,0 days 00:18:13.078930,0.9387151448872697,0.5006589232011417,0.7159953481386946,1.5203961738887415,0.9707055645959892,0.4198217421401744,2.2191325044631958,3.785372486114502,"{""Prosody"": {""alignment"": 0.9835929536819458, ""uniformity"": -0.06470570161938667, ""effective_rank"": 2.3907447910308837, ""weight_entropy_ratio"": 0.5782498123624011}, ""Vocal_Tract"": {""alignment"": 0.9865180253982544, ""uniformity"": -0.052526898533105854, ""effective_rank"": 2.245299611091614, ""weight_entropy_ratio"": 0.7696848438086213}, ""Timbre"": {""alignment"": 0.7671931886672974, ""uniformity"": -1.3965055131912232, ""effective_rank"": 6.17022102355957, ""weight_entropy_ratio"": 0.45278472534668746}, ""Voice_Quality"": {""alignment"": 0.9875008487701415, ""uniformity"": -0.05060319274663925, ""effective_rank"": 2.2191325044631958, ""weight_entropy_ratio"": 0.6040854619378233}, ""Scene"": {""alignment"": 0.7584783029556275, ""uniformity"": -1.3247164011001586, ""effective_rank"": 5.901464500427246, ""weight_entropy_ratio"": 0.31887000186826614}}",-0.05060319274663925,0.7584783029556275,2.2191325044631958,-0.05060319274663925,-0.5778115414381026,0.5447349690647598,"[0.2852942983806133, 0.28086749553680423]",COMPLETE
46,0.8763756928443908,2026-07-28 12:43:40.400644,2026-07-28 13:01:49.060620,0 days 00:18:08.659976,0.7649344637424911,0.909004641307452,0.8685117438745963,0.9549111899994445,0.9264658173741144,0.6562237638526962,2.5884511470794678,3.7472860298156743,"{""Prosody"": {""alignment"": 0.9521822142601013, ""uniformity"": -0.18072674363851549, ""effective_rank"": 2.761027431488037, ""weight_entropy_ratio"": 0.5074321281904739}, ""Vocal_Tract"": {""alignment"": 0.9539077949523925, ""uniformity"": -0.15516755253076553, ""effective_rank"": 2.6504221630096434, ""weight_entropy_ratio"": 0.5987549664565105}, ""Timbre"": {""alignment"": 0.7618292260169983, ""uniformity"": -1.427981367111206, ""effective_rank"": 5.524390048980713, ""weight_entropy_ratio"": 0.5650247754007087}, ""Voice_Quality"": {""alignment"": 0.9620206737518311, ""uniformity"": -0.1408796130120754, ""effective_rank"": 2.5884511470794678, ""weight_entropy_ratio"": 0.6032575163244893}, ""Scene"": {""alignment"": 0.7519385552406311, ""uniformity"": -1.300908284187317, ""effective_rank"": 5.212139358520508, ""weight_entropy_ratio"": 0.6049275223007236}}",-0.1408796130120754,0.7519385552406311,2.5884511470794678,-0.1408796130120754,-0.6411327120959759,0.5758793817345812,"[0.1692732563614845, -0.08845114707946777]",COMPLETE
47,0.9334219946861266,2026-07-28 13:01:54.600536,2026-07-28 13:20:01.194076,0 days 00:18:06.593540,0.7044303955292126,1.2203964564935592,1.0656474918051424,1.224517154581356,0.6810223234081014,0.3658989346266809,2.284987621307373,3.310720454216004,"{""Prosody"": {""alignment"": 0.9719038033485412, ""uniformity"": -0.10681262157857419, ""effective_rank"": 2.284987621307373, ""weight_entropy_ratio"": 0.46604839372422596}, ""Vocal_Tract"": {""alignment"": 0.9755546140670777, ""uniformity"": -0.10809362791478634, ""effective_rank"": 2.3069693183898927, ""weight_entropy_ratio"": 0.7054172746736209}, ""Timbre"": {""alignment"": 0.8614229702949524, ""uniformity"": -0.9693562483787537, ""effective_rank"": 5.05271806716919, ""weight_entropy_ratio"": 0.6911578512261884}, ""Voice_Quality"": {""alignment"": 0.9691685628890991, ""uniformity"": -0.10282470189034938, ""effective_rank"": 2.2870948934555053, ""weight_entropy_ratio"": 0.5354609145252005}, ""Scene"": {""alignment"": 0.8890600228309631, ""uniformity"": -0.8570918822288514, ""effective_rank"": 4.621832370758057, ""weight_entropy_ratio"": 0.7177328632410527}}",-0.10282470189034938,0.8614229702949524,2.284987621307373,-0.10282470189034938,-0.428835816398263,0.6231634594780577,"[0.2431873784214258, 0.2150123786926268]",COMPLETE
